#
# There is insufficient memory for the Java Runtime Environment to continue.
# Native memory allocation (mmap) failed to map 364544 bytes for card table expansion
# Possible reasons:
#   The system is out of physical RAM or swap space
#   In 32 bit mode, the process size limit was hit
# Possible solutions:
#   Reduce memory load on the system
#   Increase physical memory or swap space
#   Check if swap backing store is full
#   Use 64 bit Java on a 64 bit OS
#   Decrease Java heap size (-Xmx/-Xms)
#   Decrease number of Java threads
#   Decrease Java thread stack sizes (-Xss)
#   Set larger code cache with -XX:ReservedCodeCacheSize=
# This output file may be truncated or incomplete.
#
#  Out of Memory Error (os_windows.cpp:3324), pid=15972, tid=16396
#
# JRE version: Java(TM) SE Runtime Environment (8.0_45-b14) (build 1.8.0_45-b14)
# Java VM: Java HotSpot(TM) 64-Bit Server VM (25.45-b02 mixed mode windows-amd64 compressed oops)
# Failed to write core dump. Minidumps are not enabled by default on client versions of Windows
#

---------------  T H R E A D  ---------------

Current thread (0x0000000054e3a000):  VMThread [stack: 0x0000000056080000,0x0000000056180000] [id=16396]

Stack: [0x0000000056080000,0x0000000056180000]
Native frames: (J=compiled Java code, j=interpreted, Vv=VM code, C=native code)
V  [jvm.dll+0x32b57a]

VM_Operation (0x000000005748ddd0): ParallelGCFailedAllocation, mode: safepoint, requested by thread 0x00000000566c5800


---------------  P R O C E S S  ---------------

Java Threads: ( => current thread )
  0x0000000056754000 JavaThread "pool-1-thread-4" [_thread_blocked, id=18356, stack(0x0000000057840000,0x0000000057940000)]
  0x00000000566cb000 JavaThread "pool-1-thread-3" [_thread_blocked, id=18180, stack(0x00000000576f0000,0x00000000577f0000)]
  0x00000000566ca800 JavaThread "pool-1-thread-2" [_thread_blocked, id=18376, stack(0x0000000057220000,0x0000000057320000)]
  0x00000000566c9800 JavaThread "pool-2-thread-1" [_thread_blocked, id=16336, stack(0x0000000057550000,0x0000000057650000)]
  0x00000000566c5800 JavaThread "pool-1-thread-1" [_thread_blocked, id=16676, stack(0x0000000057390000,0x0000000057490000)]
  0x0000000054ead000 JavaThread "Service Thread" daemon [_thread_blocked, id=17476, stack(0x00000000570b0000,0x00000000571b0000)]
  0x000000005642b000 JavaThread "C1 CompilerThread2" daemon [_thread_blocked, id=17992, stack(0x0000000056ee0000,0x0000000056fe0000)]
  0x000000005642a000 JavaThread "C2 CompilerThread1" daemon [_thread_blocked, id=17924, stack(0x0000000056c30000,0x0000000056d30000)]
  0x0000000056427000 JavaThread "C2 CompilerThread0" daemon [_thread_blocked, id=15624, stack(0x0000000056d30000,0x0000000056e30000)]
  0x0000000054e9e000 JavaThread "Attach Listener" daemon [_thread_blocked, id=16480, stack(0x0000000056b00000,0x0000000056c00000)]
  0x0000000054e9d000 JavaThread "Signal Dispatcher" daemon [_thread_blocked, id=16772, stack(0x0000000056900000,0x0000000056a00000)]
  0x0000000054e40800 JavaThread "Finalizer" daemon [_thread_blocked, id=17740, stack(0x0000000056310000,0x0000000056410000)]
  0x0000000054e3f800 JavaThread "Reference Handler" daemon [_thread_blocked, id=16088, stack(0x0000000055f20000,0x0000000056020000)]
  0x000000000250d800 JavaThread "main" [_thread_blocked, id=17868, stack(0x0000000002580000,0x0000000002680000)]

Other Threads:
=>0x0000000054e3a000 VMThread [stack: 0x0000000056080000,0x0000000056180000] [id=16396]
  0x000000005642f800 WatcherThread [stack: 0x0000000056190000,0x0000000056290000] [id=18148]

VM state:at safepoint (normal execution)

VM Mutex/Monitor currently owned by a thread:  ([mutex/lock_event])
[0x000000000250bdd0] Threads_lock - owner thread: 0x0000000054e3a000
[0x000000000250c2d0] Heap_lock - owner thread: 0x00000000566c5800

Heap:
 PSYoungGen      total 136192K, used 5112K [0x00000000eab00000, 0x00000000fe800000, 0x0000000100000000)
  eden space 131072K, 0% used [0x00000000eab00000,0x00000000eab00000,0x00000000f2b00000)
  from space 5120K, 99% used [0x00000000f3000000,0x00000000f34fe0e8,0x00000000f3500000)
  to   space 5120K, 0% used [0x00000000f2b00000,0x00000000f2b00000,0x00000000f3000000)
 ParOldGen       total 86016K, used 77160K [0x00000000c0000000, 0x00000000c5400000, 0x00000000eab00000)
  object space 86016K, 89% used [0x00000000c0000000,0x00000000c4b5a1c0,0x00000000c5400000)
 Metaspace       used 6015K, capacity 7088K, committed 7296K, reserved 1056768K
  class space    used 592K, capacity 616K, committed 640K, reserved 1048576K

Card table byte_map: [0x0000000011a40000,0x0000000011c50000] byte_map_base: 0x0000000011440000

Marking Bits: (ParMarkBitMap*) 0x000000006cda4040
 Begin Bits: [0x00000000122b0000, 0x00000000132b0000)
 End Bits:   [0x00000000132b0000, 0x00000000142b0000)

Polling page: 0x0000000000230000

CodeCache: size=245760Kb used=9357Kb max_used=9357Kb free=236402Kb
 bounds [0x0000000002680000, 0x0000000002fb0000, 0x0000000011680000]
 total_blobs=2225 nmethods=1955 adapters=184
 compilation: enabled

Compilation events (10 events):
Event: 5.032 Thread 0x000000005642b000 2058       3       java.util.TreeMap$EntryIterator::next (5 bytes)
Event: 5.032 Thread 0x000000005642b000 nmethod 2058 0x0000000002f73d50 code [0x0000000002f73ec0, 0x0000000002f741a8]
Event: 5.032 Thread 0x000000005642b000 2059       3       java.util.TreeMap$EntryIterator::next (5 bytes)
Event: 5.032 Thread 0x000000005642b000 nmethod 2059 0x0000000002f82e50 code [0x0000000002f82fc0, 0x0000000002f831c8]
Event: 5.032 Thread 0x000000005642b000 2063       3       com.android.dx.rop.code.Rops::opMoveResult (23 bytes)
Event: 5.032 Thread 0x000000005642b000 nmethod 2063 0x0000000002f82850 code [0x0000000002f829e0, 0x0000000002f82d18]
Event: 5.032 Thread 0x000000005642b000 2065       3       com.android.dx.cf.code.Ropper::getFirstTempStackReg (20 bytes)
Event: 5.032 Thread 0x000000005642b000 nmethod 2065 0x0000000002f81e90 code [0x0000000002f82020, 0x0000000002f82608]
Event: 5.032 Thread 0x000000005642b000 2066       3       com.android.dx.cf.code.Ropper::getNormalRegCount (13 bytes)
Event: 5.032 Thread 0x000000005642b000 nmethod 2066 0x0000000002fab750 code [0x0000000002fab8c0, 0x0000000002fabb90]

GC Heap History (10 events):
Event: 0.795 GC heap after
Heap after GC invocations=1 (full 0):
 PSYoungGen      total 37888K, used 5089K [0x00000000eab00000, 0x00000000ef500000, 0x0000000100000000)
  eden space 32768K, 0% used [0x00000000eab00000,0x00000000eab00000,0x00000000ecb00000)
  from space 5120K, 99% used [0x00000000ecb00000,0x00000000ecff8438,0x00000000ed000000)
  to   space 5120K, 0% used [0x00000000ef000000,0x00000000ef000000,0x00000000ef500000)
 ParOldGen       total 86016K, used 4234K [0x00000000c0000000, 0x00000000c5400000, 0x00000000eab00000)
  object space 86016K, 4% used [0x00000000c0000000,0x00000000c0422b58,0x00000000c5400000)
 Metaspace       used 5698K, capacity 6832K, committed 7040K, reserved 1056768K
  class space    used 590K, capacity 616K, committed 640K, reserved 1048576K
}
Event: 1.279 GC heap before
{Heap before GC invocations=2 (full 0):
 PSYoungGen      total 37888K, used 37857K [0x00000000eab00000, 0x00000000ef500000, 0x0000000100000000)
  eden space 32768K, 100% used [0x00000000eab00000,0x00000000ecb00000,0x00000000ecb00000)
  from space 5120K, 99% used [0x00000000ecb00000,0x00000000ecff8438,0x00000000ed000000)
  to   space 5120K, 0% used [0x00000000ef000000,0x00000000ef000000,0x00000000ef500000)
 ParOldGen       total 86016K, used 4234K [0x00000000c0000000, 0x00000000c5400000, 0x00000000eab00000)
  object space 86016K, 4% used [0x00000000c0000000,0x00000000c0422b58,0x00000000c5400000)
 Metaspace       used 5745K, capacity 6832K, committed 7040K, reserved 1056768K
  class space    used 590K, capacity 616K, committed 640K, reserved 1048576K
Event: 1.411 GC heap after
Heap after GC invocations=2 (full 0):
 PSYoungGen      total 70656K, used 5107K [0x00000000eab00000, 0x00000000ef500000, 0x0000000100000000)
  eden space 65536K, 0% used [0x00000000eab00000,0x00000000eab00000,0x00000000eeb00000)
  from space 5120K, 99% used [0x00000000ef000000,0x00000000ef4fcc98,0x00000000ef500000)
  to   space 5120K, 0% used [0x00000000eeb00000,0x00000000eeb00000,0x00000000ef000000)
 ParOldGen       total 86016K, used 12892K [0x00000000c0000000, 0x00000000c5400000, 0x00000000eab00000)
  object space 86016K, 14% used [0x00000000c0000000,0x00000000c0c973d8,0x00000000c5400000)
 Metaspace       used 5745K, capacity 6832K, committed 7040K, reserved 1056768K
  class space    used 590K, capacity 616K, committed 640K, reserved 1048576K
}
Event: 2.544 GC heap before
{Heap before GC invocations=3 (full 0):
 PSYoungGen      total 70656K, used 70643K [0x00000000eab00000, 0x00000000ef500000, 0x0000000100000000)
  eden space 65536K, 100% used [0x00000000eab00000,0x00000000eeb00000,0x00000000eeb00000)
  from space 5120K, 99% used [0x00000000ef000000,0x00000000ef4fcc98,0x00000000ef500000)
  to   space 5120K, 0% used [0x00000000eeb00000,0x00000000eeb00000,0x00000000ef000000)
 ParOldGen       total 86016K, used 12892K [0x00000000c0000000, 0x00000000c5400000, 0x00000000eab00000)
  object space 86016K, 14% used [0x00000000c0000000,0x00000000c0c973d8,0x00000000c5400000)
 Metaspace       used 5876K, capacity 6960K, committed 7040K, reserved 1056768K
  class space    used 592K, capacity 616K, committed 640K, reserved 1048576K
Event: 2.737 GC heap after
Heap after GC invocations=3 (full 0):
 PSYoungGen      total 70656K, used 5107K [0x00000000eab00000, 0x00000000f3500000, 0x0000000100000000)
  eden space 65536K, 0% used [0x00000000eab00000,0x00000000eab00000,0x00000000eeb00000)
  from space 5120K, 99% used [0x00000000eeb00000,0x00000000eeffcc18,0x00000000ef000000)
  to   space 5120K, 0% used [0x00000000f3000000,0x00000000f3000000,0x00000000f3500000)
 ParOldGen       total 86016K, used 23305K [0x00000000c0000000, 0x00000000c5400000, 0x00000000eab00000)
  object space 86016K, 27% used [0x00000000c0000000,0x00000000c16c2448,0x00000000c5400000)
 Metaspace       used 5876K, capacity 6960K, committed 7040K, reserved 1056768K
  class space    used 592K, capacity 616K, committed 640K, reserved 1048576K
}
Event: 3.223 GC heap before
{Heap before GC invocations=4 (full 0):
 PSYoungGen      total 70656K, used 70643K [0x00000000eab00000, 0x00000000f3500000, 0x0000000100000000)
  eden space 65536K, 100% used [0x00000000eab00000,0x00000000eeb00000,0x00000000eeb00000)
  from space 5120K, 99% used [0x00000000eeb00000,0x00000000eeffcc18,0x00000000ef000000)
  to   space 5120K, 0% used [0x00000000f3000000,0x00000000f3000000,0x00000000f3500000)
 ParOldGen       total 86016K, used 23305K [0x00000000c0000000, 0x00000000c5400000, 0x00000000eab00000)
  object space 86016K, 27% used [0x00000000c0000000,0x00000000c16c2448,0x00000000c5400000)
 Metaspace       used 5900K, capacity 6960K, committed 7040K, reserved 1056768K
  class space    used 592K, capacity 616K, committed 640K, reserved 1048576K
Event: 3.280 GC heap after
Heap after GC invocations=4 (full 0):
 PSYoungGen      total 136192K, used 5093K [0x00000000eab00000, 0x00000000f3500000, 0x0000000100000000)
  eden space 131072K, 0% used [0x00000000eab00000,0x00000000eab00000,0x00000000f2b00000)
  from space 5120K, 99% used [0x00000000f3000000,0x00000000f34f9640,0x00000000f3500000)
  to   space 5120K, 0% used [0x00000000f2b00000,0x00000000f2b00000,0x00000000f3000000)
 ParOldGen       total 86016K, used 32398K [0x00000000c0000000, 0x00000000c5400000, 0x00000000eab00000)
  object space 86016K, 37% used [0x00000000c0000000,0x00000000c1fa3b68,0x00000000c5400000)
 Metaspace       used 5900K, capacity 6960K, committed 7040K, reserved 1056768K
  class space    used 592K, capacity 616K, committed 640K, reserved 1048576K
}
Event: 3.885 GC heap before
{Heap before GC invocations=5 (full 0):
 PSYoungGen      total 136192K, used 136165K [0x00000000eab00000, 0x00000000f3500000, 0x0000000100000000)
  eden space 131072K, 100% used [0x00000000eab00000,0x00000000f2b00000,0x00000000f2b00000)
  from space 5120K, 99% used [0x00000000f3000000,0x00000000f34f9640,0x00000000f3500000)
  to   space 5120K, 0% used [0x00000000f2b00000,0x00000000f2b00000,0x00000000f3000000)
 ParOldGen       total 86016K, used 32398K [0x00000000c0000000, 0x00000000c5400000, 0x00000000eab00000)
  object space 86016K, 37% used [0x00000000c0000000,0x00000000c1fa3b68,0x00000000c5400000)
 Metaspace       used 5935K, capacity 7024K, committed 7296K, reserved 1056768K
  class space    used 592K, capacity 616K, committed 640K, reserved 1048576K
Event: 3.971 GC heap after
Heap after GC invocations=5 (full 0):
 PSYoungGen      total 136192K, used 5119K [0x00000000eab00000, 0x00000000f3500000, 0x0000000100000000)
  eden space 131072K, 0% used [0x00000000eab00000,0x00000000eab00000,0x00000000f2b00000)
  from space 5120K, 99% used [0x00000000f2b00000,0x00000000f2fffde0,0x00000000f3000000)
  to   space 5120K, 0% used [0x00000000f3000000,0x00000000f3000000,0x00000000f3500000)
 ParOldGen       total 86016K, used 57307K [0x00000000c0000000, 0x00000000c5400000, 0x00000000eab00000)
  object space 86016K, 66% used [0x00000000c0000000,0x00000000c37f6db8,0x00000000c5400000)
 Metaspace       used 5935K, capacity 7024K, committed 7296K, reserved 1056768K
  class space    used 592K, capacity 616K, committed 640K, reserved 1048576K
}
Event: 5.048 GC heap before
{Heap before GC invocations=6 (full 0):
 PSYoungGen      total 136192K, used 136191K [0x00000000eab00000, 0x00000000f3500000, 0x0000000100000000)
  eden space 131072K, 100% used [0x00000000eab00000,0x00000000f2b00000,0x00000000f2b00000)
  from space 5120K, 99% used [0x00000000f2b00000,0x00000000f2fffde0,0x00000000f3000000)
  to   space 5120K, 0% used [0x00000000f3000000,0x00000000f3000000,0x00000000f3500000)
 ParOldGen       total 86016K, used 57307K [0x00000000c0000000, 0x00000000c5400000, 0x00000000eab00000)
  object space 86016K, 66% used [0x00000000c0000000,0x00000000c37f6db8,0x00000000c5400000)
 Metaspace       used 6015K, capacity 7088K, committed 7296K, reserved 1056768K
  class space    used 592K, capacity 616K, committed 640K, reserved 1048576K

Deoptimization events (10 events):
Event: 4.592 Thread 0x00000000566c5800 Uncommon trap: reason=bimorphic action=maybe_recompile pc=0x0000000002ee4e94 method=com.android.dx.rop.code.InsnList.contentEquals(Lcom/android/dx/rop/code/InsnList;)Z @ 38
Event: 4.593 Thread 0x00000000566c5800 Uncommon trap: reason=bimorphic action=maybe_recompile pc=0x0000000002ee4e94 method=com.android.dx.rop.code.InsnList.contentEquals(Lcom/android/dx/rop/code/InsnList;)Z @ 38
Event: 4.593 Thread 0x00000000566c5800 Uncommon trap: reason=bimorphic action=maybe_recompile pc=0x0000000002ee4e94 method=com.android.dx.rop.code.InsnList.contentEquals(Lcom/android/dx/rop/code/InsnList;)Z @ 38
Event: 4.823 Thread 0x000000000250d800 Uncommon trap: reason=unstable_if action=reinterpret pc=0x0000000002abecbc method=com.android.dx.dex.code.OutputFinisher.hasLocalInfo(Lcom/android/dx/dex/code/DalvInsn;)Z @ 24
Event: 4.829 Thread 0x00000000566ca800 Uncommon trap: reason=unstable_if action=reinterpret pc=0x0000000002d33c54 method=com.android.dx.ssa.SCCP.simulateStmt(Lcom/android/dx/ssa/SsaInsn;)V @ 59
Event: 4.964 Thread 0x00000000566c5800 Uncommon trap: reason=bimorphic action=maybe_recompile pc=0x0000000002f187a8 method=com.android.dx.cf.code.BytecodeArray.parseInstruction(ILcom/android/dx/cf/code/BytecodeArray$Visitor;)I @ 1357
Event: 4.964 Thread 0x00000000566c5800 Uncommon trap: reason=bimorphic action=maybe_recompile pc=0x0000000002f187a8 method=com.android.dx.cf.code.BytecodeArray.parseInstruction(ILcom/android/dx/cf/code/BytecodeArray$Visitor;)I @ 1357
Event: 5.015 Thread 0x00000000566c5800 Uncommon trap: reason=unstable_if action=reinterpret pc=0x0000000002d6c5a8 method=com.android.dx.cf.code.RopperMachine.run(Lcom/android/dx/cf/code/Frame;II)V @ 1500
Event: 5.015 Thread 0x00000000566c5800 Uncommon trap: reason=class_check action=maybe_recompile pc=0x0000000002d05b70 method=com.android.dx.cf.code.Ropper.processBlock(Lcom/android/dx/cf/code/ByteBlock;Lcom/android/dx/cf/code/Frame;[I)V @ 777
Event: 5.026 Thread 0x00000000566c5800 Uncommon trap: reason=class_check action=maybe_recompile pc=0x0000000002d05b70 method=com.android.dx.cf.code.Ropper.processBlock(Lcom/android/dx/cf/code/ByteBlock;Lcom/android/dx/cf/code/Frame;[I)V @ 777

Internal exceptions (4 events):
Event: 0.073 Thread 0x000000000250d800 Exception <a 'java/lang/NoSuchMethodError': Method sun.misc.Unsafe.defineClass(Ljava/lang/String;[BII)Ljava/lang/Class; name or signature does not match> (0x00000000eab12f10) thrown at [C:\re\workspace\8-2-build-windows-amd64-cygwin\jdk8u45\3457\hotspot\sr,£û¼²?
Event: 0.073 Thread 0x000000000250d800 Exception <a 'java/lang/NoSuchMethodError': Method sun.misc.Unsafe.prefetchRead(Ljava/lang/Object;J)V name or signature does not match> (0x00000000eab131a0) thrown at [C:\re\workspace\8-2-build-windows-amd64-cygwin\jdk8u45\3457\hotspot\src\share\vm\prims\jH”ÜR,Žè?
Event: 0.767 Thread 0x00000000566ca800 Implicit null exception at 0x000000000293a5d2 to 0x000000000293a6c2
Event: 0.799 Thread 0x0000000056754000 Implicit null exception at 0x0000000002a0f47d to 0x0000000002a1088d

Events (10 events):
Event: 5.015 Thread 0x00000000566c5800 Uncommon trap: trap_request=0xffffff65 fr.pc=0x0000000002d6c5a8
Event: 5.015 Thread 0x00000000566c5800 DEOPT PACKING pc=0x0000000002d6c5a8 sp=0x000000005748e4c0
Event: 5.015 Thread 0x00000000566c5800 DEOPT UNPACKING pc=0x00000000026c582a sp=0x000000005748e488 mode 2
Event: 5.015 Thread 0x00000000566c5800 Uncommon trap: trap_request=0xffffffde fr.pc=0x0000000002d05b70
Event: 5.015 Thread 0x00000000566c5800 DEOPT PACKING pc=0x0000000002d05b70 sp=0x000000005748e7a0
Event: 5.015 Thread 0x00000000566c5800 DEOPT UNPACKING pc=0x00000000026c582a sp=0x000000005748e768 mode 2
Event: 5.026 Thread 0x00000000566c5800 Uncommon trap: trap_request=0xffffffde fr.pc=0x0000000002d05b70
Event: 5.026 Thread 0x00000000566c5800 DEOPT PACKING pc=0x0000000002d05b70 sp=0x000000005748e7a0
Event: 5.026 Thread 0x00000000566c5800 DEOPT UNPACKING pc=0x00000000026c582a sp=0x000000005748e768 mode 2
Event: 5.048 Executing VM operation: ParallelGCFailedAllocation


Dynamic libraries:
0x000000013fcf0000 - 0x000000013fd27000 	D:\JDK\bin\java.exe
0x0000000076d80000 - 0x0000000076f2b000 	C:\Windows\SYSTEM32\ntdll.dll
0x0000000076c60000 - 0x0000000076d7f000 	C:\Windows\system32\kernel32.dll
0x000007fefd040000 - 0x000007fefd0ab000 	C:\Windows\system32\KERNELBASE.dll
0x000007fefeb90000 - 0x000007fefec6b000 	C:\Windows\system32\ADVAPI32.dll
0x000007fefe530000 - 0x000007fefe5cf000 	C:\Windows\system32\msvcrt.dll
0x000007fefe150000 - 0x000007fefe16f000 	C:\Windows\SYSTEM32\sechost.dll
0x000007fefe3d0000 - 0x000007fefe4fe000 	C:\Windows\system32\RPCRT4.dll
0x0000000076b60000 - 0x0000000076c5a000 	C:\Windows\system32\USER32.dll
0x000007fefeda0000 - 0x000007fefee07000 	C:\Windows\system32\GDI32.dll
0x000007fefe8b0000 - 0x000007fefe8be000 	C:\Windows\system32\LPK.dll
0x000007fefe5d0000 - 0x000007fefe69a000 	C:\Windows\system32\USP10.dll
0x000007fefb510000 - 0x000007fefb704000 	C:\Windows\WinSxS\amd64_microsoft.windows.common-controls_6595b64144ccf1df_6.0.7600.16385_none_fa645303170382f6\COMCTL32.dll
0x000007fefdff0000 - 0x000007fefe061000 	C:\Windows\system32\SHLWAPI.dll
0x000007fefe500000 - 0x000007fefe52e000 	C:\Windows\system32\IMM32.DLL
0x000007fefd0b0000 - 0x000007fefd1b9000 	C:\Windows\system32\MSCTF.dll
0x0000000073820000 - 0x00000000738f2000 	D:\JDK\bin\msvcr100.dll
0x000000006c5a0000 - 0x000000006ce23000 	D:\JDK\bin\server\jvm.dll
0x000007fefb880000 - 0x000007fefb889000 	C:\Windows\system32\WSOCK32.dll
0x000007feff010000 - 0x000007feff05d000 	C:\Windows\system32\WS2_32.dll
0x000007feff060000 - 0x000007feff068000 	C:\Windows\system32\NSI.dll
0x000007fefad40000 - 0x000007fefad7b000 	C:\Windows\system32\WINMM.dll
0x000007fefbe50000 - 0x000007fefbe5c000 	C:\Windows\system32\VERSION.dll
0x0000000076f50000 - 0x0000000076f57000 	C:\Windows\system32\PSAPI.DLL
0x0000000074230000 - 0x000000007423f000 	D:\JDK\bin\verify.dll
0x00000000737f0000 - 0x0000000073819000 	D:\JDK\bin\java.dll
0x00000000737d0000 - 0x00000000737e6000 	D:\JDK\bin\zip.dll
0x000007fefd260000 - 0x000007fefdfe6000 	C:\Windows\system32\SHELL32.dll
0x000007fefe6a0000 - 0x000007fefe8a1000 	C:\Windows\system32\ole32.dll
0x000007fefcce0000 - 0x000007fefccef000 	C:\Windows\system32\profapi.dll
0x000007feee3b0000 - 0x000007feee4d5000 	C:\Windows\system32\dbghelp.dll

VM Arguments:
jvm_args: -Djava.awt.headless=true -Xmx1024M -Dfile.encoding=GBK -Duser.country=CN -Duser.language=zh -Duser.variant 
java_command: com.android.dx.command.Main --dex --force-jumbo --num-threads=4 --output E:\studio-project\KXG\app\build\intermediates\pre-dexed\debug\main_84d4482478639f38b51f4a6e8d1d7dcfe2432763.jar E:\studio-project\KXG\app\build\intermediates\transforms\instantRun\debug\folders\1\5\main
java_class_path (initial): E:\android-sdk1\build-tools\24.0.0-preview\lib\dx.jar
Launcher Type: SUN_STANDARD

Environment Variables:
JAVA_HOME=D:\JDK\
CLASSPATH=.;D:\JDK\\lib\tools.jar
PATH=C:\ProgramData\Oracle\Java\javapath;C:\Windows\system32;C:\Windows;C:\Windows\System32\Wbem;C:\Windows\System32\WindowsPowerShell\v1.0\;C:\Program Files (x86)\Windows7Master;D:\SVN\bin;D:\mysql\bin;D:\JDK\\bin;E:\android-sdk\platform-tools;E:\android-sdk\tools;E:\android-sdk1\platform-tools;E:\android-sdk1\tools
USERNAME=Administrator
OS=Windows_NT
PROCESSOR_IDENTIFIER=Intel64 Family 6 Model 60 Stepping 3, GenuineIntel



---------------  S Y S T E M  ---------------

OS: Windows 7 , 64 bit Build 7600 (6.1.7600.16385)

CPU:total 4 (4 cores per cpu, 1 threads per core) family 6 model 60 stepping 3, cmov, cx8, fxsr, mmx, sse, sse2, sse3, ssse3, sse4.1, sse4.2, popcnt, aes, clmul, erms, lzcnt, tsc, tscinvbit, bmi1, bmi2

Memory: 4k page, physical 8256464k(1230876k free), swap 8254568k(5044k free)

vm_info: Java HotSpot(TM) 64-Bit Server VM (25.45-b02) for windows-amd64 JRE (1.8.0_45-b14), built on Apr 10 2015 10:34:15 by "java_re" with MS VC++ 10.0 (VS2010)

time: Mon Apr 18 15:01:01 2016
elapsed time: 5 seconds (0d 0h 0m 5s)

