#
# There is insufficient memory for the Java Runtime Environment to continue.
# Native memory allocation (malloc) failed to allocate 1677376 bytes for Chunk::new
# Possible reasons:
#   The system is out of physical RAM or swap space
#   In 32 bit mode, the process size limit was hit
# Possible solutions:
#   Reduce memory load on the system
#   Increase physical memory or swap space
#   Check if swap backing store is full
#   Use 64 bit Java on a 64 bit OS
#   Decrease Java heap size (-Xmx/-Xms)
#   Decrease number of Java threads
#   Decrease Java thread stack sizes (-Xss)
#   Set larger code cache with -XX:ReservedCodeCacheSize=
# This output file may be truncated or incomplete.
#
#  Out of Memory Error (allocation.cpp:390), pid=15804, tid=17396
#
# JRE version: Java(TM) SE Runtime Environment (8.0_45-b14) (build 1.8.0_45-b14)
# Java VM: Java HotSpot(TM) 64-Bit Server VM (25.45-b02 mixed mode windows-amd64 compressed oops)
# Failed to write core dump. Minidumps are not enabled by default on client versions of Windows
#

---------------  T H R E A D  ---------------

Current thread (0x000000005513c800):  JavaThread "C2 CompilerThread1" daemon [_thread_in_native, id=17396, stack(0x0000000056e10000,0x0000000056f10000)]

Stack: [0x0000000056e10000,0x0000000056f10000]
Native frames: (J=compiled Java code, j=interpreted, Vv=VM code, C=native code)
V  [jvm.dll+0x32b57a]


Current CompileTask:
C2:   3330 1710       4       com.android.dx.ssa.DeadCodeRemover::run (194 bytes)


---------------  P R O C E S S  ---------------

Java Threads: ( => current thread )
  0x000000005671f000 JavaThread "pool-1-thread-4" [_thread_blocked, id=17216, stack(0x0000000057740000,0x0000000057840000)]
  0x000000005671b000 JavaThread "pool-1-thread-3" [_thread_in_Java, id=16292, stack(0x00000000573d0000,0x00000000574d0000)]
  0x0000000056702800 JavaThread "pool-1-thread-2" [_thread_blocked, id=16328, stack(0x00000000575e0000,0x00000000576e0000)]
  0x000000005664a000 JavaThread "pool-2-thread-1" [_thread_blocked, id=15676, stack(0x00000000574e0000,0x00000000575e0000)]
  0x0000000056648000 JavaThread "pool-1-thread-1" [_thread_blocked, id=17360, stack(0x0000000057220000,0x0000000057320000)]
  0x00000000564bb800 JavaThread "Service Thread" daemon [_thread_blocked, id=17096, stack(0x0000000057120000,0x0000000057220000)]
  0x000000005513d800 JavaThread "C1 CompilerThread2" daemon [_thread_blocked, id=15384, stack(0x0000000056fc0000,0x00000000570c0000)]
=>0x000000005513c800 JavaThread "C2 CompilerThread1" daemon [_thread_in_native, id=17396, stack(0x0000000056e10000,0x0000000056f10000)]
  0x0000000056439000 JavaThread "C2 CompilerThread0" daemon [_thread_in_native, id=17404, stack(0x0000000056a40000,0x0000000056b40000)]
  0x000000005642d000 JavaThread "Attach Listener" daemon [_thread_blocked, id=17124, stack(0x0000000056bb0000,0x0000000056cb0000)]
  0x000000005642c800 JavaThread "Signal Dispatcher" daemon [_thread_blocked, id=14376, stack(0x0000000056940000,0x0000000056a40000)]
  0x00000000550d7800 JavaThread "Finalizer" daemon [_thread_blocked, id=13752, stack(0x0000000056320000,0x0000000056420000)]
  0x00000000550d0800 JavaThread "Reference Handler" daemon [_thread_blocked, id=15556, stack(0x0000000056070000,0x0000000056170000)]
  0x0000000001d8d800 JavaThread "main" [_thread_blocked, id=16980, stack(0x0000000002750000,0x0000000002850000)]

Other Threads:
  0x00000000550cb000 VMThread [stack: 0x0000000056210000,0x0000000056310000] [id=16548]
  0x00000000564cb000 WatcherThread [stack: 0x0000000056d10000,0x0000000056e10000] [id=17100]

VM state:not at safepoint (normal execution)

VM Mutex/Monitor currently owned by a thread: None

Heap:
 PSYoungGen      total 70656K, used 45605K [0x00000000eab00000, 0x00000000ef500000, 0x0000000100000000)
  eden space 65536K, 61% used [0x00000000eab00000,0x00000000ed28df20,0x00000000eeb00000)
  from space 5120K, 99% used [0x00000000ef000000,0x00000000ef4fb590,0x00000000ef500000)
  to   space 5120K, 0% used [0x00000000eeb00000,0x00000000eeb00000,0x00000000ef000000)
 ParOldGen       total 86016K, used 5121K [0x00000000c0000000, 0x00000000c5400000, 0x00000000eab00000)
  object space 86016K, 5% used [0x00000000c0000000,0x00000000c0500720,0x00000000c5400000)
 Metaspace       used 6138K, capacity 7128K, committed 7424K, reserved 1056768K
  class space    used 613K, capacity 656K, committed 768K, reserved 1048576K

Card table byte_map: [0x0000000011c10000,0x0000000011e20000] byte_map_base: 0x0000000011610000

Marking Bits: (ParMarkBitMap*) 0x000000006ca54040
 Begin Bits: [0x0000000012540000, 0x0000000013540000)
 End Bits:   [0x0000000013540000, 0x0000000014540000)

Polling page: 0x0000000000440000

CodeCache: size=245760Kb used=7590Kb max_used=7602Kb free=238169Kb
 bounds [0x0000000002850000, 0x0000000002fd0000, 0x0000000011850000]
 total_blobs=1978 nmethods=1708 adapters=184
 compilation: enabled

Compilation events (10 events):
Event: 3.127 Thread 0x0000000056439000 nmethod 1634 0x0000000002f9eb10 code [0x0000000002f9eca0, 0x0000000002f9f318]
Event: 3.128 Thread 0x000000005513c800 nmethod 1700 0x0000000002f9e7d0 code [0x0000000002f9e900, 0x0000000002f9ea38]
Event: 3.132 Thread 0x0000000056439000 1709       4       com.android.dx.util.ByteArray::<init> (81 bytes)
Event: 3.133 Thread 0x000000005513c800 1710       4       com.android.dx.ssa.DeadCodeRemover::run (194 bytes)
Event: 3.133 Thread 0x0000000056439000 nmethod 1709 0x0000000002f9c310 code [0x0000000002f9c460, 0x0000000002f9c558]
Event: 3.133 Thread 0x0000000056439000 1711   !   4       com.android.dx.cf.cst.ConstantPoolParser::parse0 (731 bytes)
Event: 3.137 Thread 0x000000005513d800 1719       3       com.android.dx.rop.cst.CstArray$List::set (7 bytes)
Event: 3.138 Thread 0x000000005513d800 nmethod 1719 0x0000000002fa0650 code [0x0000000002fa0820, 0x0000000002fa0fe8]
Event: 3.138 Thread 0x000000005513d800 1716       3       java.util.concurrent.locks.ReentrantLock::unlock (10 bytes)
Event: 3.138 Thread 0x000000005513d800 nmethod 1716 0x0000000002f9d790 code [0x0000000002f9d920, 0x0000000002f9dd18]

GC Heap History (4 events):
Event: 0.839 GC heap before
{Heap before GC invocations=1 (full 0):
 PSYoungGen      total 37888K, used 32768K [0x00000000eab00000, 0x00000000ed500000, 0x0000000100000000)
  eden space 32768K, 100% used [0x00000000eab00000,0x00000000ecb00000,0x00000000ecb00000)
  from space 5120K, 0% used [0x00000000ed000000,0x00000000ed000000,0x00000000ed500000)
  to   space 5120K, 0% used [0x00000000ecb00000,0x00000000ecb00000,0x00000000ed000000)
 ParOldGen       total 86016K, used 0K [0x00000000c0000000, 0x00000000c5400000, 0x00000000eab00000)
  object space 86016K, 0% used [0x00000000c0000000,0x00000000c0000000,0x00000000c5400000)
 Metaspace       used 5803K, capacity 6896K, committed 7040K, reserved 1056768K
  class space    used 586K, capacity 616K, committed 640K, reserved 1048576K
Event: 1.010 GC heap after
Heap after GC invocations=1 (full 0):
 PSYoungGen      total 37888K, used 5101K [0x00000000eab00000, 0x00000000ef500000, 0x0000000100000000)
  eden space 32768K, 0% used [0x00000000eab00000,0x00000000eab00000,0x00000000ecb00000)
  from space 5120K, 99% used [0x00000000ecb00000,0x00000000ecffb660,0x00000000ed000000)
  to   space 5120K, 0% used [0x00000000ef000000,0x00000000ef000000,0x00000000ef500000)
 ParOldGen       total 86016K, used 1048K [0x00000000c0000000, 0x00000000c5400000, 0x00000000eab00000)
  object space 86016K, 1% used [0x00000000c0000000,0x00000000c0106008,0x00000000c5400000)
 Metaspace       used 5803K, capacity 6896K, committed 7040K, reserved 1056768K
  class space    used 586K, capacity 616K, committed 640K, reserved 1048576K
}
Event: 2.442 GC heap before
{Heap before GC invocations=2 (full 0):
 PSYoungGen      total 37888K, used 37869K [0x00000000eab00000, 0x00000000ef500000, 0x0000000100000000)
  eden space 32768K, 100% used [0x00000000eab00000,0x00000000ecb00000,0x00000000ecb00000)
  from space 5120K, 99% used [0x00000000ecb00000,0x00000000ecffb660,0x00000000ed000000)
  to   space 5120K, 0% used [0x00000000ef000000,0x00000000ef000000,0x00000000ef500000)
 ParOldGen       total 86016K, used 1048K [0x00000000c0000000, 0x00000000c5400000, 0x00000000eab00000)
  object space 86016K, 1% used [0x00000000c0000000,0x00000000c0106008,0x00000000c5400000)
 Metaspace       used 6095K, capacity 7064K, committed 7424K, reserved 1056768K
  class space    used 610K, capacity 656K, committed 768K, reserved 1048576K
Event: 2.552 GC heap after
Heap after GC invocations=2 (full 0):
 PSYoungGen      total 70656K, used 5101K [0x00000000eab00000, 0x00000000ef500000, 0x0000000100000000)
  eden space 65536K, 0% used [0x00000000eab00000,0x00000000eab00000,0x00000000eeb00000)
  from space 5120K, 99% used [0x00000000ef000000,0x00000000ef4fb590,0x00000000ef500000)
  to   space 5120K, 0% used [0x00000000eeb00000,0x00000000eeb00000,0x00000000ef000000)
 ParOldGen       total 86016K, used 5121K [0x00000000c0000000, 0x00000000c5400000, 0x00000000eab00000)
  object space 86016K, 5% used [0x00000000c0000000,0x00000000c0500720,0x00000000c5400000)
 Metaspace       used 6095K, capacity 7064K, committed 7424K, reserved 1056768K
  class space    used 610K, capacity 656K, committed 768K, reserved 1048576K
}

Deoptimization events (10 events):
Event: 2.205 Thread 0x000000005671b000 Uncommon trap: reason=unstable_if action=reinterpret pc=0x0000000002ecd778 method=com.android.dx.cf.code.BaseMachine.getLocalTarget(Z)Lcom/android/dx/rop/code/RegisterSpec; @ 131
Event: 2.206 Thread 0x000000005671b000 Uncommon trap: reason=unstable_if action=reinterpret pc=0x0000000002cbd328 method=com.android.dx.cf.code.Ropper.labelToResultIndex(I)I @ 34
Event: 2.206 Thread 0x000000005671b000 Uncommon trap: reason=unstable_if action=reinterpret pc=0x0000000002d86f44 method=com.android.dx.ssa.LocalVariableExtractor.processBlock(I)V @ 77
Event: 2.207 Thread 0x000000005671b000 Uncommon trap: reason=unstable_if action=reinterpret pc=0x0000000002cbdcc8 method=com.android.dx.util.LabeledList.set(ILcom/android/dx/util/LabeledItem;)V @ 16
Event: 2.217 Thread 0x000000005671b000 Uncommon trap: reason=bimorphic action=maybe_recompile pc=0x0000000002cc7db4 method=com.android.dx.cf.code.BytecodeArray.parseInstruction(ILcom/android/dx/cf/code/BytecodeArray$Visitor;)I @ 1357
Event: 2.218 Thread 0x000000005671b000 Uncommon trap: reason=bimorphic action=maybe_recompile pc=0x0000000002cc7db4 method=com.android.dx.cf.code.BytecodeArray.parseInstruction(ILcom/android/dx/cf/code/BytecodeArray$Visitor;)I @ 1357
Event: 2.228 Thread 0x000000005671b000 Uncommon trap: reason=unstable_if action=reinterpret pc=0x0000000002cde7e0 method=com.android.dx.ssa.SCCP.simulateStmt(Lcom/android/dx/ssa/SsaInsn;)V @ 53
Event: 2.427 Thread 0x000000005671b000 Uncommon trap: reason=unstable_if action=reinterpret pc=0x0000000002f18a8c method=java.util.HashMap.putVal(ILjava/lang/Object;Ljava/lang/Object;ZZ)Ljava/lang/Object; @ 109
Event: 2.754 Thread 0x000000005671b000 Uncommon trap: reason=unstable_if action=reinterpret pc=0x0000000002f49ce8 method=com.android.dx.rop.code.LocalVariableInfo.mergeStarts(ILcom/android/dx/rop/code/RegisterSpecSet;)Z @ 31
Event: 2.994 Thread 0x0000000056702800 Uncommon trap: reason=bimorphic action=maybe_recompile pc=0x0000000002f0bda4 method=com.android.dx.ssa.LiteralOpUpgrader.tryReplacingWithConstant(Lcom/android/dx/ssa/NormalSsaInsn;)Z @ 52

Internal exceptions (6 events):
Event: 0.029 Thread 0x0000000001d8d800 Exception <a 'java/lang/NoSuchMethodError': Method sun.misc.Unsafe.defineClass(Ljava/lang/String;[BII)Ljava/lang/Class; name or signature does not match> (0x00000000eab12dd8) thrown at [C:\re\workspace\8-2-build-windows-amd64-cygwin\jdk8u45\3457\hotspot\srq§¾É¾ž?
Event: 0.029 Thread 0x0000000001d8d800 Exception <a 'java/lang/NoSuchMethodError': Method sun.misc.Unsafe.prefetchRead(Ljava/lang/Object;J)V name or signature does not match> (0x00000000eab13068) thrown at [C:\re\workspace\8-2-build-windows-amd64-cygwin\jdk8u45\3457\hotspot\src\share\vm\prims\j³ìõ÷?
Event: 1.438 Thread 0x000000005671f000 Implicit null exception at 0x0000000002ababdd to 0x0000000002abd431
Event: 1.767 Thread 0x0000000056648000 Exception <a 'java/lang/ArrayIndexOutOfBoundsException': 18> (0x00000000ebdf2928) thrown at [C:\re\workspace\8-2-build-windows-amd64-cygwin\jdk8u45\3457\hotspot\src\share\vm\interpreter\interpreterRuntime.cpp, line 366]
Event: 1.767 Thread 0x0000000056648000 Exception <a 'java/lang/ArrayIndexOutOfBoundsException'> (0x00000000ebdf43f8) thrown at [C:\re\workspace\8-2-build-windows-amd64-cygwin\jdk8u45\3457\hotspot\src\share\vm\runtime\sharedRuntime.cpp, line 605]
Event: 1.767 Thread 0x0000000056648000 Exception <a 'java/lang/ArrayIndexOutOfBoundsException'> (0x00000000ebdf5630) thrown at [C:\re\workspace\8-2-build-windows-amd64-cygwin\jdk8u45\3457\hotspot\src\share\vm\runtime\sharedRuntime.cpp, line 605]

Events (10 events):
Event: 2.832 loading class com/android/dx/cf/direct/AnnotationParser done
Event: 2.832 loading class com/android/dx/cf/attrib/AttRuntimeVisibleAnnotations
Event: 2.832 loading class com/android/dx/cf/attrib/AttRuntimeVisibleAnnotations done
Event: 2.833 loading class com/android/dx/cf/attrib/BaseAnnotations
Event: 2.833 loading class com/android/dx/cf/attrib/BaseAnnotations done
Event: 2.970 loading class com/android/dx/cf/attrib/AttRuntimeInvisibleAnnotations
Event: 2.970 loading class com/android/dx/cf/attrib/AttRuntimeInvisibleAnnotations done
Event: 2.994 Thread 0x0000000056702800 Uncommon trap: trap_request=0xffffffc6 fr.pc=0x0000000002f0bda4
Event: 2.994 Thread 0x0000000056702800 DEOPT PACKING pc=0x0000000002f0bda4 sp=0x00000000576dea00
Event: 2.994 Thread 0x0000000056702800 DEOPT UNPACKING pc=0x000000000289582a sp=0x00000000576de918 mode 2


Dynamic libraries:
0x000000013fde0000 - 0x000000013fe17000 	D:\JDK\bin\java.exe
0x0000000077730000 - 0x00000000778db000 	C:\Windows\SYSTEM32\ntdll.dll
0x0000000077510000 - 0x000000007762f000 	C:\Windows\system32\kernel32.dll
0x000007fefd880000 - 0x000007fefd8eb000 	C:\Windows\system32\KERNELBASE.dll
0x000007fefdf70000 - 0x000007fefe04b000 	C:\Windows\system32\ADVAPI32.dll
0x000007feff5c0000 - 0x000007feff65f000 	C:\Windows\system32\msvcrt.dll
0x000007fefee30000 - 0x000007fefee4f000 	C:\Windows\SYSTEM32\sechost.dll
0x000007feff800000 - 0x000007feff92e000 	C:\Windows\system32\RPCRT4.dll
0x0000000077630000 - 0x000000007772a000 	C:\Windows\system32\USER32.dll
0x000007fefde00000 - 0x000007fefde67000 	C:\Windows\system32\GDI32.dll
0x000007fefddf0000 - 0x000007fefddfe000 	C:\Windows\system32\LPK.dll
0x000007feff240000 - 0x000007feff30a000 	C:\Windows\system32\USP10.dll
0x000007fefc090000 - 0x000007fefc284000 	C:\Windows\WinSxS\amd64_microsoft.windows.common-controls_6595b64144ccf1df_6.0.7600.16385_none_fa645303170382f6\COMCTL32.dll
0x000007fefdef0000 - 0x000007fefdf61000 	C:\Windows\system32\SHLWAPI.dll
0x000007feff4f0000 - 0x000007feff51e000 	C:\Windows\system32\IMM32.DLL
0x000007feff930000 - 0x000007feffa39000 	C:\Windows\system32\MSCTF.dll
0x0000000071160000 - 0x0000000071232000 	D:\JDK\bin\msvcr100.dll
0x000000006c250000 - 0x000000006cad3000 	D:\JDK\bin\server\jvm.dll
0x000007fefabb0000 - 0x000007fefabb9000 	C:\Windows\system32\WSOCK32.dll
0x000007fefe050000 - 0x000007fefe09d000 	C:\Windows\system32\WS2_32.dll
0x000007fefeef0000 - 0x000007fefeef8000 	C:\Windows\system32\NSI.dll
0x000007fefa9b0000 - 0x000007fefa9eb000 	C:\Windows\system32\WINMM.dll
0x000007fefc800000 - 0x000007fefc80c000 	C:\Windows\system32\VERSION.dll
0x0000000077900000 - 0x0000000077907000 	C:\Windows\system32\PSAPI.DLL
0x00000000748b0000 - 0x00000000748bf000 	D:\JDK\bin\verify.dll
0x0000000074880000 - 0x00000000748a9000 	D:\JDK\bin\java.dll
0x0000000074860000 - 0x0000000074876000 	D:\JDK\bin\zip.dll
0x000007fefe0a0000 - 0x000007fefee26000 	C:\Windows\system32\SHELL32.dll
0x000007fefda60000 - 0x000007fefdc61000 	C:\Windows\system32\ole32.dll
0x000007fefd690000 - 0x000007fefd69f000 	C:\Windows\system32\profapi.dll

VM Arguments:
jvm_args: -Djava.awt.headless=true -Xmx1024M -Dfile.encoding=GBK -Duser.country=CN -Duser.language=zh -Duser.variant 
java_command: com.android.dx.command.Main --dex --force-jumbo --num-threads=4 --output E:\studio-project\KXG\app\build\intermediates\pre-dexed\debug\RecyclerView_3e3970fb4dc2b1a9c4dd486958ada66cd6a465aa.jar E:\studio-project\KXG\app\libs\RecyclerView.jar
java_class_path (initial): E:\android-sdk1\build-tools\24.0.0-preview\lib\dx.jar
Launcher Type: SUN_STANDARD

Environment Variables:
JAVA_HOME=D:\JDK\
CLASSPATH=.;D:\JDK\\lib\tools.jar
PATH=C:\ProgramData\Oracle\Java\javapath;C:\Windows\system32;C:\Windows;C:\Windows\System32\Wbem;C:\Windows\System32\WindowsPowerShell\v1.0\;C:\Program Files (x86)\Windows7Master;D:\SVN\bin;D:\mysql\bin;D:\JDK\\bin;E:\android-sdk\platform-tools;E:\android-sdk\tools;E:\android-sdk1\platform-tools;E:\android-sdk1\tools
USERNAME=Administrator
OS=Windows_NT
PROCESSOR_IDENTIFIER=Intel64 Family 6 Model 60 Stepping 3, GenuineIntel



---------------  S Y S T E M  ---------------

OS: Windows 7 , 64 bit Build 7600 (6.1.7600.16385)

CPU:total 4 (4 cores per cpu, 1 threads per core) family 6 model 60 stepping 3, cmov, cx8, fxsr, mmx, sse, sse2, sse3, ssse3, sse4.1, sse4.2, popcnt, aes, clmul, erms, lzcnt, tsc, tscinvbit, bmi1, bmi2

Memory: 4k page, physical 8256464k(1433084k free), swap 8254568k(5220k free)

vm_info: Java HotSpot(TM) 64-Bit Server VM (25.45-b02) for windows-amd64 JRE (1.8.0_45-b14), built on Apr 10 2015 10:34:15 by "java_re" with MS VC++ 10.0 (VS2010)

time: Fri Apr 15 16:05:07 2016
elapsed time: 3 seconds (0d 0h 0m 3s)

