#
# There is insufficient memory for the Java Runtime Environment to continue.
# Native memory allocation (malloc) failed to allocate 1697616 bytes for Chunk::new
# Possible reasons:
#   The system is out of physical RAM or swap space
#   In 32 bit mode, the process size limit was hit
# Possible solutions:
#   Reduce memory load on the system
#   Increase physical memory or swap space
#   Check if swap backing store is full
#   Use 64 bit Java on a 64 bit OS
#   Decrease Java heap size (-Xmx/-Xms)
#   Decrease number of Java threads
#   Decrease Java thread stack sizes (-Xss)
#   Set larger code cache with -XX:ReservedCodeCacheSize=
# This output file may be truncated or incomplete.
#
#  Out of Memory Error (allocation.cpp:390), pid=16632, tid=17264
#
# JRE version: Java(TM) SE Runtime Environment (8.0_45-b14) (build 1.8.0_45-b14)
# Java VM: Java HotSpot(TM) 64-Bit Server VM (25.45-b02 mixed mode windows-amd64 compressed oops)
# Failed to write core dump. Minidumps are not enabled by default on client versions of Windows
#

---------------  T H R E A D  ---------------

Current thread (0x000000005672a800):  JavaThread "C2 CompilerThread1" daemon [_thread_in_native, id=17264, stack(0x0000000056e20000,0x0000000056f20000)]

Stack: [0x0000000056e20000,0x0000000056f20000]
Native frames: (J=compiled Java code, j=interpreted, Vv=VM code, C=native code)
V  [jvm.dll+0x32b57a]
V  [jvm.dll+0x279873]
V  [jvm.dll+0x27a509]
V  [jvm.dll+0x271825]
V  [jvm.dll+0xcb9e2]
V  [jvm.dll+0xcbeac]
V  [jvm.dll+0x49298c]
V  [jvm.dll+0x45f8ca]
V  [jvm.dll+0x46a73b]
V  [jvm.dll+0x46cd52]
V  [jvm.dll+0x4500f2]
V  [jvm.dll+0xa4352]
V  [jvm.dll+0xa4c8f]
V  [jvm.dll+0x241984]
V  [jvm.dll+0x29853a]
C  [msvcr100.dll+0x21d9f]
C  [msvcr100.dll+0x21e3b]
C  [kernel32.dll+0x1f56d]
C  [ntdll.dll+0x33281]


Current CompileTask:
C2:   3198 1583   !   4       com.android.dx.cf.code.Ropper::processBlock (1101 bytes)


---------------  P R O C E S S  ---------------

Java Threads: ( => current thread )
  0x0000000056a87800 JavaThread "pool-1-thread-4" [_thread_in_Java, id=16956, stack(0x0000000057a10000,0x0000000057b10000)]
  0x0000000056a40800 JavaThread "pool-1-thread-3" [_thread_in_Java, id=5440, stack(0x00000000577b0000,0x00000000578b0000)]
  0x0000000056a2d800 JavaThread "pool-1-thread-2" [_thread_blocked, id=17052, stack(0x00000000575f0000,0x00000000576f0000)]
  0x0000000056a1b800 JavaThread "pool-2-thread-1" [_thread_blocked, id=16576, stack(0x0000000056f40000,0x0000000057040000)]
  0x0000000056a18800 JavaThread "pool-1-thread-1" [_thread_blocked, id=8520, stack(0x00000000572f0000,0x00000000573f0000)]
  0x000000005678a800 JavaThread "Service Thread" daemon [_thread_blocked, id=16996, stack(0x00000000571f0000,0x00000000572f0000)]
  0x0000000055219000 JavaThread "C1 CompilerThread2" daemon [_thread_in_native, id=8484, stack(0x00000000570a0000,0x00000000571a0000)]
=>0x000000005672a800 JavaThread "C2 CompilerThread1" daemon [_thread_in_native, id=17264, stack(0x0000000056e20000,0x0000000056f20000)]
  0x0000000056727000 JavaThread "C2 CompilerThread0" daemon [_thread_in_native, id=17388, stack(0x0000000056ca0000,0x0000000056da0000)]
  0x000000005520e000 JavaThread "Attach Listener" daemon [_thread_blocked, id=16728, stack(0x0000000056310000,0x0000000056410000)]
  0x000000005520d000 JavaThread "Signal Dispatcher" daemon [_thread_blocked, id=16596, stack(0x0000000056b20000,0x0000000056c20000)]
  0x00000000551b0800 JavaThread "Finalizer" daemon [_thread_blocked, id=17176, stack(0x0000000056610000,0x0000000056710000)]
  0x00000000551af800 JavaThread "Reference Handler" daemon [_thread_blocked, id=17244, stack(0x00000000564d0000,0x00000000565d0000)]
  0x000000000244d800 JavaThread "main" [_thread_in_native, id=17384, stack(0x00000000028a0000,0x00000000029a0000)]

Other Threads:
  0x00000000551aa000 VMThread [stack: 0x00000000561e0000,0x00000000562e0000] [id=16488]
  0x0000000056790800 WatcherThread [stack: 0x0000000057420000,0x0000000057520000] [id=16280]

VM state:not at safepoint (normal execution)

VM Mutex/Monitor currently owned by a thread: None

Heap:
 PSYoungGen      total 70656K, used 22429K [0x00000000eab00000, 0x00000000ef500000, 0x0000000100000000)
  eden space 65536K, 26% used [0x00000000eab00000,0x00000000ebbe8300,0x00000000eeb00000)
  from space 5120K, 99% used [0x00000000eeb00000,0x00000000eefff210,0x00000000ef000000)
  to   space 5120K, 0% used [0x00000000ef000000,0x00000000ef000000,0x00000000ef500000)
 ParOldGen       total 114688K, used 71990K [0x00000000c0000000, 0x00000000c7000000, 0x00000000eab00000)
  object space 114688K, 62% used [0x00000000c0000000,0x00000000c464db20,0x00000000c7000000)
 Metaspace       used 6083K, capacity 7088K, committed 7296K, reserved 1056768K
  class space    used 591K, capacity 616K, committed 640K, reserved 1048576K

Card table byte_map: [0x0000000011d60000,0x0000000011f70000] byte_map_base: 0x0000000011760000

Marking Bits: (ParMarkBitMap*) 0x000000006ca54040
 Begin Bits: [0x0000000012620000, 0x0000000013620000)
 End Bits:   [0x0000000013620000, 0x0000000014620000)

Polling page: 0x0000000000440000

CodeCache: size=245760Kb used=7716Kb max_used=7716Kb free=238043Kb
 bounds [0x00000000029a0000, 0x0000000003130000, 0x00000000119a0000]
 total_blobs=2027 nmethods=1757 adapters=184
 compilation: enabled

Compilation events (10 events):
Event: 3.154 Thread 0x0000000055219000 1845       2       java.util.concurrent.locks.ReentrantLock$Sync::isHeldExclusively (16 bytes)
Event: 3.154 Thread 0x0000000055219000 nmethod 1845 0x000000000312bed0 code [0x000000000312c020, 0x000000000312c190]
Event: 3.154 Thread 0x0000000055219000 1846  s    2       com.android.dx.dex.file.StringIdsSection::intern (53 bytes)
Event: 3.154 Thread 0x0000000055219000 nmethod 1846 0x000000000312c210 code [0x000000000312c3c0, 0x000000000312c8f8]
Event: 3.155 Thread 0x0000000055219000 1847       2       com.android.dx.rop.code.BasicBlockList$RegCountVisitor::visitSwitchInsn (6 bytes)
Event: 3.155 Thread 0x0000000055219000 nmethod 1847 0x000000000312cc50 code [0x000000000312cdc0, 0x000000000312cf28]
Event: 3.155 Thread 0x0000000055219000 1848       2       com.android.dx.rop.code.SwitchInsn::getCatches (4 bytes)
Event: 3.155 Thread 0x0000000055219000 nmethod 1848 0x000000000312cfd0 code [0x000000000312d120, 0x000000000312d270]
Event: 3.173 Thread 0x0000000055219000 1849       2       com.android.dx.ssa.back.FirstFitLocalCombiningAllocator::findRangeAndAdjust (311 bytes)
Event: 3.174 Thread 0x0000000055219000 nmethod 1849 0x000000000312d310 code [0x000000000312d580, 0x000000000312df78]

GC Heap History (10 events):
Event: 2.040 GC heap before
{Heap before GC invocations=7 (full 1):
 PSYoungGen      total 70656K, used 70636K [0x00000000eab00000, 0x00000000ef500000, 0x0000000100000000)
  eden space 65536K, 100% used [0x00000000eab00000,0x00000000eeb00000,0x00000000eeb00000)
  from space 5120K, 99% used [0x00000000eeb00000,0x00000000eeffb2e0,0x00000000ef000000)
  to   space 5120K, 0% used [0x00000000ef000000,0x00000000ef000000,0x00000000ef500000)
 ParOldGen       total 114688K, used 55055K [0x00000000c0000000, 0x00000000c7000000, 0x00000000eab00000)
  object space 114688K, 48% used [0x00000000c0000000,0x00000000c35c3ef8,0x00000000c7000000)
 Metaspace       used 5938K, capacity 7024K, committed 7296K, reserved 1056768K
  class space    used 591K, capacity 616K, committed 640K, reserved 1048576K
Event: 2.058 GC heap after
Heap after GC invocations=7 (full 1):
 PSYoungGen      total 70656K, used 5116K [0x00000000eab00000, 0x00000000ef500000, 0x0000000100000000)
  eden space 65536K, 0% used [0x00000000eab00000,0x00000000eab00000,0x00000000eeb00000)
  from space 5120K, 99% used [0x00000000ef000000,0x00000000ef4ff2f0,0x00000000ef500000)
  to   space 5120K, 0% used [0x00000000eeb00000,0x00000000eeb00000,0x00000000ef000000)
 ParOldGen       total 114688K, used 80303K [0x00000000c0000000, 0x00000000c7000000, 0x00000000eab00000)
  object space 114688K, 70% used [0x00000000c0000000,0x00000000c4e6bfb8,0x00000000c7000000)
 Metaspace       used 5938K, capacity 7024K, committed 7296K, reserved 1056768K
  class space    used 591K, capacity 616K, committed 640K, reserved 1048576K
}
Event: 2.220 GC heap before
{Heap before GC invocations=8 (full 1):
 PSYoungGen      total 70656K, used 70652K [0x00000000eab00000, 0x00000000ef500000, 0x0000000100000000)
  eden space 65536K, 100% used [0x00000000eab00000,0x00000000eeb00000,0x00000000eeb00000)
  from space 5120K, 99% used [0x00000000ef000000,0x00000000ef4ff2f0,0x00000000ef500000)
  to   space 5120K, 0% used [0x00000000eeb00000,0x00000000eeb00000,0x00000000ef000000)
 ParOldGen       total 114688K, used 80303K [0x00000000c0000000, 0x00000000c7000000, 0x00000000eab00000)
  object space 114688K, 70% used [0x00000000c0000000,0x00000000c4e6bfb8,0x00000000c7000000)
 Metaspace       used 5982K, capacity 7024K, committed 7296K, reserved 1056768K
  class space    used 591K, capacity 616K, committed 640K, reserved 1048576K
Event: 2.291 GC heap after
Heap after GC invocations=8 (full 1):
 PSYoungGen      total 70656K, used 5103K [0x00000000eab00000, 0x00000000ef500000, 0x0000000100000000)
  eden space 65536K, 0% used [0x00000000eab00000,0x00000000eab00000,0x00000000eeb00000)
  from space 5120K, 99% used [0x00000000eeb00000,0x00000000eeffbf10,0x00000000ef000000)
  to   space 5120K, 0% used [0x00000000ef000000,0x00000000ef000000,0x00000000ef500000)
 ParOldGen       total 114688K, used 105410K [0x00000000c0000000, 0x00000000c7000000, 0x00000000eab00000)
  object space 114688K, 91% used [0x00000000c0000000,0x00000000c66f08c0,0x00000000c7000000)
 Metaspace       used 5982K, capacity 7024K, committed 7296K, reserved 1056768K
  class space    used 591K, capacity 616K, committed 640K, reserved 1048576K
}
Event: 2.291 GC heap before
{Heap before GC invocations=9 (full 2):
 PSYoungGen      total 70656K, used 5103K [0x00000000eab00000, 0x00000000ef500000, 0x0000000100000000)
  eden space 65536K, 0% used [0x00000000eab00000,0x00000000eab00000,0x00000000eeb00000)
  from space 5120K, 99% used [0x00000000eeb00000,0x00000000eeffbf10,0x00000000ef000000)
  to   space 5120K, 0% used [0x00000000ef000000,0x00000000ef000000,0x00000000ef500000)
 ParOldGen       total 114688K, used 105410K [0x00000000c0000000, 0x00000000c7000000, 0x00000000eab00000)
  object space 114688K, 91% used [0x00000000c0000000,0x00000000c66f08c0,0x00000000c7000000)
 Metaspace       used 5982K, capacity 7024K, committed 7296K, reserved 1056768K
  class space    used 591K, capacity 616K, committed 640K, reserved 1048576K
Event: 2.621 GC heap after
Heap after GC invocations=9 (full 2):
 PSYoungGen      total 70656K, used 0K [0x00000000eab00000, 0x00000000ef500000, 0x0000000100000000)
  eden space 65536K, 0% used [0x00000000eab00000,0x00000000eab00000,0x00000000eeb00000)
  from space 5120K, 0% used [0x00000000eeb00000,0x00000000eeb00000,0x00000000ef000000)
  to   space 5120K, 0% used [0x00000000ef000000,0x00000000ef000000,0x00000000ef500000)
 ParOldGen       total 114688K, used 47934K [0x00000000c0000000, 0x00000000c7000000, 0x00000000eab00000)
  object space 114688K, 41% used [0x00000000c0000000,0x00000000c2ecfb48,0x00000000c7000000)
 Metaspace       used 5982K, capacity 7024K, committed 7296K, reserved 1056768K
  class space    used 591K, capacity 616K, committed 640K, reserved 1048576K
}
Event: 2.893 GC heap before
{Heap before GC invocations=10 (full 2):
 PSYoungGen      total 70656K, used 65536K [0x00000000eab00000, 0x00000000ef500000, 0x0000000100000000)
  eden space 65536K, 100% used [0x00000000eab00000,0x00000000eeb00000,0x00000000eeb00000)
  from space 5120K, 0% used [0x00000000eeb00000,0x00000000eeb00000,0x00000000ef000000)
  to   space 5120K, 0% used [0x00000000ef000000,0x00000000ef000000,0x00000000ef500000)
 ParOldGen       total 114688K, used 47934K [0x00000000c0000000, 0x00000000c7000000, 0x00000000eab00000)
  object space 114688K, 41% used [0x00000000c0000000,0x00000000c2ecfb48,0x00000000c7000000)
 Metaspace       used 6053K, capacity 7088K, committed 7296K, reserved 1056768K
  class space    used 591K, capacity 616K, committed 640K, reserved 1048576K
Event: 2.912 GC heap after
Heap after GC invocations=10 (full 2):
 PSYoungGen      total 70656K, used 5101K [0x00000000eab00000, 0x00000000ef500000, 0x0000000100000000)
  eden space 65536K, 0% used [0x00000000eab00000,0x00000000eab00000,0x00000000eeb00000)
  from space 5120K, 99% used [0x00000000ef000000,0x00000000ef4fb450,0x00000000ef500000)
  to   space 5120K, 0% used [0x00000000eeb00000,0x00000000eeb00000,0x00000000ef000000)
 ParOldGen       total 114688K, used 56329K [0x00000000c0000000, 0x00000000c7000000, 0x00000000eab00000)
  object space 114688K, 49% used [0x00000000c0000000,0x00000000c37025c8,0x00000000c7000000)
 Metaspace       used 6053K, capacity 7088K, committed 7296K, reserved 1056768K
  class space    used 591K, capacity 616K, committed 640K, reserved 1048576K
}
Event: 3.109 GC heap before
{Heap before GC invocations=11 (full 2):
 PSYoungGen      total 70656K, used 70637K [0x00000000eab00000, 0x00000000ef500000, 0x0000000100000000)
  eden space 65536K, 100% used [0x00000000eab00000,0x00000000eeb00000,0x00000000eeb00000)
  from space 5120K, 99% used [0x00000000ef000000,0x00000000ef4fb450,0x00000000ef500000)
  to   space 5120K, 0% used [0x00000000eeb00000,0x00000000eeb00000,0x00000000ef000000)
 ParOldGen       total 114688K, used 56329K [0x00000000c0000000, 0x00000000c7000000, 0x00000000eab00000)
  object space 114688K, 49% used [0x00000000c0000000,0x00000000c37025c8,0x00000000c7000000)
 Metaspace       used 6077K, capacity 7088K, committed 7296K, reserved 1056768K
  class space    used 591K, capacity 616K, committed 640K, reserved 1048576K
Event: 3.154 GC heap after
Heap after GC invocations=11 (full 2):
 PSYoungGen      total 70656K, used 5116K [0x00000000eab00000, 0x00000000ef500000, 0x0000000100000000)
  eden space 65536K, 0% used [0x00000000eab00000,0x00000000eab00000,0x00000000eeb00000)
  from space 5120K, 99% used [0x00000000eeb00000,0x00000000eefff210,0x00000000ef000000)
  to   space 5120K, 0% used [0x00000000ef000000,0x00000000ef000000,0x00000000ef500000)
 ParOldGen       total 114688K, used 71990K [0x00000000c0000000, 0x00000000c7000000, 0x00000000eab00000)
  object space 114688K, 62% used [0x00000000c0000000,0x00000000c464db20,0x00000000c7000000)
 Metaspace       used 6077K, capacity 7088K, committed 7296K, reserved 1056768K
  class space    used 591K, capacity 616K, committed 640K, reserved 1048576K
}

Deoptimization events (10 events):
Event: 2.744 Thread 0x0000000056a87800 Uncommon trap: reason=unstable_if action=reinterpret pc=0x000000000306a05c method=com.android.dx.cf.code.Merger.isPossiblyAssignableFrom(Lcom/android/dx/rop/type/TypeBearer;Lcom/android/dx/rop/type/TypeBearer;)Z @ 131
Event: 2.763 Thread 0x0000000056a2d800 Uncommon trap: reason=unstable_if action=reinterpret pc=0x000000000308c11c method=com.android.dx.rop.code.RegisterSpecSet.put(Lcom/android/dx/rop/code/RegisterSpec;)V @ 77
Event: 2.777 Thread 0x0000000056a87800 Uncommon trap: reason=bimorphic action=maybe_recompile pc=0x0000000002fa0fc8 method=com.android.dx.cf.code.BytecodeArray.parseInstruction(ILcom/android/dx/cf/code/BytecodeArray$Visitor;)I @ 2135
Event: 2.777 Thread 0x0000000056a87800 Uncommon trap: reason=class_check action=maybe_recompile pc=0x0000000002fa2940 method=com.android.dx.cf.code.BytecodeArray.parseInstruction(ILcom/android/dx/cf/code/BytecodeArray$Visitor;)I @ 2002
Event: 2.777 Thread 0x0000000056a87800 Uncommon trap: reason=bimorphic action=maybe_recompile pc=0x0000000002fa0fc8 method=com.android.dx.cf.code.BytecodeArray.parseInstruction(ILcom/android/dx/cf/code/BytecodeArray$Visitor;)I @ 2135
Event: 2.937 Thread 0x0000000056a2d800 Uncommon trap: reason=unstable_if action=reinterpret pc=0x0000000003028a0c method=com.android.dx.cf.code.RopperMachine.run(Lcom/android/dx/cf/code/Frame;II)V @ 1500
Event: 2.942 Thread 0x0000000056a2d800 Uncommon trap: reason=bimorphic action=maybe_recompile pc=0x0000000002ccfeec method=java.util.HashMap.putVal(ILjava/lang/Object;Ljava/lang/Object;ZZ)Ljava/lang/Object; @ 91
Event: 2.942 Thread 0x0000000056a2d800 Uncommon trap: reason=bimorphic action=maybe_recompile pc=0x0000000002ccfeec method=java.util.HashMap.putVal(ILjava/lang/Object;Ljava/lang/Object;ZZ)Ljava/lang/Object; @ 91
Event: 2.942 Thread 0x0000000056a2d800 Uncommon trap: reason=bimorphic action=maybe_recompile pc=0x0000000002ccfeec method=java.util.HashMap.putVal(ILjava/lang/Object;Ljava/lang/Object;ZZ)Ljava/lang/Object; @ 91
Event: 2.942 Thread 0x0000000056a2d800 Uncommon trap: reason=bimorphic action=maybe_recompile pc=0x0000000002ccfeec method=java.util.HashMap.putVal(ILjava/lang/Object;Ljava/lang/Object;ZZ)Ljava/lang/Object; @ 91

Internal exceptions (3 events):
Event: 0.031 Thread 0x000000000244d800 Exception <a 'java/lang/NoSuchMethodError': Method sun.misc.Unsafe.defineClass(Ljava/lang/String;[BII)Ljava/lang/Class; name or signature does not match> (0x00000000eab12f10) thrown at [C:\re\workspace\8-2-build-windows-amd64-cygwin\jdk8u45\3457\hotspot\src¸5Úü?
Event: 0.031 Thread 0x000000000244d800 Exception <a 'java/lang/NoSuchMethodError': Method sun.misc.Unsafe.prefetchRead(Ljava/lang/Object;J)V name or signature does not match> (0x00000000eab131a0) thrown at [C:\re\workspace\8-2-build-windows-amd64-cygwin\jdk8u45\3457\hotspot\src\share\vm\prims\jÀŒù¨«„?
Event: 0.618 Thread 0x0000000056a2d800 Implicit null exception at 0x0000000002c68012 to 0x0000000002c68102

Events (10 events):
Event: 2.942 Thread 0x0000000056a2d800 Uncommon trap: trap_request=0xffffffc6 fr.pc=0x0000000002ccfeec
Event: 2.942 Thread 0x0000000056a2d800 DEOPT PACKING pc=0x0000000002ccfeec sp=0x00000000576eebd0
Event: 2.942 Thread 0x0000000056a2d800 DEOPT UNPACKING pc=0x00000000029e582a sp=0x00000000576eeb58 mode 2
Event: 2.942 Thread 0x0000000056a2d800 Uncommon trap: trap_request=0xffffffc6 fr.pc=0x0000000002ccfeec
Event: 2.942 Thread 0x0000000056a2d800 DEOPT PACKING pc=0x0000000002ccfeec sp=0x00000000576eebd0
Event: 2.942 Thread 0x0000000056a2d800 DEOPT UNPACKING pc=0x00000000029e582a sp=0x00000000576eeb58 mode 2
Event: 2.981 Thread 0x000000000244d800 DEOPT PACKING pc=0x0000000002f1e104 sp=0x000000000299e870
Event: 2.981 Thread 0x000000000244d800 DEOPT UNPACKING pc=0x00000000029e747f sp=0x000000000299e5a0 mode 0
Event: 3.109 Executing VM operation: ParallelGCFailedAllocation
Event: 3.154 Executing VM operation: ParallelGCFailedAllocation done


Dynamic libraries:
0x000000013fde0000 - 0x000000013fe17000 	D:\JDK\bin\java.exe
0x0000000077730000 - 0x00000000778db000 	C:\Windows\SYSTEM32\ntdll.dll
0x0000000077510000 - 0x000000007762f000 	C:\Windows\system32\kernel32.dll
0x000007fefd880000 - 0x000007fefd8eb000 	C:\Windows\system32\KERNELBASE.dll
0x000007fefdf70000 - 0x000007fefe04b000 	C:\Windows\system32\ADVAPI32.dll
0x000007feff5c0000 - 0x000007feff65f000 	C:\Windows\system32\msvcrt.dll
0x000007fefee30000 - 0x000007fefee4f000 	C:\Windows\SYSTEM32\sechost.dll
0x000007feff800000 - 0x000007feff92e000 	C:\Windows\system32\RPCRT4.dll
0x0000000077630000 - 0x000000007772a000 	C:\Windows\system32\USER32.dll
0x000007fefde00000 - 0x000007fefde67000 	C:\Windows\system32\GDI32.dll
0x000007fefddf0000 - 0x000007fefddfe000 	C:\Windows\system32\LPK.dll
0x000007feff240000 - 0x000007feff30a000 	C:\Windows\system32\USP10.dll
0x000007fefc090000 - 0x000007fefc284000 	C:\Windows\WinSxS\amd64_microsoft.windows.common-controls_6595b64144ccf1df_6.0.7600.16385_none_fa645303170382f6\COMCTL32.dll
0x000007fefdef0000 - 0x000007fefdf61000 	C:\Windows\system32\SHLWAPI.dll
0x000007feff4f0000 - 0x000007feff51e000 	C:\Windows\system32\IMM32.DLL
0x000007feff930000 - 0x000007feffa39000 	C:\Windows\system32\MSCTF.dll
0x0000000071160000 - 0x0000000071232000 	D:\JDK\bin\msvcr100.dll
0x000000006c250000 - 0x000000006cad3000 	D:\JDK\bin\server\jvm.dll
0x000007fefabb0000 - 0x000007fefabb9000 	C:\Windows\system32\WSOCK32.dll
0x000007fefe050000 - 0x000007fefe09d000 	C:\Windows\system32\WS2_32.dll
0x000007fefeef0000 - 0x000007fefeef8000 	C:\Windows\system32\NSI.dll
0x000007fefa9b0000 - 0x000007fefa9eb000 	C:\Windows\system32\WINMM.dll
0x000007fefc800000 - 0x000007fefc80c000 	C:\Windows\system32\VERSION.dll
0x0000000077900000 - 0x0000000077907000 	C:\Windows\system32\PSAPI.DLL
0x00000000748b0000 - 0x00000000748bf000 	D:\JDK\bin\verify.dll
0x0000000074880000 - 0x00000000748a9000 	D:\JDK\bin\java.dll
0x0000000074860000 - 0x0000000074876000 	D:\JDK\bin\zip.dll
0x000007fefe0a0000 - 0x000007fefee26000 	C:\Windows\system32\SHELL32.dll
0x000007fefda60000 - 0x000007fefdc61000 	C:\Windows\system32\ole32.dll
0x000007fefd690000 - 0x000007fefd69f000 	C:\Windows\system32\profapi.dll
0x000007feeede0000 - 0x000007feeef05000 	C:\Windows\system32\dbghelp.dll

VM Arguments:
jvm_args: -Djava.awt.headless=true -Xmx1024M -Dfile.encoding=GBK -Duser.country=CN -Duser.language=zh -Duser.variant 
java_command: com.android.dx.command.Main --dex --force-jumbo --num-threads=4 --output E:\studio-project\KXG\app\build\intermediates\pre-dexed\debug\main_84d4482478639f38b51f4a6e8d1d7dcfe2432763.jar E:\studio-project\KXG\app\build\intermediates\transforms\instantRun\debug\folders\1\5\main
java_class_path (initial): E:\android-sdk1\build-tools\24.0.0-preview\lib\dx.jar
Launcher Type: SUN_STANDARD

Environment Variables:
JAVA_HOME=D:\JDK\
CLASSPATH=.;D:\JDK\\lib\tools.jar
PATH=C:\ProgramData\Oracle\Java\javapath;C:\Windows\system32;C:\Windows;C:\Windows\System32\Wbem;C:\Windows\System32\WindowsPowerShell\v1.0\;C:\Program Files (x86)\Windows7Master;D:\SVN\bin;D:\mysql\bin;D:\JDK\\bin;E:\android-sdk\platform-tools;E:\android-sdk\tools;E:\android-sdk1\platform-tools;E:\android-sdk1\tools
USERNAME=Administrator
OS=Windows_NT
PROCESSOR_IDENTIFIER=Intel64 Family 6 Model 60 Stepping 3, GenuineIntel



---------------  S Y S T E M  ---------------

OS: Windows 7 , 64 bit Build 7600 (6.1.7600.16385)

CPU:total 4 (4 cores per cpu, 1 threads per core) family 6 model 60 stepping 3, cmov, cx8, fxsr, mmx, sse, sse2, sse3, ssse3, sse4.1, sse4.2, popcnt, aes, clmul, erms, lzcnt, tsc, tscinvbit, bmi1, bmi2

Memory: 4k page, physical 8256464k(1393468k free), swap 8254568k(5268k free)

vm_info: Java HotSpot(TM) 64-Bit Server VM (25.45-b02) for windows-amd64 JRE (1.8.0_45-b14), built on Apr 10 2015 10:34:15 by "java_re" with MS VC++ 10.0 (VS2010)

time: Fri Apr 15 16:04:36 2016
elapsed time: 3 seconds (0d 0h 0m 3s)

