#
# There is insufficient memory for the Java Runtime Environment to continue.
# Native memory allocation (malloc) failed to allocate 1100976 bytes for Chunk::new
# Possible reasons:
#   The system is out of physical RAM or swap space
#   In 32 bit mode, the process size limit was hit
# Possible solutions:
#   Reduce memory load on the system
#   Increase physical memory or swap space
#   Check if swap backing store is full
#   Use 64 bit Java on a 64 bit OS
#   Decrease Java heap size (-Xmx/-Xms)
#   Decrease number of Java threads
#   Decrease Java thread stack sizes (-Xss)
#   Set larger code cache with -XX:ReservedCodeCacheSize=
# This output file may be truncated or incomplete.
#
#  Out of Memory Error (allocation.cpp:390), pid=17312, tid=16760
#
# JRE version: Java(TM) SE Runtime Environment (8.0_45-b14) (build 1.8.0_45-b14)
# Java VM: Java HotSpot(TM) 64-Bit Server VM (25.45-b02 mixed mode windows-amd64 compressed oops)
# Failed to write core dump. Minidumps are not enabled by default on client versions of Windows
#

---------------  T H R E A D  ---------------

Current thread (0x000000005519b000):  JavaThread "C2 CompilerThread1" daemon [_thread_in_native, id=16760, stack(0x0000000056de0000,0x0000000056ee0000)]

Stack: [0x0000000056de0000,0x0000000056ee0000]
Native frames: (J=compiled Java code, j=interpreted, Vv=VM code, C=native code)
V  [jvm.dll+0x32b57a]


Current CompileTask:
C2:   3353 1513   !   4       com.android.dx.cf.code.BytecodeArray::parseInstruction (2764 bytes)


---------------  P R O C E S S  ---------------

Java Threads: ( => current thread )
  0x000000005685d000 JavaThread "pool-1-thread-4" [_thread_blocked, id=14700, stack(0x0000000057a00000,0x0000000057b00000)]
  0x000000005683b000 JavaThread "pool-1-thread-3" [_thread_in_vm_trans, id=16232, stack(0x00000000578d0000,0x00000000579d0000)]
  0x0000000056828800 JavaThread "pool-1-thread-2" [_thread_blocked, id=11988, stack(0x0000000057700000,0x0000000057800000)]
  0x0000000056820000 JavaThread "pool-2-thread-1" [_thread_blocked, id=16316, stack(0x0000000057530000,0x0000000057630000)]
  0x0000000056812800 JavaThread "pool-1-thread-1" [_thread_blocked, id=12360, stack(0x0000000057050000,0x0000000057150000)]
  0x00000000565d9000 JavaThread "Service Thread" daemon [_thread_blocked, id=16620, stack(0x0000000057200000,0x0000000057300000)]
  0x0000000056560000 JavaThread "C1 CompilerThread2" daemon [_thread_blocked, id=17376, stack(0x0000000056f20000,0x0000000057020000)]
=>0x000000005519b000 JavaThread "C2 CompilerThread1" daemon [_thread_in_native, id=16760, stack(0x0000000056de0000,0x0000000056ee0000)]
  0x0000000056557000 JavaThread "C2 CompilerThread0" daemon [_thread_in_native, id=15696, stack(0x0000000056ce0000,0x0000000056de0000)]
  0x000000005518e000 JavaThread "Attach Listener" daemon [_thread_blocked, id=16584, stack(0x0000000056bc0000,0x0000000056cc0000)]
  0x000000005518d000 JavaThread "Signal Dispatcher" daemon [_thread_blocked, id=15856, stack(0x0000000056a00000,0x0000000056b00000)]
  0x0000000055136800 JavaThread "Finalizer" daemon [_thread_blocked, id=15656, stack(0x0000000056440000,0x0000000056540000)]
  0x000000005512f800 JavaThread "Reference Handler" daemon [_thread_blocked, id=13464, stack(0x0000000056280000,0x0000000056380000)]
  0x00000000025fd800 JavaThread "main" [_thread_blocked, id=16236, stack(0x00000000027c0000,0x00000000028c0000)]

Other Threads:
  0x000000005512a000 VMThread [stack: 0x0000000056140000,0x0000000056240000] [id=17272]
  0x00000000565df000 WatcherThread [stack: 0x00000000573b0000,0x00000000574b0000] [id=16472]

VM state:not at safepoint (normal execution)

VM Mutex/Monitor currently owned by a thread:  ([mutex/lock_event])
[0x00000000025fc2d0] Heap_lock - owner thread: 0x0000000056828800

Heap:
 PSYoungGen      total 136192K, used 0K [0x00000000eab00000, 0x00000000f3500000, 0x0000000100000000)
  eden space 131072K, 0% used [0x00000000eab00000,0x00000000eab00298,0x00000000f2b00000)
  from space 5120K, 0% used [0x00000000f3000000,0x00000000f3000000,0x00000000f3500000)
  to   space 5120K, 0% used [0x00000000f2b00000,0x00000000f2b00000,0x00000000f3000000)
 ParOldGen       total 86016K, used 37703K [0x00000000c0000000, 0x00000000c5400000, 0x00000000eab00000)
  object space 86016K, 43% used [0x00000000c0000000,0x00000000c24d1e88,0x00000000c5400000)
 Metaspace       used 5898K, capacity 6960K, committed 7040K, reserved 1056768K
  class space    used 592K, capacity 616K, committed 640K, reserved 1048576K

Card table byte_map: [0x0000000011c80000,0x0000000011e90000] byte_map_base: 0x0000000011680000

Marking Bits: (ParMarkBitMap*) 0x000000006ca54040
 Begin Bits: [0x00000000125a0000, 0x00000000135a0000)
 End Bits:   [0x00000000135a0000, 0x00000000145a0000)

Polling page: 0x0000000000130000

CodeCache: size=245760Kb used=6583Kb max_used=6583Kb free=239176Kb
 bounds [0x00000000028c0000, 0x0000000002f40000, 0x00000000118c0000]
 total_blobs=1803 nmethods=1533 adapters=184
 compilation: enabled

Compilation events (10 events):
Event: 3.195 Thread 0x0000000056560000 1560       1       com.android.dx.cf.attrib.BaseLocalVariables::getLocalVariables (5 bytes)
Event: 3.195 Thread 0x0000000056560000 nmethod 1560 0x0000000002f31610 code [0x0000000002f31760, 0x0000000002f31870]
Event: 3.195 Thread 0x0000000056560000 1552       1       com.android.dx.dex.file.DexFile::getFieldIds (5 bytes)
Event: 3.195 Thread 0x0000000056560000 nmethod 1552 0x0000000002f318d0 code [0x0000000002f31a20, 0x0000000002f31b30]
Event: 3.195 Thread 0x0000000056560000 1567       1       com.android.dx.rop.annotation.NameValuePair::getName (5 bytes)
Event: 3.195 Thread 0x0000000056560000 nmethod 1567 0x0000000002f31b90 code [0x0000000002f31ce0, 0x0000000002f31df0]
Event: 3.195 Thread 0x0000000056560000 1586       1       com.android.dx.ssa.back.FirstFitLocalCombiningAllocator$Multiset::getSize (5 bytes)
Event: 3.195 Thread 0x0000000056560000 nmethod 1586 0x0000000002f31e50 code [0x0000000002f31fa0, 0x0000000002f320b0]
Event: 3.195 Thread 0x0000000056560000 1588       1       com.android.dx.rop.code.LocalItem::getName (5 bytes)
Event: 3.195 Thread 0x0000000056560000 nmethod 1588 0x0000000002f32110 code [0x0000000002f32260, 0x0000000002f32370]

GC Heap History (10 events):
Event: 0.742 GC heap before
{Heap before GC invocations=1 (full 0):
 PSYoungGen      total 37888K, used 32768K [0x00000000eab00000, 0x00000000ed500000, 0x0000000100000000)
  eden space 32768K, 100% used [0x00000000eab00000,0x00000000ecb00000,0x00000000ecb00000)
  from space 5120K, 0% used [0x00000000ed000000,0x00000000ed000000,0x00000000ed500000)
  to   space 5120K, 0% used [0x00000000ecb00000,0x00000000ecb00000,0x00000000ed000000)
 ParOldGen       total 86016K, used 0K [0x00000000c0000000, 0x00000000c5400000, 0x00000000eab00000)
  object space 86016K, 0% used [0x00000000c0000000,0x00000000c0000000,0x00000000c5400000)
 Metaspace       used 5764K, capacity 6832K, committed 7040K, reserved 1056768K
  class space    used 590K, capacity 616K, committed 640K, reserved 1048576K
Event: 0.874 GC heap after
Heap after GC invocations=1 (full 0):
 PSYoungGen      total 37888K, used 5097K [0x00000000eab00000, 0x00000000ef500000, 0x0000000100000000)
  eden space 32768K, 0% used [0x00000000eab00000,0x00000000eab00000,0x00000000ecb00000)
  from space 5120K, 99% used [0x00000000ecb00000,0x00000000ecffa648,0x00000000ed000000)
  to   space 5120K, 0% used [0x00000000ef000000,0x00000000ef000000,0x00000000ef500000)
 ParOldGen       total 86016K, used 1929K [0x00000000c0000000, 0x00000000c5400000, 0x00000000eab00000)
  object space 86016K, 2% used [0x00000000c0000000,0x00000000c01e25b8,0x00000000c5400000)
 Metaspace       used 5764K, capacity 6832K, committed 7040K, reserved 1056768K
  class space    used 590K, capacity 616K, committed 640K, reserved 1048576K
}
Event: 1.033 GC heap before
{Heap before GC invocations=2 (full 0):
 PSYoungGen      total 37888K, used 37865K [0x00000000eab00000, 0x00000000ef500000, 0x0000000100000000)
  eden space 32768K, 100% used [0x00000000eab00000,0x00000000ecb00000,0x00000000ecb00000)
  from space 5120K, 99% used [0x00000000ecb00000,0x00000000ecffa648,0x00000000ed000000)
  to   space 5120K, 0% used [0x00000000ef000000,0x00000000ef000000,0x00000000ef500000)
 ParOldGen       total 86016K, used 1929K [0x00000000c0000000, 0x00000000c5400000, 0x00000000eab00000)
  object space 86016K, 2% used [0x00000000c0000000,0x00000000c01e25b8,0x00000000c5400000)
 Metaspace       used 5777K, capacity 6832K, committed 7040K, reserved 1056768K
  class space    used 590K, capacity 616K, committed 640K, reserved 1048576K
Event: 1.122 GC heap after
Heap after GC invocations=2 (full 0):
 PSYoungGen      total 70656K, used 5108K [0x00000000eab00000, 0x00000000ef500000, 0x0000000100000000)
  eden space 65536K, 0% used [0x00000000eab00000,0x00000000eab00000,0x00000000eeb00000)
  from space 5120K, 99% used [0x00000000ef000000,0x00000000ef4fd020,0x00000000ef500000)
  to   space 5120K, 0% used [0x00000000eeb00000,0x00000000eeb00000,0x00000000ef000000)
 ParOldGen       total 86016K, used 15888K [0x00000000c0000000, 0x00000000c5400000, 0x00000000eab00000)
  object space 86016K, 18% used [0x00000000c0000000,0x00000000c0f84240,0x00000000c5400000)
 Metaspace       used 5777K, capacity 6832K, committed 7040K, reserved 1056768K
  class space    used 590K, capacity 616K, committed 640K, reserved 1048576K
}
Event: 2.576 GC heap before
{Heap before GC invocations=3 (full 0):
 PSYoungGen      total 70656K, used 70644K [0x00000000eab00000, 0x00000000ef500000, 0x0000000100000000)
  eden space 65536K, 100% used [0x00000000eab00000,0x00000000eeb00000,0x00000000eeb00000)
  from space 5120K, 99% used [0x00000000ef000000,0x00000000ef4fd020,0x00000000ef500000)
  to   space 5120K, 0% used [0x00000000eeb00000,0x00000000eeb00000,0x00000000ef000000)
 ParOldGen       total 86016K, used 15888K [0x00000000c0000000, 0x00000000c5400000, 0x00000000eab00000)
  object space 86016K, 18% used [0x00000000c0000000,0x00000000c0f84240,0x00000000c5400000)
 Metaspace       used 5895K, capacity 6960K, committed 7040K, reserved 1056768K
  class space    used 592K, capacity 616K, committed 640K, reserved 1048576K
Event: 2.704 GC heap after
Heap after GC invocations=3 (full 0):
 PSYoungGen      total 70656K, used 5092K [0x00000000eab00000, 0x00000000f3500000, 0x0000000100000000)
  eden space 65536K, 0% used [0x00000000eab00000,0x00000000eab00000,0x00000000eeb00000)
  from space 5120K, 99% used [0x00000000eeb00000,0x00000000eeff9370,0x00000000ef000000)
  to   space 5120K, 0% used [0x00000000f3000000,0x00000000f3000000,0x00000000f3500000)
 ParOldGen       total 86016K, used 36664K [0x00000000c0000000, 0x00000000c5400000, 0x00000000eab00000)
  object space 86016K, 42% used [0x00000000c0000000,0x00000000c23ce030,0x00000000c5400000)
 Metaspace       used 5895K, capacity 6960K, committed 7040K, reserved 1056768K
  class space    used 592K, capacity 616K, committed 640K, reserved 1048576K
}
Event: 2.855 GC heap before
{Heap before GC invocations=4 (full 0):
 PSYoungGen      total 70656K, used 70628K [0x00000000eab00000, 0x00000000f3500000, 0x0000000100000000)
  eden space 65536K, 100% used [0x00000000eab00000,0x00000000eeb00000,0x00000000eeb00000)
  from space 5120K, 99% used [0x00000000eeb00000,0x00000000eeff9370,0x00000000ef000000)
  to   space 5120K, 0% used [0x00000000f3000000,0x00000000f3000000,0x00000000f3500000)
 ParOldGen       total 86016K, used 36664K [0x00000000c0000000, 0x00000000c5400000, 0x00000000eab00000)
  object space 86016K, 42% used [0x00000000c0000000,0x00000000c23ce030,0x00000000c5400000)
 Metaspace       used 5896K, capacity 6960K, committed 7040K, reserved 1056768K
  class space    used 592K, capacity 616K, committed 640K, reserved 1048576K
Event: 2.912 GC heap after
Heap after GC invocations=4 (full 0):
 PSYoungGen      total 136192K, used 5099K [0x00000000eab00000, 0x00000000f3500000, 0x0000000100000000)
  eden space 131072K, 0% used [0x00000000eab00000,0x00000000eab00000,0x00000000f2b00000)
  from space 5120K, 99% used [0x00000000f3000000,0x00000000f34fad60,0x00000000f3500000)
  to   space 5120K, 0% used [0x00000000f2b00000,0x00000000f2b00000,0x00000000f3000000)
 ParOldGen       total 86016K, used 64759K [0x00000000c0000000, 0x00000000c5400000, 0x00000000eab00000)
  object space 86016K, 75% used [0x00000000c0000000,0x00000000c3f3dcc8,0x00000000c5400000)
 Metaspace       used 5896K, capacity 6960K, committed 7040K, reserved 1056768K
  class space    used 592K, capacity 616K, committed 640K, reserved 1048576K
}
Event: 2.912 GC heap before
{Heap before GC invocations=5 (full 1):
 PSYoungGen      total 136192K, used 5099K [0x00000000eab00000, 0x00000000f3500000, 0x0000000100000000)
  eden space 131072K, 0% used [0x00000000eab00000,0x00000000eab00000,0x00000000f2b00000)
  from space 5120K, 99% used [0x00000000f3000000,0x00000000f34fad60,0x00000000f3500000)
  to   space 5120K, 0% used [0x00000000f2b00000,0x00000000f2b00000,0x00000000f3000000)
 ParOldGen       total 86016K, used 64759K [0x00000000c0000000, 0x00000000c5400000, 0x00000000eab00000)
  object space 86016K, 75% used [0x00000000c0000000,0x00000000c3f3dcc8,0x00000000c5400000)
 Metaspace       used 5896K, capacity 6960K, committed 7040K, reserved 1056768K
  class space    used 592K, capacity 616K, committed 640K, reserved 1048576K
Event: 3.162 GC heap after
Heap after GC invocations=5 (full 1):
 PSYoungGen      total 136192K, used 0K [0x00000000eab00000, 0x00000000f3500000, 0x0000000100000000)
  eden space 131072K, 0% used [0x00000000eab00000,0x00000000eab00000,0x00000000f2b00000)
  from space 5120K, 0% used [0x00000000f3000000,0x00000000f3000000,0x00000000f3500000)
  to   space 5120K, 0% used [0x00000000f2b00000,0x00000000f2b00000,0x00000000f3000000)
 ParOldGen       total 86016K, used 37703K [0x00000000c0000000, 0x00000000c5400000, 0x00000000eab00000)
  object space 86016K, 43% used [0x00000000c0000000,0x00000000c24d1e88,0x00000000c5400000)
 Metaspace       used 5896K, capacity 6960K, committed 7040K, reserved 1056768K
  class space    used 592K, capacity 616K, committed 640K, reserved 1048576K
}

Deoptimization events (10 events):
Event: 2.546 Thread 0x000000005685d000 Uncommon trap: reason=bimorphic action=maybe_recompile pc=0x0000000002e8d118 method=com.android.dx.cf.code.BytecodeArray.parseInstruction(ILcom/android/dx/cf/code/BytecodeArray$Visitor;)I @ 1224
Event: 2.546 Thread 0x000000005685d000 Uncommon trap: reason=class_check action=maybe_recompile pc=0x0000000002e8d884 method=com.android.dx.cf.code.BytecodeArray.parseInstruction(ILcom/android/dx/cf/code/BytecodeArray$Visitor;)I @ 2002
Event: 2.546 Thread 0x000000005685d000 Uncommon trap: reason=bimorphic action=maybe_recompile pc=0x0000000002e8caf0 method=com.android.dx.cf.code.BytecodeArray.parseInstruction(ILcom/android/dx/cf/code/BytecodeArray$Visitor;)I @ 923
Event: 2.550 Thread 0x000000005685d000 Uncommon trap: reason=unstable_if action=reinterpret pc=0x0000000002e4c1b8 method=com.android.dx.ssa.SCCP.simulateStmt(Lcom/android/dx/ssa/SsaInsn;)V @ 53
Event: 2.575 Thread 0x000000005685d000 Uncommon trap: reason=bimorphic action=maybe_recompile pc=0x0000000002e5bbc4 method=com.android.dx.rop.code.Rops.opMoveResultPseudo(Lcom/android/dx/rop/type/TypeBearer;)Lcom/android/dx/rop/code/Rop; @ 7
Event: 2.575 Thread 0x000000005685d000 Uncommon trap: reason=bimorphic action=maybe_recompile pc=0x0000000002e6bae4 method=com.android.dx.ssa.LiteralOpUpgrader.tryReplacingWithConstant(Lcom/android/dx/ssa/NormalSsaInsn;)Z @ 52
Event: 2.724 Thread 0x0000000056828800 Uncommon trap: reason=unstable_if action=reinterpret pc=0x0000000002e38144 method=com.android.dx.ssa.SsaRenamer$BlockRenamer.process()V @ 90
Event: 2.728 Thread 0x0000000056828800 Uncommon trap: reason=bimorphic action=maybe_recompile pc=0x0000000002dca50c method=com.android.dx.rop.code.InsnList.contentEquals(Lcom/android/dx/rop/code/InsnList;)Z @ 38
Event: 2.733 Thread 0x0000000056828800 Uncommon trap: reason=bimorphic action=maybe_recompile pc=0x0000000002e5bbc4 method=com.android.dx.rop.code.Rops.opMoveResultPseudo(Lcom/android/dx/rop/type/TypeBearer;)Lcom/android/dx/rop/code/Rop; @ 7
Event: 2.734 Thread 0x0000000056828800 Uncommon trap: reason=bimorphic action=maybe_recompile pc=0x0000000002e6bae4 method=com.android.dx.ssa.LiteralOpUpgrader.tryReplacingWithConstant(Lcom/android/dx/ssa/NormalSsaInsn;)Z @ 52

Internal exceptions (4 events):
Event: 0.033 Thread 0x00000000025fd800 Exception <a 'java/lang/NoSuchMethodError': Method sun.misc.Unsafe.defineClass(Ljava/lang/String;[BII)Ljava/lang/Class; name or signature does not match> (0x00000000eab12f10) thrown at [C:\re\workspace\8-2-build-windows-amd64-cygwin\jdk8u45\3457\hotspot\srAEÜÓ<&°?
Event: 0.033 Thread 0x00000000025fd800 Exception <a 'java/lang/NoSuchMethodError': Method sun.misc.Unsafe.prefetchRead(Ljava/lang/Object;J)V name or signature does not match> (0x00000000eab131a0) thrown at [C:\re\workspace\8-2-build-windows-amd64-cygwin\jdk8u45\3457\hotspot\src\share\vm\prims\j∞ÌÆê10Á?
Event: 0.725 Thread 0x000000005685d000 Implicit null exception at 0x0000000002c9a91c to 0x0000000002c9bfc9
Event: 0.735 Thread 0x000000005685d000 Implicit null exception at 0x0000000002b47512 to 0x0000000002b47602

Events (10 events):
Event: 2.743 Thread 0x0000000056812800 DEOPT PACKING pc=0x0000000002d37739 sp=0x000000005714e9a0
Event: 2.743 Thread 0x0000000056812800 DEOPT UNPACKING pc=0x000000000290747f sp=0x000000005714e748 mode 0
Event: 2.743 Thread 0x0000000056812800 DEOPT PACKING pc=0x0000000002d37739 sp=0x000000005714e9a0
Event: 2.743 Thread 0x0000000056812800 DEOPT UNPACKING pc=0x000000000290747f sp=0x000000005714e748 mode 0
Event: 2.806 Thread 0x0000000056828800 DEOPT PACKING pc=0x0000000002e2a79a sp=0x00000000577fea10
Event: 2.806 Thread 0x0000000056828800 DEOPT UNPACKING pc=0x000000000290747f sp=0x00000000577fe788 mode 0
Event: 2.809 Thread 0x0000000056812800 DEOPT PACKING pc=0x0000000002d37739 sp=0x000000005714e9a0
Event: 2.809 Thread 0x0000000056812800 DEOPT UNPACKING pc=0x000000000290747f sp=0x000000005714e748 mode 0
Event: 2.855 Executing VM operation: ParallelGCFailedAllocation
Event: 3.162 Executing VM operation: ParallelGCFailedAllocation done


Dynamic libraries:
0x000000013fde0000 - 0x000000013fe17000 	D:\JDK\bin\java.exe
0x0000000077730000 - 0x00000000778db000 	C:\Windows\SYSTEM32\ntdll.dll
0x0000000077510000 - 0x000000007762f000 	C:\Windows\system32\kernel32.dll
0x000007fefd880000 - 0x000007fefd8eb000 	C:\Windows\system32\KERNELBASE.dll
0x000007fefdf70000 - 0x000007fefe04b000 	C:\Windows\system32\ADVAPI32.dll
0x000007feff5c0000 - 0x000007feff65f000 	C:\Windows\system32\msvcrt.dll
0x000007fefee30000 - 0x000007fefee4f000 	C:\Windows\SYSTEM32\sechost.dll
0x000007feff800000 - 0x000007feff92e000 	C:\Windows\system32\RPCRT4.dll
0x0000000077630000 - 0x000000007772a000 	C:\Windows\system32\USER32.dll
0x000007fefde00000 - 0x000007fefde67000 	C:\Windows\system32\GDI32.dll
0x000007fefddf0000 - 0x000007fefddfe000 	C:\Windows\system32\LPK.dll
0x000007feff240000 - 0x000007feff30a000 	C:\Windows\system32\USP10.dll
0x000007fefc090000 - 0x000007fefc284000 	C:\Windows\WinSxS\amd64_microsoft.windows.common-controls_6595b64144ccf1df_6.0.7600.16385_none_fa645303170382f6\COMCTL32.dll
0x000007fefdef0000 - 0x000007fefdf61000 	C:\Windows\system32\SHLWAPI.dll
0x000007feff4f0000 - 0x000007feff51e000 	C:\Windows\system32\IMM32.DLL
0x000007feff930000 - 0x000007feffa39000 	C:\Windows\system32\MSCTF.dll
0x0000000071160000 - 0x0000000071232000 	D:\JDK\bin\msvcr100.dll
0x000000006c250000 - 0x000000006cad3000 	D:\JDK\bin\server\jvm.dll
0x000007fefabb0000 - 0x000007fefabb9000 	C:\Windows\system32\WSOCK32.dll
0x000007fefe050000 - 0x000007fefe09d000 	C:\Windows\system32\WS2_32.dll
0x000007fefeef0000 - 0x000007fefeef8000 	C:\Windows\system32\NSI.dll
0x000007fefa9b0000 - 0x000007fefa9eb000 	C:\Windows\system32\WINMM.dll
0x000007fefc800000 - 0x000007fefc80c000 	C:\Windows\system32\VERSION.dll
0x0000000077900000 - 0x0000000077907000 	C:\Windows\system32\PSAPI.DLL
0x00000000748b0000 - 0x00000000748bf000 	D:\JDK\bin\verify.dll
0x0000000074880000 - 0x00000000748a9000 	D:\JDK\bin\java.dll
0x0000000074860000 - 0x0000000074876000 	D:\JDK\bin\zip.dll
0x000007fefe0a0000 - 0x000007fefee26000 	C:\Windows\system32\SHELL32.dll
0x000007fefda60000 - 0x000007fefdc61000 	C:\Windows\system32\ole32.dll
0x000007fefd690000 - 0x000007fefd69f000 	C:\Windows\system32\profapi.dll

VM Arguments:
jvm_args: -Djava.awt.headless=true -Xmx1024M -Dfile.encoding=GBK -Duser.country=CN -Duser.language=zh -Duser.variant 
java_command: com.android.dx.command.Main --dex --force-jumbo --num-threads=4 --output E:\studio-project\KXG\app\build\intermediates\pre-dexed\debug\main_84d4482478639f38b51f4a6e8d1d7dcfe2432763.jar E:\studio-project\KXG\app\build\intermediates\transforms\instantRun\debug\folders\1\5\main
java_class_path (initial): E:\android-sdk1\build-tools\24.0.0-preview\lib\dx.jar
Launcher Type: SUN_STANDARD

Environment Variables:
JAVA_HOME=D:\JDK\
CLASSPATH=.;D:\JDK\\lib\tools.jar
PATH=C:\ProgramData\Oracle\Java\javapath;C:\Windows\system32;C:\Windows;C:\Windows\System32\Wbem;C:\Windows\System32\WindowsPowerShell\v1.0\;C:\Program Files (x86)\Windows7Master;D:\SVN\bin;D:\mysql\bin;D:\JDK\\bin;E:\android-sdk\platform-tools;E:\android-sdk\tools;E:\android-sdk1\platform-tools;E:\android-sdk1\tools
USERNAME=Administrator
OS=Windows_NT
PROCESSOR_IDENTIFIER=Intel64 Family 6 Model 60 Stepping 3, GenuineIntel



---------------  S Y S T E M  ---------------

OS: Windows 7 , 64 bit Build 7600 (6.1.7600.16385)

CPU:total 4 (4 cores per cpu, 1 threads per core) family 6 model 60 stepping 3, cmov, cx8, fxsr, mmx, sse, sse2, sse3, ssse3, sse4.1, sse4.2, popcnt, aes, clmul, erms, lzcnt, tsc, tscinvbit, bmi1, bmi2

Memory: 4k page, physical 8256464k(1433092k free), swap 8254568k(5224k free)

vm_info: Java HotSpot(TM) 64-Bit Server VM (25.45-b02) for windows-amd64 JRE (1.8.0_45-b14), built on Apr 10 2015 10:34:15 by "java_re" with MS VC++ 10.0 (VS2010)

time: Fri Apr 15 16:05:07 2016
elapsed time: 3 seconds (0d 0h 0m 3s)

