#
# There is insufficient memory for the Java Runtime Environment to continue.
# Native memory allocation (malloc) failed to allocate 1231216 bytes for Chunk::new
# Possible reasons:
#   The system is out of physical RAM or swap space
#   In 32 bit mode, the process size limit was hit
# Possible solutions:
#   Reduce memory load on the system
#   Increase physical memory or swap space
#   Check if swap backing store is full
#   Use 64 bit Java on a 64 bit OS
#   Decrease Java heap size (-Xmx/-Xms)
#   Decrease number of Java threads
#   Decrease Java thread stack sizes (-Xss)
#   Set larger code cache with -XX:ReservedCodeCacheSize=
# This output file may be truncated or incomplete.
#
#  Out of Memory Error (allocation.cpp:390), pid=8536, tid=8228
#
# JRE version: Java(TM) SE Runtime Environment (8.0_45-b14) (build 1.8.0_45-b14)
# Java VM: Java HotSpot(TM) 64-Bit Server VM (25.45-b02 mixed mode windows-amd64 compressed oops)
# Failed to write core dump. Minidumps are not enabled by default on client versions of Windows
#

---------------  T H R E A D  ---------------

Current thread (0x00000000564ff800):  JavaThread "C2 CompilerThread0" daemon [_thread_in_native, id=8228, stack(0x0000000056cb0000,0x0000000056db0000)]

Stack: [0x0000000056cb0000,0x0000000056db0000]
Native frames: (J=compiled Java code, j=interpreted, Vv=VM code, C=native code)
V  [jvm.dll+0x32b57a]
V  [jvm.dll+0x279873]
V  [jvm.dll+0x27a509]
V  [jvm.dll+0x271825]
V  [jvm.dll+0xcb9e2]
V  [jvm.dll+0xcbeac]
V  [jvm.dll+0x49298c]
V  [jvm.dll+0x45f6ff]
V  [jvm.dll+0x46a73b]
V  [jvm.dll+0x46cd52]
V  [jvm.dll+0x4500f2]
V  [jvm.dll+0xa4352]
V  [jvm.dll+0xa4c8f]
V  [jvm.dll+0x241984]
V  [jvm.dll+0x29853a]
C  [msvcr100.dll+0x21d9f]
C  [msvcr100.dll+0x21e3b]
C  [kernel32.dll+0x1f56d]
C  [ntdll.dll+0x33281]


Current CompileTask:
C2:   1423 1344   !   4       com.android.dx.cf.code.BytecodeArray::parseInstruction (2764 bytes)


---------------  P R O C E S S  ---------------

Java Threads: ( => current thread )
  0x0000000056844000 JavaThread "pool-1-thread-4" [_thread_in_Java, id=6648, stack(0x0000000057830000,0x0000000057930000)]
  0x0000000056806000 JavaThread "pool-1-thread-3" [_thread_blocked, id=8248, stack(0x0000000057660000,0x0000000057760000)]
  0x0000000056805000 JavaThread "pool-1-thread-2" [_thread_in_Java, id=6860, stack(0x0000000057370000,0x0000000057470000)]
  0x00000000567f8800 JavaThread "pool-2-thread-1" [_thread_blocked, id=8684, stack(0x00000000574c0000,0x00000000575c0000)]
  0x00000000567f7800 JavaThread "pool-1-thread-1" [_thread_blocked, id=8660, stack(0x0000000057210000,0x0000000057310000)]
  0x0000000056506800 JavaThread "Service Thread" daemon [_thread_blocked, id=8456, stack(0x0000000056ba0000,0x0000000056ca0000)]
  0x0000000056504000 JavaThread "C1 CompilerThread2" daemon [_thread_blocked, id=8904, stack(0x0000000056fb0000,0x00000000570b0000)]
  0x0000000056503000 JavaThread "C2 CompilerThread1" daemon [_thread_in_native, id=8572, stack(0x0000000056db0000,0x0000000056eb0000)]
=>0x00000000564ff800 JavaThread "C2 CompilerThread0" daemon [_thread_in_native, id=8228, stack(0x0000000056cb0000,0x0000000056db0000)]
  0x00000000564fc800 JavaThread "Attach Listener" daemon [_thread_blocked, id=8652, stack(0x0000000056a80000,0x0000000056b80000)]
  0x00000000550cf000 JavaThread "Signal Dispatcher" daemon [_thread_blocked, id=6420, stack(0x0000000056930000,0x0000000056a30000)]
  0x0000000055060800 JavaThread "Finalizer" daemon [_thread_blocked, id=8304, stack(0x00000000560c0000,0x00000000561c0000)]
  0x000000005505f800 JavaThread "Reference Handler" daemon [_thread_blocked, id=8848, stack(0x00000000563f0000,0x00000000564f0000)]
  0x00000000002bd800 JavaThread "main" [_thread_in_native, id=8520, stack(0x0000000002770000,0x0000000002870000)]

Other Threads:
  0x000000005505a000 VMThread [stack: 0x0000000056280000,0x0000000056380000] [id=6728]
  0x000000005650d000 WatcherThread [stack: 0x0000000057100000,0x0000000057200000] [id=8396]

VM state:not at safepoint (normal execution)

VM Mutex/Monitor currently owned by a thread: None

Heap:
 PSYoungGen      total 37888K, used 22501K [0x00000000eab00000, 0x00000000ed500000, 0x0000000100000000)
  eden space 32768K, 53% used [0x00000000eab00000,0x00000000ebc00c58,0x00000000ecb00000)
  from space 5120K, 99% used [0x00000000ecb00000,0x00000000ecff8b98,0x00000000ed000000)
  to   space 5120K, 0% used [0x00000000ed000000,0x00000000ed000000,0x00000000ed500000)
 ParOldGen       total 86016K, used 53344K [0x00000000c0000000, 0x00000000c5400000, 0x00000000eab00000)
  object space 86016K, 62% used [0x00000000c0000000,0x00000000c3418230,0x00000000c5400000)
 Metaspace       used 5899K, capacity 6960K, committed 7040K, reserved 1056768K
  class space    used 592K, capacity 616K, committed 640K, reserved 1048576K

Card table byte_map: [0x0000000011c30000,0x0000000011e40000] byte_map_base: 0x0000000011630000

Marking Bits: (ParMarkBitMap*) 0x0000000066f94040
 Begin Bits: [0x00000000124d0000, 0x00000000134d0000)
 End Bits:   [0x00000000134d0000, 0x00000000144d0000)

Polling page: 0x0000000000230000

CodeCache: size=245760Kb used=6023Kb max_used=6023Kb free=239736Kb
 bounds [0x0000000002870000, 0x0000000002e60000, 0x0000000011870000]
 total_blobs=1726 nmethods=1456 adapters=184
 compilation: enabled

Compilation events (10 events):
Event: 1.413 Thread 0x0000000056504000 1528       2       com.android.dx.cf.direct.DirectClassFile::getAttributes (9 bytes)
Event: 1.413 Thread 0x0000000056504000 nmethod 1528 0x0000000002e4f110 code [0x0000000002e4f280, 0x0000000002e4f408]
Event: 1.414 Thread 0x0000000056504000 1529       2       com.android.dx.cf.code.BasicBlocker::visitBranch (98 bytes)
Event: 1.415 Thread 0x0000000056504000 nmethod 1529 0x0000000002e4f4d0 code [0x0000000002e4f6e0, 0x0000000002e4fe58]
Event: 1.415 Thread 0x0000000056504000 1530       2       com.android.dx.cf.code.Simulator$SimVisitor::visitBranch (341 bytes)
Event: 1.415 Thread 0x0000000056504000 nmethod 1530 0x0000000002e50d50 code [0x0000000002e50f80, 0x0000000002e51728]
Event: 1.415 Thread 0x0000000056504000 1531       2       com.android.dx.cf.code.BaseMachine::auxTargetArg (6 bytes)
Event: 1.415 Thread 0x0000000056504000 nmethod 1531 0x0000000002e51dd0 code [0x0000000002e51f20, 0x0000000002e52070]
Event: 1.415 Thread 0x0000000056504000 1532       1       com.android.dx.ssa.back.FirstFitLocalCombiningAllocator$Multiset::getSize (5 bytes)
Event: 1.415 Thread 0x0000000056504000 nmethod 1532 0x0000000002e52110 code [0x0000000002e52260, 0x0000000002e52370]

GC Heap History (10 events):
Event: 0.609 GC heap before
{Heap before GC invocations=1 (full 0):
 PSYoungGen      total 37888K, used 32768K [0x00000000eab00000, 0x00000000ed500000, 0x0000000100000000)
  eden space 32768K, 100% used [0x00000000eab00000,0x00000000ecb00000,0x00000000ecb00000)
  from space 5120K, 0% used [0x00000000ed000000,0x00000000ed000000,0x00000000ed500000)
  to   space 5120K, 0% used [0x00000000ecb00000,0x00000000ecb00000,0x00000000ed000000)
 ParOldGen       total 86016K, used 0K [0x00000000c0000000, 0x00000000c5400000, 0x00000000eab00000)
  object space 86016K, 0% used [0x00000000c0000000,0x00000000c0000000,0x00000000c5400000)
 Metaspace       used 5705K, capacity 6832K, committed 7040K, reserved 1056768K
  class space    used 590K, capacity 616K, committed 640K, reserved 1048576K
Event: 0.618 GC heap after
Heap after GC invocations=1 (full 0):
 PSYoungGen      total 37888K, used 5101K [0x00000000eab00000, 0x00000000ed500000, 0x0000000100000000)
  eden space 32768K, 0% used [0x00000000eab00000,0x00000000eab00000,0x00000000ecb00000)
  from space 5120K, 99% used [0x00000000ecb00000,0x00000000ecffb458,0x00000000ed000000)
  to   space 5120K, 0% used [0x00000000ed000000,0x00000000ed000000,0x00000000ed500000)
 ParOldGen       total 86016K, used 4876K [0x00000000c0000000, 0x00000000c5400000, 0x00000000eab00000)
  object space 86016K, 5% used [0x00000000c0000000,0x00000000c04c33b0,0x00000000c5400000)
 Metaspace       used 5705K, capacity 6832K, committed 7040K, reserved 1056768K
  class space    used 590K, capacity 616K, committed 640K, reserved 1048576K
}
Event: 0.736 GC heap before
{Heap before GC invocations=2 (full 0):
 PSYoungGen      total 37888K, used 37869K [0x00000000eab00000, 0x00000000ed500000, 0x0000000100000000)
  eden space 32768K, 100% used [0x00000000eab00000,0x00000000ecb00000,0x00000000ecb00000)
  from space 5120K, 99% used [0x00000000ecb00000,0x00000000ecffb458,0x00000000ed000000)
  to   space 5120K, 0% used [0x00000000ed000000,0x00000000ed000000,0x00000000ed500000)
 ParOldGen       total 86016K, used 4876K [0x00000000c0000000, 0x00000000c5400000, 0x00000000eab00000)
  object space 86016K, 5% used [0x00000000c0000000,0x00000000c04c33b0,0x00000000c5400000)
 Metaspace       used 5743K, capacity 6832K, committed 7040K, reserved 1056768K
  class space    used 590K, capacity 616K, committed 640K, reserved 1048576K
Event: 0.778 GC heap after
Heap after GC invocations=2 (full 0):
 PSYoungGen      total 37888K, used 5101K [0x00000000eab00000, 0x00000000ed500000, 0x0000000100000000)
  eden space 32768K, 0% used [0x00000000eab00000,0x00000000eab00000,0x00000000ecb00000)
  from space 5120K, 99% used [0x00000000ed000000,0x00000000ed4fb438,0x00000000ed500000)
  to   space 5120K, 0% used [0x00000000ecb00000,0x00000000ecb00000,0x00000000ed000000)
 ParOldGen       total 86016K, used 18538K [0x00000000c0000000, 0x00000000c5400000, 0x00000000eab00000)
  object space 86016K, 21% used [0x00000000c0000000,0x00000000c121a9e8,0x00000000c5400000)
 Metaspace       used 5743K, capacity 6832K, committed 7040K, reserved 1056768K
  class space    used 590K, capacity 616K, committed 640K, reserved 1048576K
}
Event: 0.994 GC heap before
{Heap before GC invocations=3 (full 0):
 PSYoungGen      total 37888K, used 37869K [0x00000000eab00000, 0x00000000ed500000, 0x0000000100000000)
  eden space 32768K, 100% used [0x00000000eab00000,0x00000000ecb00000,0x00000000ecb00000)
  from space 5120K, 99% used [0x00000000ed000000,0x00000000ed4fb438,0x00000000ed500000)
  to   space 5120K, 0% used [0x00000000ecb00000,0x00000000ecb00000,0x00000000ed000000)
 ParOldGen       total 86016K, used 18538K [0x00000000c0000000, 0x00000000c5400000, 0x00000000eab00000)
  object space 86016K, 21% used [0x00000000c0000000,0x00000000c121a9e8,0x00000000c5400000)
 Metaspace       used 5782K, capacity 6896K, committed 7040K, reserved 1056768K
  class space    used 591K, capacity 616K, committed 640K, reserved 1048576K
Event: 1.016 GC heap after
Heap after GC invocations=3 (full 0):
 PSYoungGen      total 37888K, used 5109K [0x00000000eab00000, 0x00000000ed500000, 0x0000000100000000)
  eden space 32768K, 0% used [0x00000000eab00000,0x00000000eab00000,0x00000000ecb00000)
  from space 5120K, 99% used [0x00000000ecb00000,0x00000000ecffd428,0x00000000ed000000)
  to   space 5120K, 0% used [0x00000000ed000000,0x00000000ed000000,0x00000000ed500000)
 ParOldGen       total 86016K, used 27736K [0x00000000c0000000, 0x00000000c5400000, 0x00000000eab00000)
  object space 86016K, 32% used [0x00000000c0000000,0x00000000c1b16248,0x00000000c5400000)
 Metaspace       used 5782K, capacity 6896K, committed 7040K, reserved 1056768K
  class space    used 591K, capacity 616K, committed 640K, reserved 1048576K
}
Event: 1.237 GC heap before
{Heap before GC invocations=4 (full 0):
 PSYoungGen      total 37888K, used 37877K [0x00000000eab00000, 0x00000000ed500000, 0x0000000100000000)
  eden space 32768K, 100% used [0x00000000eab00000,0x00000000ecb00000,0x00000000ecb00000)
  from space 5120K, 99% used [0x00000000ecb00000,0x00000000ecffd428,0x00000000ed000000)
  to   space 5120K, 0% used [0x00000000ed000000,0x00000000ed000000,0x00000000ed500000)
 ParOldGen       total 86016K, used 27736K [0x00000000c0000000, 0x00000000c5400000, 0x00000000eab00000)
  object space 86016K, 32% used [0x00000000c0000000,0x00000000c1b16248,0x00000000c5400000)
 Metaspace       used 5883K, capacity 6960K, committed 7040K, reserved 1056768K
  class space    used 592K, capacity 616K, committed 640K, reserved 1048576K
Event: 1.285 GC heap after
Heap after GC invocations=4 (full 0):
 PSYoungGen      total 37888K, used 5092K [0x00000000eab00000, 0x00000000ed500000, 0x0000000100000000)
  eden space 32768K, 0% used [0x00000000eab00000,0x00000000eab00000,0x00000000ecb00000)
  from space 5120K, 99% used [0x00000000ed000000,0x00000000ed4f92d0,0x00000000ed500000)
  to   space 5120K, 0% used [0x00000000ecb00000,0x00000000ecb00000,0x00000000ed000000)
 ParOldGen       total 86016K, used 39821K [0x00000000c0000000, 0x00000000c5400000, 0x00000000eab00000)
  object space 86016K, 46% used [0x00000000c0000000,0x00000000c26e3690,0x00000000c5400000)
 Metaspace       used 5883K, capacity 6960K, committed 7040K, reserved 1056768K
  class space    used 592K, capacity 616K, committed 640K, reserved 1048576K
}
Event: 1.366 GC heap before
{Heap before GC invocations=5 (full 0):
 PSYoungGen      total 37888K, used 37860K [0x00000000eab00000, 0x00000000ed500000, 0x0000000100000000)
  eden space 32768K, 100% used [0x00000000eab00000,0x00000000ecb00000,0x00000000ecb00000)
  from space 5120K, 99% used [0x00000000ed000000,0x00000000ed4f92d0,0x00000000ed500000)
  to   space 5120K, 0% used [0x00000000ecb00000,0x00000000ecb00000,0x00000000ed000000)
 ParOldGen       total 86016K, used 39821K [0x00000000c0000000, 0x00000000c5400000, 0x00000000eab00000)
  object space 86016K, 46% used [0x00000000c0000000,0x00000000c26e3690,0x00000000c5400000)
 Metaspace       used 5883K, capacity 6960K, committed 7040K, reserved 1056768K
  class space    used 592K, capacity 616K, committed 640K, reserved 1048576K
Event: 1.390 GC heap after
Heap after GC invocations=5 (full 0):
 PSYoungGen      total 37888K, used 5090K [0x00000000eab00000, 0x00000000ed500000, 0x0000000100000000)
  eden space 32768K, 0% used [0x00000000eab00000,0x00000000eab00000,0x00000000ecb00000)
  from space 5120K, 99% used [0x00000000ecb00000,0x00000000ecff8b98,0x00000000ed000000)
  to   space 5120K, 0% used [0x00000000ed000000,0x00000000ed000000,0x00000000ed500000)
 ParOldGen       total 86016K, used 53344K [0x00000000c0000000, 0x00000000c5400000, 0x00000000eab00000)
  object space 86016K, 62% used [0x00000000c0000000,0x00000000c3418230,0x00000000c5400000)
 Metaspace       used 5883K, capacity 6960K, committed 7040K, reserved 1056768K
  class space    used 592K, capacity 616K, committed 640K, reserved 1048576K
}

Deoptimization events (10 events):
Event: 0.628 Thread 0x0000000056805000 Uncommon trap: reason=class_check action=maybe_recompile pc=0x0000000002bd88c8 method=com.android.dx.ssa.NormalSsaInsn.accept(Lcom/android/dx/ssa/SsaInsn$Visitor;)V @ 9
Event: 0.670 Thread 0x0000000056805000 Uncommon trap: reason=class_check action=maybe_recompile pc=0x0000000002c172c4 method=com.android.dx.ssa.NormalSsaInsn.accept(Lcom/android/dx/ssa/SsaInsn$Visitor;)V @ 9
Event: 0.845 Thread 0x0000000056844000 Uncommon trap: reason=null_check action=make_not_entrant pc=0x0000000002b58dd0 method=com.android.dx.rop.type.Type.equals(Ljava/lang/Object;)Z @ 8
Event: 1.106 Thread 0x0000000056805000 Uncommon trap: reason=unstable_if action=reinterpret pc=0x0000000002d42d88 method=com.android.dx.ssa.SCCP.simulateBranch(Lcom/android/dx/ssa/SsaInsn;)V @ 53
Event: 1.164 Thread 0x0000000056844000 Uncommon trap: reason=unstable_if action=reinterpret pc=0x0000000002cf8068 method=com.android.dx.ssa.SCCP.simulateStmt(Lcom/android/dx/ssa/SsaInsn;)V @ 53
Event: 1.165 Thread 0x00000000567f7800 Uncommon trap: reason=bimorphic action=maybe_recompile pc=0x0000000002d0cffc method=com.android.dx.cf.code.BytecodeArray.parseInstruction(ILcom/android/dx/cf/code/BytecodeArray$Visitor;)I @ 2281
Event: 1.165 Thread 0x00000000567f7800 Uncommon trap: reason=bimorphic action=maybe_recompile pc=0x0000000002d0cffc method=com.android.dx.cf.code.BytecodeArray.parseInstruction(ILcom/android/dx/cf/code/BytecodeArray$Visitor;)I @ 2281
Event: 1.166 Thread 0x00000000567f7800 Uncommon trap: reason=bimorphic action=maybe_recompile pc=0x0000000002d0cffc method=com.android.dx.cf.code.BytecodeArray.parseInstruction(ILcom/android/dx/cf/code/BytecodeArray$Visitor;)I @ 2281
Event: 1.166 Thread 0x00000000567f7800 Uncommon trap: reason=bimorphic action=maybe_recompile pc=0x0000000002d0cffc method=com.android.dx.cf.code.BytecodeArray.parseInstruction(ILcom/android/dx/cf/code/BytecodeArray$Visitor;)I @ 2281
Event: 1.174 Thread 0x00000000567f7800 Uncommon trap: reason=unstable_if action=reinterpret pc=0x0000000002d69c0c method=com.android.dx.rop.code.InsnList.contentEquals(Lcom/android/dx/rop/code/InsnList;)Z @ 25

Internal exceptions (4 events):
Event: 0.106 Thread 0x00000000002bd800 Exception <a 'java/lang/NoSuchMethodError': Method sun.misc.Unsafe.defineClass(Ljava/lang/String;[BII)Ljava/lang/Class; name or signature does not match> (0x00000000eab12f10) thrown at [C:\re\workspace\8-2-build-windows-amd64-cygwin\jdk8u45\3457\hotspot\sr…0ogª?
Event: 0.106 Thread 0x00000000002bd800 Exception <a 'java/lang/NoSuchMethodError': Method sun.misc.Unsafe.prefetchRead(Ljava/lang/Object;J)V name or signature does not match> (0x00000000eab131a0) thrown at [C:\re\workspace\8-2-build-windows-amd64-cygwin\jdk8u45\3457\hotspot\src\share\vm\prims\jπ∂èh{∏·?
Event: 0.554 Thread 0x0000000056844000 Implicit null exception at 0x0000000002bba7bf to 0x0000000002bbbc85
Event: 0.845 Thread 0x0000000056844000 Implicit null exception at 0x0000000002b58cd2 to 0x0000000002b58dc2

Events (10 events):
Event: 1.357 Thread 0x0000000056806000 DEOPT PACKING pc=0x0000000002cd4b29 sp=0x000000005775e8a0
Event: 1.357 Thread 0x0000000056806000 DEOPT UNPACKING pc=0x00000000028b747f sp=0x000000005775e668 mode 0
Event: 1.357 Thread 0x0000000056806000 DEOPT PACKING pc=0x0000000002cbe351 sp=0x000000005775ea20
Event: 1.357 Thread 0x0000000056806000 DEOPT UNPACKING pc=0x00000000028b747f sp=0x000000005775e790 mode 0
Event: 1.363 Thread 0x0000000056805000 DEOPT PACKING pc=0x0000000002d88039 sp=0x000000005746ea10
Event: 1.363 Thread 0x0000000056805000 DEOPT UNPACKING pc=0x00000000028b747f sp=0x000000005746e800 mode 0
Event: 1.366 Executing VM operation: ParallelGCFailedAllocation
Event: 1.390 Executing VM operation: ParallelGCFailedAllocation done
Event: 1.397 Thread 0x0000000056805000 DEOPT PACKING pc=0x0000000002d829bb sp=0x000000005746e9c0
Event: 1.397 Thread 0x0000000056805000 DEOPT UNPACKING pc=0x00000000028b747f sp=0x000000005746e730 mode 0


Dynamic libraries:
0x000000013f830000 - 0x000000013f867000 	D:\JDK\bin\java.exe
0x0000000076df0000 - 0x0000000076f9b000 	C:\Windows\SYSTEM32\ntdll.dll
0x0000000076bd0000 - 0x0000000076cef000 	C:\Windows\system32\kernel32.dll
0x000007fefce40000 - 0x000007fefceab000 	C:\Windows\system32\KERNELBASE.dll
0x000007fefed10000 - 0x000007fefedeb000 	C:\Windows\system32\ADVAPI32.dll
0x000007fefd5f0000 - 0x000007fefd68f000 	C:\Windows\system32\msvcrt.dll
0x000007fefedf0000 - 0x000007fefee0f000 	C:\Windows\SYSTEM32\sechost.dll
0x000007fefd9f0000 - 0x000007fefdb1e000 	C:\Windows\system32\RPCRT4.dll
0x0000000076cf0000 - 0x0000000076dea000 	C:\Windows\system32\USER32.dll
0x000007fefd550000 - 0x000007fefd5b7000 	C:\Windows\system32\GDI32.dll
0x000007fefd780000 - 0x000007fefd78e000 	C:\Windows\system32\LPK.dll
0x000007fefde30000 - 0x000007fefdefa000 	C:\Windows\system32\USP10.dll
0x000007fefb580000 - 0x000007fefb774000 	C:\Windows\WinSxS\amd64_microsoft.windows.common-controls_6595b64144ccf1df_6.0.7600.16385_none_fa645303170382f6\COMCTL32.dll
0x000007fefdf00000 - 0x000007fefdf71000 	C:\Windows\system32\SHLWAPI.dll
0x000007fefd5c0000 - 0x000007fefd5ee000 	C:\Windows\system32\IMM32.DLL
0x000007fefee10000 - 0x000007fefef19000 	C:\Windows\system32\MSCTF.dll
0x00000000666b0000 - 0x0000000066782000 	D:\JDK\bin\msvcr100.dll
0x0000000066790000 - 0x0000000067013000 	D:\JDK\bin\server\jvm.dll
0x000007feeca60000 - 0x000007feeca69000 	C:\Windows\system32\WSOCK32.dll
0x000007fefd730000 - 0x000007fefd77d000 	C:\Windows\system32\WS2_32.dll
0x000007fefdb20000 - 0x000007fefdb28000 	C:\Windows\system32\NSI.dll
0x000007fefadb0000 - 0x000007fefadeb000 	C:\Windows\system32\WINMM.dll
0x000007fefbec0000 - 0x000007fefbecc000 	C:\Windows\system32\VERSION.dll
0x0000000076fc0000 - 0x0000000076fc7000 	C:\Windows\system32\PSAPI.DLL
0x0000000067790000 - 0x000000006779f000 	D:\JDK\bin\verify.dll
0x0000000066680000 - 0x00000000666a9000 	D:\JDK\bin\java.dll
0x0000000066660000 - 0x0000000066676000 	D:\JDK\bin\zip.dll
0x000007fefdf80000 - 0x000007fefed06000 	C:\Windows\system32\SHELL32.dll
0x000007fefd210000 - 0x000007fefd411000 	C:\Windows\system32\ole32.dll
0x000007fefcd50000 - 0x000007fefcd5f000 	C:\Windows\system32\profapi.dll
0x000007feedf20000 - 0x000007feee045000 	C:\Windows\system32\dbghelp.dll

VM Arguments:
jvm_args: -Djava.awt.headless=true -Xmx1024M -Dfile.encoding=GBK -Duser.country=CN -Duser.language=zh -Duser.variant 
java_command: com.android.dx.command.Main --dex --force-jumbo --num-threads=4 --output E:\studio-project\KXG\app\build\intermediates\pre-dexed\debug\main_84d4482478639f38b51f4a6e8d1d7dcfe2432763.jar E:\studio-project\KXG\app\build\intermediates\transforms\instantRun\debug\folders\1\5\main
java_class_path (initial): E:\android-sdk1\build-tools\24.0.0-preview\lib\dx.jar
Launcher Type: SUN_STANDARD

Environment Variables:
JAVA_HOME=D:\JDK\
CLASSPATH=.;D:\JDK\\lib\tools.jar
PATH=C:\ProgramData\Oracle\Java\javapath;C:\Windows\system32;C:\Windows;C:\Windows\System32\Wbem;C:\Windows\System32\WindowsPowerShell\v1.0\;C:\Program Files (x86)\Windows7Master;D:\SVN\bin;D:\mysql\bin;D:\JDK\\bin;E:\android-sdk\platform-tools;E:\android-sdk\tools;E:\android-sdk1\platform-tools;E:\android-sdk1\tools
USERNAME=Administrator
OS=Windows_NT
PROCESSOR_IDENTIFIER=Intel64 Family 6 Model 60 Stepping 3, GenuineIntel



---------------  S Y S T E M  ---------------

OS: Windows 7 , 64 bit Build 7600 (6.1.7600.16385)

CPU:total 4 (4 cores per cpu, 1 threads per core) family 6 model 60 stepping 3, cmov, cx8, fxsr, mmx, sse, sse2, sse3, ssse3, sse4.1, sse4.2, popcnt, aes, clmul, erms, lzcnt, tsc, tscinvbit, bmi1, bmi2

Memory: 4k page, physical 8256464k(2134512k free), swap 8254568k(5124k free)

vm_info: Java HotSpot(TM) 64-Bit Server VM (25.45-b02) for windows-amd64 JRE (1.8.0_45-b14), built on Apr 10 2015 10:34:15 by "java_re" with MS VC++ 10.0 (VS2010)

time: Tue Apr 19 10:15:57 2016
elapsed time: 1 seconds (0d 0h 0m 1s)

