#
# There is insufficient memory for the Java Runtime Environment to continue.
# Native memory allocation (malloc) failed to allocate 131088 bytes for Chunk::new
# Possible reasons:
#   The system is out of physical RAM or swap space
#   In 32 bit mode, the process size limit was hit
# Possible solutions:
#   Reduce memory load on the system
#   Increase physical memory or swap space
#   Check if swap backing store is full
#   Use 64 bit Java on a 64 bit OS
#   Decrease Java heap size (-Xmx/-Xms)
#   Decrease number of Java threads
#   Decrease Java thread stack sizes (-Xss)
#   Set larger code cache with -XX:ReservedCodeCacheSize=
# This output file may be truncated or incomplete.
#
#  Out of Memory Error (allocation.cpp:390), pid=8856, tid=9104
#
# JRE version: Java(TM) SE Runtime Environment (8.0_45-b14) (build 1.8.0_45-b14)
# Java VM: Java HotSpot(TM) 64-Bit Server VM (25.45-b02 mixed mode windows-amd64 compressed oops)
# Failed to write core dump. Minidumps are not enabled by default on client versions of Windows
#

---------------  T H R E A D  ---------------

Current thread (0x0000000056804000):  JavaThread "C2 CompilerThread0" daemon [_thread_in_native, id=9104, stack(0x0000000056bf0000,0x0000000056cf0000)]

Stack: [0x0000000056bf0000,0x0000000056cf0000]
Native frames: (J=compiled Java code, j=interpreted, Vv=VM code, C=native code)
V  [jvm.dll+0x32b57a]


Current CompileTask:
C2:   8687 2376   !   4       com.android.dx.cf.code.RopperMachine::run (1550 bytes)


---------------  P R O C E S S  ---------------

Java Threads: ( => current thread )
  0x0000000056ba9000 JavaThread "pool-1-thread-4" [_thread_in_Java, id=8816, stack(0x0000000058380000,0x0000000058480000)]
  0x0000000056ba6000 JavaThread "pool-1-thread-3" [_thread_blocked, id=8592, stack(0x0000000058210000,0x0000000058310000)]
  0x0000000056ba4800 JavaThread "pool-1-thread-2" [_thread_blocked, id=9000, stack(0x0000000058040000,0x0000000058140000)]
  0x0000000056ba4000 JavaThread "pool-2-thread-1" [_thread_blocked, id=8608, stack(0x0000000057ea0000,0x0000000057fa0000)]
  0x0000000056b0e800 JavaThread "pool-1-thread-1" [_thread_blocked, id=9048, stack(0x0000000057d70000,0x0000000057e70000)]
  0x000000005680b000 JavaThread "Service Thread" daemon [_thread_blocked, id=9076, stack(0x00000000571c0000,0x00000000572c0000)]
  0x0000000056808000 JavaThread "C1 CompilerThread2" daemon [_thread_in_vm, id=9108, stack(0x0000000056fb0000,0x00000000570b0000)]
  0x0000000056807000 JavaThread "C2 CompilerThread1" daemon [_thread_blocked, id=9064, stack(0x0000000056db0000,0x0000000056eb0000)]
=>0x0000000056804000 JavaThread "C2 CompilerThread0" daemon [_thread_in_native, id=9104, stack(0x0000000056bf0000,0x0000000056cf0000)]
  0x0000000056800800 JavaThread "Attach Listener" daemon [_thread_blocked, id=9068, stack(0x00000000025b0000,0x00000000026b0000)]
  0x000000005532c000 JavaThread "Signal Dispatcher" daemon [_thread_blocked, id=8968, stack(0x0000000056250000,0x0000000056350000)]
  0x00000000552d0800 JavaThread "Finalizer" daemon [_thread_blocked, id=9040, stack(0x00000000566f0000,0x00000000567f0000)]
  0x00000000552cf800 JavaThread "Reference Handler" daemon [_thread_blocked, id=9024, stack(0x0000000056540000,0x0000000056640000)]
  0x00000000024ad800 JavaThread "main" [_thread_blocked, id=8232, stack(0x00000000028f0000,0x00000000029f0000)]

Other Threads:
  0x00000000552ca000 VMThread [stack: 0x0000000056360000,0x0000000056460000] [id=848]
  0x0000000056811000 WatcherThread [stack: 0x00000000573e0000,0x00000000574e0000] [id=8760]

VM state:not at safepoint (normal execution)

VM Mutex/Monitor currently owned by a thread:  ([mutex/lock_event])
[0x00000000024ac450] CompiledIC_lock - owner thread: 0x0000000056808000

Heap:
 PSYoungGen      total 136192K, used 106033K [0x00000000eab00000, 0x00000000fe200000, 0x0000000100000000)
  eden space 131072K, 77% used [0x00000000eab00000,0x00000000f0d90af8,0x00000000f2b00000)
  from space 5120K, 99% used [0x00000000f2b00000,0x00000000f2ffba20,0x00000000f3000000)
  to   space 28160K, 0% used [0x00000000fc680000,0x00000000fc680000,0x00000000fe200000)
 ParOldGen       total 86016K, used 43189K [0x00000000c0000000, 0x00000000c5400000, 0x00000000eab00000)
  object space 86016K, 50% used [0x00000000c0000000,0x00000000c2a2d7d8,0x00000000c5400000)
 Metaspace       used 6394K, capacity 7256K, committed 7424K, reserved 1056768K
  class space    used 617K, capacity 656K, committed 768K, reserved 1048576K

Card table byte_map: [0x0000000011db0000,0x0000000011fc0000] byte_map_base: 0x00000000117b0000

Marking Bits: (ParMarkBitMap*) 0x0000000066f94040
 Begin Bits: [0x0000000012740000, 0x0000000013740000)
 End Bits:   [0x0000000013740000, 0x0000000014740000)

Polling page: 0x0000000000430000

CodeCache: size=245760Kb used=11819Kb max_used=11899Kb free=233940Kb
 bounds [0x00000000029f0000, 0x00000000035a0000, 0x00000000119f0000]
 total_blobs=2552 nmethods=2280 adapters=184
 compilation: enabled

Compilation events (10 events):
Event: 8.509 Thread 0x0000000056808000 2371       3       com.android.dx.ssa.back.FirstFitLocalCombiningAllocator::fitPlanForRange (250 bytes)
Event: 8.511 Thread 0x0000000056808000 nmethod 2371 0x000000000358be10 code [0x000000000358c180, 0x000000000358e238]
Event: 8.523 Thread 0x0000000056807000 2373       4       com.android.dx.cf.direct.StdAttributeFactory::code (613 bytes)
Event: 8.568 Thread 0x0000000056807000 nmethod 2373 0x0000000003593990 code [0x0000000003593c20, 0x00000000035964f0]
Event: 8.597 Thread 0x0000000056804000 2374       4       com.android.dx.cf.code.BasicBlocker::visitNoArgs (298 bytes)
Event: 8.636 Thread 0x0000000056804000 nmethod 2374 0x0000000003599cd0 code [0x0000000003599fe0, 0x000000000359b788]
Event: 8.654 Thread 0x0000000056807000 2375       4       com.android.dx.rop.cst.TypedConstant::getBasicFrameType (8 bytes)
Event: 8.655 Thread 0x0000000056807000 nmethod 2375 0x0000000003550310 code [0x0000000003550460, 0x00000000035504f8]
Event: 8.672 Thread 0x0000000056804000 2376   !   4       com.android.dx.cf.code.RopperMachine::run (1550 bytes)
Event: 8.681 Thread 0x0000000056808000 2377       3       com.android.dx.ssa.ConstCollector::getConstsSortedByCountUse (386 bytes)

GC Heap History (10 events):
Event: 1.292 GC heap before
{Heap before GC invocations=1 (full 0):
 PSYoungGen      total 37888K, used 32768K [0x00000000eab00000, 0x00000000ed500000, 0x0000000100000000)
  eden space 32768K, 100% used [0x00000000eab00000,0x00000000ecb00000,0x00000000ecb00000)
  from space 5120K, 0% used [0x00000000ed000000,0x00000000ed000000,0x00000000ed500000)
  to   space 5120K, 0% used [0x00000000ecb00000,0x00000000ecb00000,0x00000000ed000000)
 ParOldGen       total 86016K, used 0K [0x00000000c0000000, 0x00000000c5400000, 0x00000000eab00000)
  object space 86016K, 0% used [0x00000000c0000000,0x00000000c0000000,0x00000000c5400000)
 Metaspace       used 5804K, capacity 6832K, committed 7040K, reserved 1056768K
  class space    used 594K, capacity 616K, committed 640K, reserved 1048576K
Event: 1.327 GC heap after
Heap after GC invocations=1 (full 0):
 PSYoungGen      total 37888K, used 4729K [0x00000000eab00000, 0x00000000ef500000, 0x0000000100000000)
  eden space 32768K, 0% used [0x00000000eab00000,0x00000000eab00000,0x00000000ecb00000)
  from space 5120K, 92% used [0x00000000ecb00000,0x00000000ecf9e7f8,0x00000000ed000000)
  to   space 5120K, 0% used [0x00000000ef000000,0x00000000ef000000,0x00000000ef500000)
 ParOldGen       total 86016K, used 16K [0x00000000c0000000, 0x00000000c5400000, 0x00000000eab00000)
  object space 86016K, 0% used [0x00000000c0000000,0x00000000c0004000,0x00000000c5400000)
 Metaspace       used 5804K, capacity 6832K, committed 7040K, reserved 1056768K
  class space    used 594K, capacity 616K, committed 640K, reserved 1048576K
}
Event: 1.894 GC heap before
{Heap before GC invocations=2 (full 0):
 PSYoungGen      total 37888K, used 37497K [0x00000000eab00000, 0x00000000ef500000, 0x0000000100000000)
  eden space 32768K, 100% used [0x00000000eab00000,0x00000000ecb00000,0x00000000ecb00000)
  from space 5120K, 92% used [0x00000000ecb00000,0x00000000ecf9e7f8,0x00000000ed000000)
  to   space 5120K, 0% used [0x00000000ef000000,0x00000000ef000000,0x00000000ef500000)
 ParOldGen       total 86016K, used 16K [0x00000000c0000000, 0x00000000c5400000, 0x00000000eab00000)
  object space 86016K, 0% used [0x00000000c0000000,0x00000000c0004000,0x00000000c5400000)
 Metaspace       used 6062K, capacity 7024K, committed 7296K, reserved 1056768K
  class space    used 595K, capacity 616K, committed 640K, reserved 1048576K
Event: 1.927 GC heap after
Heap after GC invocations=2 (full 0):
 PSYoungGen      total 70656K, used 5101K [0x00000000eab00000, 0x00000000ef500000, 0x0000000100000000)
  eden space 65536K, 0% used [0x00000000eab00000,0x00000000eab00000,0x00000000eeb00000)
  from space 5120K, 99% used [0x00000000ef000000,0x00000000ef4fb780,0x00000000ef500000)
  to   space 5120K, 0% used [0x00000000eeb00000,0x00000000eeb00000,0x00000000ef000000)
 ParOldGen       total 86016K, used 2630K [0x00000000c0000000, 0x00000000c5400000, 0x00000000eab00000)
  object space 86016K, 3% used [0x00000000c0000000,0x00000000c02919d8,0x00000000c5400000)
 Metaspace       used 6062K, capacity 7024K, committed 7296K, reserved 1056768K
  class space    used 595K, capacity 616K, committed 640K, reserved 1048576K
}
Event: 3.247 GC heap before
{Heap before GC invocations=3 (full 0):
 PSYoungGen      total 70656K, used 70637K [0x00000000eab00000, 0x00000000ef500000, 0x0000000100000000)
  eden space 65536K, 100% used [0x00000000eab00000,0x00000000eeb00000,0x00000000eeb00000)
  from space 5120K, 99% used [0x00000000ef000000,0x00000000ef4fb780,0x00000000ef500000)
  to   space 5120K, 0% used [0x00000000eeb00000,0x00000000eeb00000,0x00000000ef000000)
 ParOldGen       total 86016K, used 2630K [0x00000000c0000000, 0x00000000c5400000, 0x00000000eab00000)
  object space 86016K, 3% used [0x00000000c0000000,0x00000000c02919d8,0x00000000c5400000)
 Metaspace       used 6180K, capacity 7152K, committed 7296K, reserved 1056768K
  class space    used 596K, capacity 616K, committed 640K, reserved 1048576K
Event: 3.287 GC heap after
Heap after GC invocations=3 (full 0):
 PSYoungGen      total 70656K, used 5106K [0x00000000eab00000, 0x00000000f3500000, 0x0000000100000000)
  eden space 65536K, 0% used [0x00000000eab00000,0x00000000eab00000,0x00000000eeb00000)
  from space 5120K, 99% used [0x00000000eeb00000,0x00000000eeffcac8,0x00000000ef000000)
  to   space 5120K, 0% used [0x00000000f3000000,0x00000000f3000000,0x00000000f3500000)
 ParOldGen       total 86016K, used 12278K [0x00000000c0000000, 0x00000000c5400000, 0x00000000eab00000)
  object space 86016K, 14% used [0x00000000c0000000,0x00000000c0bfd870,0x00000000c5400000)
 Metaspace       used 6180K, capacity 7152K, committed 7296K, reserved 1056768K
  class space    used 596K, capacity 616K, committed 640K, reserved 1048576K
}
Event: 4.463 GC heap before
{Heap before GC invocations=4 (full 0):
 PSYoungGen      total 70656K, used 70642K [0x00000000eab00000, 0x00000000f3500000, 0x0000000100000000)
  eden space 65536K, 100% used [0x00000000eab00000,0x00000000eeb00000,0x00000000eeb00000)
  from space 5120K, 99% used [0x00000000eeb00000,0x00000000eeffcac8,0x00000000ef000000)
  to   space 5120K, 0% used [0x00000000f3000000,0x00000000f3000000,0x00000000f3500000)
 ParOldGen       total 86016K, used 12278K [0x00000000c0000000, 0x00000000c5400000, 0x00000000eab00000)
  object space 86016K, 14% used [0x00000000c0000000,0x00000000c0bfd870,0x00000000c5400000)
 Metaspace       used 6220K, capacity 7152K, committed 7296K, reserved 1056768K
  class space    used 596K, capacity 616K, committed 640K, reserved 1048576K
Event: 4.483 GC heap after
Heap after GC invocations=4 (full 0):
 PSYoungGen      total 136192K, used 5095K [0x00000000eab00000, 0x00000000f3500000, 0x0000000100000000)
  eden space 131072K, 0% used [0x00000000eab00000,0x00000000eab00000,0x00000000f2b00000)
  from space 5120K, 99% used [0x00000000f3000000,0x00000000f34f9d08,0x00000000f3500000)
  to   space 5120K, 0% used [0x00000000f2b00000,0x00000000f2b00000,0x00000000f3000000)
 ParOldGen       total 86016K, used 22893K [0x00000000c0000000, 0x00000000c5400000, 0x00000000eab00000)
  object space 86016K, 26% used [0x00000000c0000000,0x00000000c165b780,0x00000000c5400000)
 Metaspace       used 6220K, capacity 7152K, committed 7296K, reserved 1056768K
  class space    used 596K, capacity 616K, committed 640K, reserved 1048576K
}
Event: 6.042 GC heap before
{Heap before GC invocations=5 (full 0):
 PSYoungGen      total 136192K, used 136167K [0x00000000eab00000, 0x00000000f3500000, 0x0000000100000000)
  eden space 131072K, 100% used [0x00000000eab00000,0x00000000f2b00000,0x00000000f2b00000)
  from space 5120K, 99% used [0x00000000f3000000,0x00000000f34f9d08,0x00000000f3500000)
  to   space 5120K, 0% used [0x00000000f2b00000,0x00000000f2b00000,0x00000000f3000000)
 ParOldGen       total 86016K, used 22893K [0x00000000c0000000, 0x00000000c5400000, 0x00000000eab00000)
  object space 86016K, 26% used [0x00000000c0000000,0x00000000c165b780,0x00000000c5400000)
 Metaspace       used 6296K, capacity 7216K, committed 7296K, reserved 1056768K
  class space    used 597K, capacity 616K, committed 640K, reserved 1048576K
Event: 6.086 GC heap after
Heap after GC invocations=5 (full 0):
 PSYoungGen      total 136192K, used 5102K [0x00000000eab00000, 0x00000000fe200000, 0x0000000100000000)
  eden space 131072K, 0% used [0x00000000eab00000,0x00000000eab00000,0x00000000f2b00000)
  from space 5120K, 99% used [0x00000000f2b00000,0x00000000f2ffba20,0x00000000f3000000)
  to   space 28160K, 0% used [0x00000000fc680000,0x00000000fc680000,0x00000000fe200000)
 ParOldGen       total 86016K, used 43189K [0x00000000c0000000, 0x00000000c5400000, 0x00000000eab00000)
  object space 86016K, 50% used [0x00000000c0000000,0x00000000c2a2d7d8,0x00000000c5400000)
 Metaspace       used 6296K, capacity 7216K, committed 7296K, reserved 1056768K
  class space    used 597K, capacity 616K, committed 640K, reserved 1048576K
}

Deoptimization events (10 events):
Event: 7.243 Thread 0x0000000056ba6000 Uncommon trap: reason=bimorphic action=maybe_recompile pc=0x000000000315b260 method=java.util.HashMap.putVal(ILjava/lang/Object;Ljava/lang/Object;ZZ)Ljava/lang/Object; @ 203
Event: 7.252 Thread 0x00000000024ad800 Uncommon trap: reason=unstable_if action=reinterpret pc=0x0000000003391fe8 method=com.android.dx.cf.direct.StdAttributeFactory.parse0(Lcom/android/dx/cf/direct/DirectClassFile;ILjava/lang/String;IILcom/android/dx/cf/iface/ParseObserver;)Lcom/android/dx/cf/m¶å
W@
Event: 7.265 Thread 0x0000000056ba6000 Uncommon trap: reason=unstable_if action=reinterpret pc=0x0000000002dfaea4 method=java.util.HashMap.putVal(ILjava/lang/Object;Ljava/lang/Object;ZZ)Ljava/lang/Object; @ 162
Event: 7.268 Thread 0x0000000056ba6000 Uncommon trap: reason=unstable_if action=reinterpret pc=0x00000000030d1870 method=java.util.HashMap.getNode(ILjava/lang/Object;)Ljava/util/HashMap$Node; @ 84
Event: 7.282 Thread 0x0000000056ba6000 Uncommon trap: reason=unstable_if action=reinterpret pc=0x0000000003324c94 method=java.util.HashMap.getNode(ILjava/lang/Object;)Ljava/util/HashMap$Node; @ 84
Event: 7.406 Thread 0x0000000056ba4800 Uncommon trap: reason=unstable_if action=reinterpret pc=0x0000000002e0ce24 method=java.util.HashMap.putVal(ILjava/lang/Object;Ljava/lang/Object;ZZ)Ljava/lang/Object; @ 162
Event: 7.762 Thread 0x0000000056ba9000 Uncommon trap: reason=unstable_if action=reinterpret pc=0x000000000344a424 method=com.android.dx.rop.code.DexTranslationAdvice.hasConstantOperation(Lcom/android/dx/rop/code/Rop;Lcom/android/dx/rop/code/RegisterSpec;Lcom/android/dx/rop/code/RegisterSpec;)Z ]ç¡¿È‰ @
Event: 8.447 Thread 0x0000000056ba4800 Uncommon trap: reason=class_check action=maybe_recompile pc=0x0000000002f2cd70 method=java.util.HashMap.putVal(ILjava/lang/Object;Ljava/lang/Object;ZZ)Ljava/lang/Object; @ 203
Event: 8.681 Thread 0x0000000056ba9000 Uncommon trap: reason=unstable_if action=reinterpret pc=0x000000000350c45c method=java.util.HashMap.putVal(ILjava/lang/Object;Ljava/lang/Object;ZZ)Ljava/lang/Object; @ 162
Event: 8.681 Thread 0x0000000056ba9000 Uncommon trap: reason=unstable_if action=reinterpret pc=0x00000000033a6960 method=java.util.HashMap.getNode(ILjava/lang/Object;)Ljava/util/HashMap$Node; @ 84

Internal exceptions (7 events):
Event: 0.160 Thread 0x00000000024ad800 Exception <a 'java/lang/NoSuchMethodError': Method sun.misc.Unsafe.defineClass(Ljava/lang/String;[BII)Ljava/lang/Class; name or signature does not match> (0x00000000eab12f10) thrown at [C:\re\workspace\8-2-build-windows-amd64-cygwin\jdk8u45\3457\hotspot\sr…$0õuƒ?
Event: 0.160 Thread 0x00000000024ad800 Exception <a 'java/lang/NoSuchMethodError': Method sun.misc.Unsafe.prefetchRead(Ljava/lang/Object;J)V name or signature does not match> (0x00000000eab131a0) thrown at [C:\re\workspace\8-2-build-windows-amd64-cygwin\jdk8u45\3457\hotspot\src\share\vm\prims\jj≠w!@
Event: 3.009 Thread 0x0000000056ba4800 Implicit null exception at 0x0000000002d71f60 to 0x0000000002d74155
Event: 3.584 Thread 0x0000000056ba9000 Implicit null exception at 0x0000000002d3a005 to 0x0000000002d3bf41
Event: 7.266 Thread 0x0000000056ba6000 Exception <a 'java/lang/ArrayIndexOutOfBoundsException': 18> (0x00000000edb90b88) thrown at [C:\re\workspace\8-2-build-windows-amd64-cygwin\jdk8u45\3457\hotspot\src\share\vm\interpreter\interpreterRuntime.cpp, line 366]
Event: 7.266 Thread 0x0000000056ba6000 Exception <a 'java/lang/ArrayIndexOutOfBoundsException': 145> (0x00000000edb92658) thrown at [C:\re\workspace\8-2-build-windows-amd64-cygwin\jdk8u45\3457\hotspot\src\share\vm\interpreter\interpreterRuntime.cpp, line 366]
Event: 7.266 Thread 0x0000000056ba6000 Exception <a 'java/lang/ArrayIndexOutOfBoundsException'> (0x00000000edb93890) thrown at [C:\re\workspace\8-2-build-windows-amd64-cygwin\jdk8u45\3457\hotspot\src\share\vm\runtime\sharedRuntime.cpp, line 605]

Events (10 events):
Event: 8.684 Thread 0x0000000056808000 flushing nmethod 0x0000000002b4c8d0
Event: 8.684 Thread 0x0000000056808000 flushing nmethod 0x0000000002b4e2d0
Event: 8.684 Thread 0x0000000056808000 flushing nmethod 0x0000000002b54410
Event: 8.684 Thread 0x0000000056808000 flushing nmethod 0x0000000002b55290
Event: 8.684 Thread 0x0000000056808000 flushing nmethod 0x0000000002b57a50
Event: 8.684 Thread 0x0000000056808000 flushing nmethod 0x0000000002b5cb50
Event: 8.684 Thread 0x0000000056808000 flushing nmethod 0x0000000002b5d250
Event: 8.684 Thread 0x0000000056808000 flushing nmethod 0x0000000002b5da10
Event: 8.684 Thread 0x0000000056808000 flushing nmethod 0x0000000002b5f7d0
Event: 8.684 Thread 0x0000000056808000 flushing nmethod 0x0000000002b60d10


Dynamic libraries:
0x000000013f830000 - 0x000000013f867000 	D:\JDK\bin\java.exe
0x0000000076df0000 - 0x0000000076f9b000 	C:\Windows\SYSTEM32\ntdll.dll
0x0000000076bd0000 - 0x0000000076cef000 	C:\Windows\system32\kernel32.dll
0x000007fefce40000 - 0x000007fefceab000 	C:\Windows\system32\KERNELBASE.dll
0x000007fefed10000 - 0x000007fefedeb000 	C:\Windows\system32\ADVAPI32.dll
0x000007fefd5f0000 - 0x000007fefd68f000 	C:\Windows\system32\msvcrt.dll
0x000007fefedf0000 - 0x000007fefee0f000 	C:\Windows\SYSTEM32\sechost.dll
0x000007fefd9f0000 - 0x000007fefdb1e000 	C:\Windows\system32\RPCRT4.dll
0x0000000076cf0000 - 0x0000000076dea000 	C:\Windows\system32\USER32.dll
0x000007fefd550000 - 0x000007fefd5b7000 	C:\Windows\system32\GDI32.dll
0x000007fefd780000 - 0x000007fefd78e000 	C:\Windows\system32\LPK.dll
0x000007fefde30000 - 0x000007fefdefa000 	C:\Windows\system32\USP10.dll
0x000007fefb580000 - 0x000007fefb774000 	C:\Windows\WinSxS\amd64_microsoft.windows.common-controls_6595b64144ccf1df_6.0.7600.16385_none_fa645303170382f6\COMCTL32.dll
0x000007fefdf00000 - 0x000007fefdf71000 	C:\Windows\system32\SHLWAPI.dll
0x000007fefd5c0000 - 0x000007fefd5ee000 	C:\Windows\system32\IMM32.DLL
0x000007fefee10000 - 0x000007fefef19000 	C:\Windows\system32\MSCTF.dll
0x00000000666b0000 - 0x0000000066782000 	D:\JDK\bin\msvcr100.dll
0x0000000066790000 - 0x0000000067013000 	D:\JDK\bin\server\jvm.dll
0x000007feeca60000 - 0x000007feeca69000 	C:\Windows\system32\WSOCK32.dll
0x000007fefd730000 - 0x000007fefd77d000 	C:\Windows\system32\WS2_32.dll
0x000007fefdb20000 - 0x000007fefdb28000 	C:\Windows\system32\NSI.dll
0x000007fefadb0000 - 0x000007fefadeb000 	C:\Windows\system32\WINMM.dll
0x000007fefbec0000 - 0x000007fefbecc000 	C:\Windows\system32\VERSION.dll
0x0000000076fc0000 - 0x0000000076fc7000 	C:\Windows\system32\PSAPI.DLL
0x0000000067790000 - 0x000000006779f000 	D:\JDK\bin\verify.dll
0x0000000066680000 - 0x00000000666a9000 	D:\JDK\bin\java.dll
0x0000000066660000 - 0x0000000066676000 	D:\JDK\bin\zip.dll
0x000007fefdf80000 - 0x000007fefed06000 	C:\Windows\system32\SHELL32.dll
0x000007fefd210000 - 0x000007fefd411000 	C:\Windows\system32\ole32.dll
0x000007fefcd50000 - 0x000007fefcd5f000 	C:\Windows\system32\profapi.dll

VM Arguments:
jvm_args: -Djava.awt.headless=true -Xmx1024M -Dfile.encoding=GBK -Duser.country=CN -Duser.language=zh -Duser.variant 
java_command: com.android.dx.command.Main --dex --force-jumbo --num-threads=4 --output E:\studio-project\KXG\app\build\intermediates\pre-dexed\debug\android-support-v4_71e4d9c459a180765757a012c1f02717a0b972e1.jar E:\studio-project\KXG\app\libs\android-support-v4.jar
java_class_path (initial): E:\android-sdk1\build-tools\24.0.0-preview\lib\dx.jar
Launcher Type: SUN_STANDARD

Environment Variables:
JAVA_HOME=D:\JDK\
CLASSPATH=.;D:\JDK\\lib\tools.jar
PATH=C:\ProgramData\Oracle\Java\javapath;C:\Windows\system32;C:\Windows;C:\Windows\System32\Wbem;C:\Windows\System32\WindowsPowerShell\v1.0\;C:\Program Files (x86)\Windows7Master;D:\SVN\bin;D:\mysql\bin;D:\JDK\\bin;E:\android-sdk\platform-tools;E:\android-sdk\tools;E:\android-sdk1\platform-tools;E:\android-sdk1\tools
USERNAME=Administrator
OS=Windows_NT
PROCESSOR_IDENTIFIER=Intel64 Family 6 Model 60 Stepping 3, GenuineIntel



---------------  S Y S T E M  ---------------

OS: Windows 7 , 64 bit Build 7600 (6.1.7600.16385)

CPU:total 4 (4 cores per cpu, 1 threads per core) family 6 model 60 stepping 3, cmov, cx8, fxsr, mmx, sse, sse2, sse3, ssse3, sse4.1, sse4.2, popcnt, aes, clmul, erms, lzcnt, tsc, tscinvbit, bmi1, bmi2

Memory: 4k page, physical 8256464k(2252068k free), swap 8254568k(5112k free)

vm_info: Java HotSpot(TM) 64-Bit Server VM (25.45-b02) for windows-amd64 JRE (1.8.0_45-b14), built on Apr 10 2015 10:34:15 by "java_re" with MS VC++ 10.0 (VS2010)

time: Tue Apr 19 10:12:31 2016
elapsed time: 8 seconds (0d 0h 0m 8s)

