#
# There is insufficient memory for the Java Runtime Environment to continue.
# Native memory allocation (malloc) failed to allocate 32744 bytes for ChunkPool::allocate
# Possible reasons:
#   The system is out of physical RAM or swap space
#   In 32 bit mode, the process size limit was hit
# Possible solutions:
#   Reduce memory load on the system
#   Increase physical memory or swap space
#   Check if swap backing store is full
#   Use 64 bit Java on a 64 bit OS
#   Decrease Java heap size (-Xmx/-Xms)
#   Decrease number of Java threads
#   Decrease Java thread stack sizes (-Xss)
#   Set larger code cache with -XX:ReservedCodeCacheSize=
# This output file may be truncated or incomplete.
#
#  Out of Memory Error (allocation.cpp:273), pid=16656, tid=16292
#
# JRE version: Java(TM) SE Runtime Environment (8.0_45-b14) (build 1.8.0_45-b14)
# Java VM: Java HotSpot(TM) 64-Bit Server VM (25.45-b02 mixed mode windows-amd64 compressed oops)
# Failed to write core dump. Minidumps are not enabled by default on client versions of Windows
#

---------------  T H R E A D  ---------------

Current thread (0x0000000056578000):  JavaThread "C2 CompilerThread0" daemon [_thread_in_native, id=16292, stack(0x0000000056e10000,0x0000000056f10000)]

Stack: [0x0000000056e10000,0x0000000056f10000]
Native frames: (J=compiled Java code, j=interpreted, Vv=VM code, C=native code)
V  [jvm.dll+0x32b57a]


Current CompileTask:
C2:   3019 1723   !   4       com.android.dx.cf.code.Ropper::processBlock (1101 bytes)


---------------  P R O C E S S  ---------------

Java Threads: ( => current thread )
  0x00000000568f6000 JavaThread "pool-1-thread-4" [_thread_blocked, id=16540, stack(0x0000000058450000,0x0000000058550000)]
  0x00000000568c3800 JavaThread "pool-1-thread-3" [_thread_blocked, id=15336, stack(0x0000000058270000,0x0000000058370000)]
  0x00000000568bf800 JavaThread "pool-1-thread-2" [_thread_blocked, id=17168, stack(0x0000000058010000,0x0000000058110000)]
  0x00000000568bf000 JavaThread "pool-2-thread-1" [_thread_blocked, id=6304, stack(0x0000000057dc0000,0x0000000057ec0000)]
  0x00000000568bb800 JavaThread "pool-1-thread-1" [_thread_blocked, id=14472, stack(0x0000000056a40000,0x0000000056b40000)]
  0x000000005524d000 JavaThread "Service Thread" daemon [_thread_blocked, id=16796, stack(0x0000000057280000,0x0000000057380000)]
  0x000000005524a000 JavaThread "C1 CompilerThread2" daemon [_thread_blocked, id=11600, stack(0x00000000570d0000,0x00000000571d0000)]
  0x000000005657b000 JavaThread "C2 CompilerThread1" daemon [_thread_in_native, id=17216, stack(0x0000000056f60000,0x0000000057060000)]
=>0x0000000056578000 JavaThread "C2 CompilerThread0" daemon [_thread_in_native, id=16292, stack(0x0000000056e10000,0x0000000056f10000)]
  0x0000000056575000 JavaThread "Attach Listener" daemon [_thread_blocked, id=16328, stack(0x0000000056cc0000,0x0000000056dc0000)]
  0x000000005523e800 JavaThread "Signal Dispatcher" daemon [_thread_blocked, id=15676, stack(0x0000000056b50000,0x0000000056c50000)]
  0x00000000551e0800 JavaThread "Finalizer" daemon [_thread_blocked, id=17360, stack(0x0000000056330000,0x0000000056430000)]
  0x00000000551df800 JavaThread "Reference Handler" daemon [_thread_blocked, id=16068, stack(0x0000000056460000,0x0000000056560000)]
  0x00000000002ad800 JavaThread "main" [_thread_blocked, id=16232, stack(0x0000000002750000,0x0000000002850000)]

Other Threads:
  0x00000000551da000 VMThread [stack: 0x0000000056210000,0x0000000056310000] [id=16616]
  0x000000005657f800 WatcherThread [stack: 0x00000000573b0000,0x00000000574b0000] [id=16404]

VM state:not at safepoint (normal execution)

VM Mutex/Monitor currently owned by a thread: None

Heap:
 PSYoungGen      total 70656K, used 45088K [0x00000000eab00000, 0x00000000ef500000, 0x0000000100000000)
  eden space 65536K, 61% used [0x00000000eab00000,0x00000000ed20a8b0,0x00000000eeb00000)
  from space 5120K, 99% used [0x00000000ef000000,0x00000000ef4fd958,0x00000000ef500000)
  to   space 5120K, 0% used [0x00000000eeb00000,0x00000000eeb00000,0x00000000ef000000)
 ParOldGen       total 86016K, used 2623K [0x00000000c0000000, 0x00000000c5400000, 0x00000000eab00000)
  object space 86016K, 3% used [0x00000000c0000000,0x00000000c028ff50,0x00000000c5400000)
 Metaspace       used 6146K, capacity 7088K, committed 7296K, reserved 1056768K
  class space    used 595K, capacity 616K, committed 640K, reserved 1048576K

Card table byte_map: [0x0000000011c90000,0x0000000011ea0000] byte_map_base: 0x0000000011690000

Marking Bits: (ParMarkBitMap*) 0x000000006ca54040
 Begin Bits: [0x0000000012650000, 0x0000000013650000)
 End Bits:   [0x0000000013650000, 0x0000000014650000)

Polling page: 0x0000000000130000

CodeCache: size=245760Kb used=7607Kb max_used=7616Kb free=238152Kb
 bounds [0x00000000028d0000, 0x0000000003050000, 0x00000000118d0000]
 total_blobs=2003 nmethods=1733 adapters=184
 compilation: enabled

Compilation events (10 events):
Event: 2.821 Thread 0x000000005657b000 nmethod 1744 0x000000000303a550 code [0x000000000303a6e0, 0x000000000303aed8]
Event: 2.821 Thread 0x000000005657b000 1737       4       com.android.dx.rop.code.RegisterSpec::getBasicType (10 bytes)
Event: 2.822 Thread 0x000000005657b000 nmethod 1737 0x000000000300fd10 code [0x000000000300fe40, 0x000000000300feb8]
Event: 2.822 Thread 0x000000005657b000 1741       4       com.android.dx.ssa.LocalVariableInfo::mergeStarts (59 bytes)
Event: 2.858 Thread 0x000000005657b000 nmethod 1741 0x0000000003047190 code [0x0000000003047360, 0x0000000003048368]
Event: 2.858 Thread 0x000000005657b000 1739       4       com.android.dx.cf.code.Merger::mergeType (142 bytes)
Event: 2.861 Thread 0x000000005657b000 nmethod 1739 0x000000000303d010 code [0x000000000303d1e0, 0x000000000303d680]
Event: 2.869 Thread 0x000000005657b000 1746       4       com.android.dx.rop.code.Rops::ropFor (771 bytes)
Event: 2.972 Thread 0x000000005524a000 1754   !   3       java.util.zip.ZipFile$ZipFileInflaterInputStream::close (67 bytes)
Event: 2.973 Thread 0x000000005524a000 nmethod 1754 0x000000000303c290 code [0x000000000303c460, 0x000000000303cc58]

GC Heap History (4 events):
Event: 0.893 GC heap before
{Heap before GC invocations=1 (full 0):
 PSYoungGen      total 37888K, used 32768K [0x00000000eab00000, 0x00000000ed500000, 0x0000000100000000)
  eden space 32768K, 100% used [0x00000000eab00000,0x00000000ecb00000,0x00000000ecb00000)
  from space 5120K, 0% used [0x00000000ed000000,0x00000000ed000000,0x00000000ed500000)
  to   space 5120K, 0% used [0x00000000ecb00000,0x00000000ecb00000,0x00000000ed000000)
 ParOldGen       total 86016K, used 0K [0x00000000c0000000, 0x00000000c5400000, 0x00000000eab00000)
  object space 86016K, 0% used [0x00000000c0000000,0x00000000c0000000,0x00000000c5400000)
 Metaspace       used 5813K, capacity 6832K, committed 7040K, reserved 1056768K
  class space    used 594K, capacity 616K, committed 640K, reserved 1048576K
Event: 0.934 GC heap after
Heap after GC invocations=1 (full 0):
 PSYoungGen      total 37888K, used 4745K [0x00000000eab00000, 0x00000000ef500000, 0x0000000100000000)
  eden space 32768K, 0% used [0x00000000eab00000,0x00000000eab00000,0x00000000ecb00000)
  from space 5120K, 92% used [0x00000000ecb00000,0x00000000ecfa24f0,0x00000000ed000000)
  to   space 5120K, 0% used [0x00000000ef000000,0x00000000ef000000,0x00000000ef500000)
 ParOldGen       total 86016K, used 16K [0x00000000c0000000, 0x00000000c5400000, 0x00000000eab00000)
  object space 86016K, 0% used [0x00000000c0000000,0x00000000c0004000,0x00000000c5400000)
 Metaspace       used 5813K, capacity 6832K, committed 7040K, reserved 1056768K
  class space    used 594K, capacity 616K, committed 640K, reserved 1048576K
}
Event: 1.412 GC heap before
{Heap before GC invocations=2 (full 0):
 PSYoungGen      total 37888K, used 37513K [0x00000000eab00000, 0x00000000ef500000, 0x0000000100000000)
  eden space 32768K, 100% used [0x00000000eab00000,0x00000000ecb00000,0x00000000ecb00000)
  from space 5120K, 92% used [0x00000000ecb00000,0x00000000ecfa24f0,0x00000000ed000000)
  to   space 5120K, 0% used [0x00000000ef000000,0x00000000ef000000,0x00000000ef500000)
 ParOldGen       total 86016K, used 16K [0x00000000c0000000, 0x00000000c5400000, 0x00000000eab00000)
  object space 86016K, 0% used [0x00000000c0000000,0x00000000c0004000,0x00000000c5400000)
 Metaspace       used 6116K, capacity 7088K, committed 7296K, reserved 1056768K
  class space    used 595K, capacity 616K, committed 640K, reserved 1048576K
Event: 1.549 GC heap after
Heap after GC invocations=2 (full 0):
 PSYoungGen      total 70656K, used 5110K [0x00000000eab00000, 0x00000000ef500000, 0x0000000100000000)
  eden space 65536K, 0% used [0x00000000eab00000,0x00000000eab00000,0x00000000eeb00000)
  from space 5120K, 99% used [0x00000000ef000000,0x00000000ef4fd958,0x00000000ef500000)
  to   space 5120K, 0% used [0x00000000eeb00000,0x00000000eeb00000,0x00000000ef000000)
 ParOldGen       total 86016K, used 2623K [0x00000000c0000000, 0x00000000c5400000, 0x00000000eab00000)
  object space 86016K, 3% used [0x00000000c0000000,0x00000000c028ff50,0x00000000c5400000)
 Metaspace       used 6116K, capacity 7088K, committed 7296K, reserved 1056768K
  class space    used 595K, capacity 616K, committed 640K, reserved 1048576K
}

Deoptimization events (10 events):
Event: 2.504 Thread 0x00000000568f6000 Uncommon trap: reason=unstable_if action=reinterpret pc=0x0000000002c2265c method=com.android.dx.rop.code.RegisterSpecSet.put(Lcom/android/dx/rop/code/RegisterSpec;)V @ 77
Event: 2.505 Thread 0x00000000568f6000 Uncommon trap: reason=unstable_if action=reinterpret pc=0x0000000002fc03e4 method=com.android.dx.rop.code.RegisterSpecSet.put(Lcom/android/dx/rop/code/RegisterSpec;)V @ 77
Event: 2.505 Thread 0x00000000568f6000 Uncommon trap: reason=unstable_if action=reinterpret pc=0x0000000002fca29c method=com.android.dx.rop.code.RegisterSpecSet.put(Lcom/android/dx/rop/code/RegisterSpec;)V @ 77
Event: 2.869 Thread 0x00000000568bf800 Uncommon trap: reason=bimorphic action=maybe_recompile pc=0x0000000002de9434 method=java.util.HashMap.getNode(ILjava/lang/Object;)Ljava/util/HashMap$Node; @ 126
Event: 2.869 Thread 0x00000000568bf800 Uncommon trap: reason=class_check action=maybe_recompile pc=0x0000000002d6bb34 method=java.util.HashMap.putVal(ILjava/lang/Object;Ljava/lang/Object;ZZ)Ljava/lang/Object; @ 203
Event: 2.869 Thread 0x00000000568bf800 Uncommon trap: reason=bimorphic action=maybe_recompile pc=0x0000000002de9434 method=java.util.HashMap.getNode(ILjava/lang/Object;)Ljava/util/HashMap$Node; @ 126
Event: 2.869 Thread 0x00000000568bf800 Uncommon trap: reason=class_check action=maybe_recompile pc=0x0000000002d6bb34 method=java.util.HashMap.putVal(ILjava/lang/Object;Ljava/lang/Object;ZZ)Ljava/lang/Object; @ 203
Event: 2.869 Thread 0x00000000568bf800 Uncommon trap: reason=bimorphic action=maybe_recompile pc=0x0000000002de9434 method=java.util.HashMap.getNode(ILjava/lang/Object;)Ljava/util/HashMap$Node; @ 126
Event: 2.869 Thread 0x00000000568bf800 Uncommon trap: reason=bimorphic action=maybe_recompile pc=0x0000000002de9434 method=java.util.HashMap.getNode(ILjava/lang/Object;)Ljava/util/HashMap$Node; @ 126
Event: 2.869 Thread 0x00000000568bf800 Uncommon trap: reason=class_check action=maybe_recompile pc=0x0000000002d6bb34 method=java.util.HashMap.putVal(ILjava/lang/Object;Ljava/lang/Object;ZZ)Ljava/lang/Object; @ 203

Internal exceptions (2 events):
Event: 0.198 Thread 0x00000000002ad800 Exception <a 'java/lang/NoSuchMethodError': Method sun.misc.Unsafe.defineClass(Ljava/lang/String;[BII)Ljava/lang/Class; name or signature does not match> (0x00000000eab12f10) thrown at [C:\re\workspace\8-2-build-windows-amd64-cygwin\jdk8u45\3457\hotspot\srP<ÙKKÉ?
Event: 0.198 Thread 0x00000000002ad800 Exception <a 'java/lang/NoSuchMethodError': Method sun.misc.Unsafe.prefetchRead(Ljava/lang/Object;J)V name or signature does not match> (0x00000000eab131a0) thrown at [C:\re\workspace\8-2-build-windows-amd64-cygwin\jdk8u45\3457\hotspot\src\share\vm\prims\j

Events (10 events):
Event: 2.869 Thread 0x00000000568bf800 DEOPT UNPACKING pc=0x000000000291582a sp=0x000000005810e898 mode 2
Event: 2.869 Thread 0x00000000568bf800 Uncommon trap: trap_request=0xffffffc6 fr.pc=0x0000000002de9434
Event: 2.869 Thread 0x00000000568bf800 DEOPT PACKING pc=0x0000000002de9434 sp=0x000000005810e5b0
Event: 2.869 Thread 0x00000000568bf800 DEOPT UNPACKING pc=0x000000000291582a sp=0x000000005810e530 mode 2
Event: 2.869 Thread 0x00000000568bf800 Uncommon trap: trap_request=0xffffffc6 fr.pc=0x0000000002de9434
Event: 2.869 Thread 0x00000000568bf800 DEOPT PACKING pc=0x0000000002de9434 sp=0x000000005810e5c0
Event: 2.869 Thread 0x00000000568bf800 DEOPT UNPACKING pc=0x000000000291582a sp=0x000000005810e540 mode 2
Event: 2.869 Thread 0x00000000568bf800 Uncommon trap: trap_request=0xffffffde fr.pc=0x0000000002d6bb34
Event: 2.869 Thread 0x00000000568bf800 DEOPT PACKING pc=0x0000000002d6bb34 sp=0x000000005810ea90
Event: 2.869 Thread 0x00000000568bf800 DEOPT UNPACKING pc=0x000000000291582a sp=0x000000005810ea18 mode 2


Dynamic libraries:
0x000000013fde0000 - 0x000000013fe17000 	D:\JDK\bin\java.exe
0x0000000077730000 - 0x00000000778db000 	C:\Windows\SYSTEM32\ntdll.dll
0x0000000077510000 - 0x000000007762f000 	C:\Windows\system32\kernel32.dll
0x000007fefd880000 - 0x000007fefd8eb000 	C:\Windows\system32\KERNELBASE.dll
0x000007fefdf70000 - 0x000007fefe04b000 	C:\Windows\system32\ADVAPI32.dll
0x000007feff5c0000 - 0x000007feff65f000 	C:\Windows\system32\msvcrt.dll
0x000007fefee30000 - 0x000007fefee4f000 	C:\Windows\SYSTEM32\sechost.dll
0x000007feff800000 - 0x000007feff92e000 	C:\Windows\system32\RPCRT4.dll
0x0000000077630000 - 0x000000007772a000 	C:\Windows\system32\USER32.dll
0x000007fefde00000 - 0x000007fefde67000 	C:\Windows\system32\GDI32.dll
0x000007fefddf0000 - 0x000007fefddfe000 	C:\Windows\system32\LPK.dll
0x000007feff240000 - 0x000007feff30a000 	C:\Windows\system32\USP10.dll
0x000007fefc090000 - 0x000007fefc284000 	C:\Windows\WinSxS\amd64_microsoft.windows.common-controls_6595b64144ccf1df_6.0.7600.16385_none_fa645303170382f6\COMCTL32.dll
0x000007fefdef0000 - 0x000007fefdf61000 	C:\Windows\system32\SHLWAPI.dll
0x000007feff4f0000 - 0x000007feff51e000 	C:\Windows\system32\IMM32.DLL
0x000007feff930000 - 0x000007feffa39000 	C:\Windows\system32\MSCTF.dll
0x0000000071160000 - 0x0000000071232000 	D:\JDK\bin\msvcr100.dll
0x000000006c250000 - 0x000000006cad3000 	D:\JDK\bin\server\jvm.dll
0x000007fefabb0000 - 0x000007fefabb9000 	C:\Windows\system32\WSOCK32.dll
0x000007fefe050000 - 0x000007fefe09d000 	C:\Windows\system32\WS2_32.dll
0x000007fefeef0000 - 0x000007fefeef8000 	C:\Windows\system32\NSI.dll
0x000007fefa9b0000 - 0x000007fefa9eb000 	C:\Windows\system32\WINMM.dll
0x000007fefc800000 - 0x000007fefc80c000 	C:\Windows\system32\VERSION.dll
0x0000000077900000 - 0x0000000077907000 	C:\Windows\system32\PSAPI.DLL
0x00000000748b0000 - 0x00000000748bf000 	D:\JDK\bin\verify.dll
0x0000000074880000 - 0x00000000748a9000 	D:\JDK\bin\java.dll
0x0000000074860000 - 0x0000000074876000 	D:\JDK\bin\zip.dll
0x000007fefe0a0000 - 0x000007fefee26000 	C:\Windows\system32\SHELL32.dll
0x000007fefda60000 - 0x000007fefdc61000 	C:\Windows\system32\ole32.dll
0x000007fefd690000 - 0x000007fefd69f000 	C:\Windows\system32\profapi.dll

VM Arguments:
jvm_args: -Djava.awt.headless=true -Xmx1024M -Dfile.encoding=GBK -Duser.country=CN -Duser.language=zh -Duser.variant 
java_command: com.android.dx.command.Main --dex --force-jumbo --num-threads=4 --output E:\studio-project\KXG\app\build\intermediates\pre-dexed\debug\android-support-v4_71e4d9c459a180765757a012c1f02717a0b972e1.jar E:\studio-project\KXG\app\libs\android-support-v4.jar
java_class_path (initial): E:\android-sdk1\build-tools\24.0.0-preview\lib\dx.jar
Launcher Type: SUN_STANDARD

Environment Variables:
JAVA_HOME=D:\JDK\
CLASSPATH=.;D:\JDK\\lib\tools.jar
PATH=C:\ProgramData\Oracle\Java\javapath;C:\Windows\system32;C:\Windows;C:\Windows\System32\Wbem;C:\Windows\System32\WindowsPowerShell\v1.0\;C:\Program Files (x86)\Windows7Master;D:\SVN\bin;D:\mysql\bin;D:\JDK\\bin;E:\android-sdk\platform-tools;E:\android-sdk\tools;E:\android-sdk1\platform-tools;E:\android-sdk1\tools
USERNAME=Administrator
OS=Windows_NT
PROCESSOR_IDENTIFIER=Intel64 Family 6 Model 60 Stepping 3, GenuineIntel



---------------  S Y S T E M  ---------------

OS: Windows 7 , 64 bit Build 7600 (6.1.7600.16385)

CPU:total 4 (4 cores per cpu, 1 threads per core) family 6 model 60 stepping 3, cmov, cx8, fxsr, mmx, sse, sse2, sse3, ssse3, sse4.1, sse4.2, popcnt, aes, clmul, erms, lzcnt, tsc, tscinvbit, bmi1, bmi2

Memory: 4k page, physical 8256464k(1480300k free), swap 8254568k(5096k free)

vm_info: Java HotSpot(TM) 64-Bit Server VM (25.45-b02) for windows-amd64 JRE (1.8.0_45-b14), built on Apr 10 2015 10:34:15 by "java_re" with MS VC++ 10.0 (VS2010)

time: Fri Apr 15 16:05:02 2016
elapsed time: 3 seconds (0d 0h 0m 3s)

