#
# There is insufficient memory for the Java Runtime Environment to continue.
# Native memory allocation (malloc) failed to allocate 1045296 bytes for Chunk::new
# Possible reasons:
#   The system is out of physical RAM or swap space
#   In 32 bit mode, the process size limit was hit
# Possible solutions:
#   Reduce memory load on the system
#   Increase physical memory or swap space
#   Check if swap backing store is full
#   Use 64 bit Java on a 64 bit OS
#   Decrease Java heap size (-Xmx/-Xms)
#   Decrease number of Java threads
#   Decrease Java thread stack sizes (-Xss)
#   Set larger code cache with -XX:ReservedCodeCacheSize=
# This output file may be truncated or incomplete.
#
#  Out of Memory Error (allocation.cpp:390), pid=24652, tid=29312
#
# JRE version: Java(TM) SE Runtime Environment (8.0_45-b14) (build 1.8.0_45-b14)
# Java VM: Java HotSpot(TM) 64-Bit Server VM (25.45-b02 mixed mode windows-amd64 compressed oops)
# Failed to write core dump. Minidumps are not enabled by default on client versions of Windows
#

---------------  T H R E A D  ---------------

Current thread (0x000000005517c800):  JavaThread "C2 CompilerThread1" daemon [_thread_in_native, id=29312, stack(0x0000000056fb0000,0x00000000570b0000)]

Stack: [0x0000000056fb0000,0x00000000570b0000]
Native frames: (J=compiled Java code, j=interpreted, Vv=VM code, C=native code)
V  [jvm.dll+0x32b57a]


Current CompileTask:
C2:  10818 2793 %     4       com.android.dx.dex.code.LocalList::make @ 16 (102 bytes)


---------------  P R O C E S S  ---------------

Java Threads: ( => current thread )
  0x0000000056764800 JavaThread "Service Thread" daemon [_thread_blocked, id=22736, stack(0x00000000571d0000,0x00000000572d0000)]
  0x0000000056762800 JavaThread "C1 CompilerThread2" daemon [_thread_blocked, id=29560, stack(0x0000000056c50000,0x0000000056d50000)]
=>0x000000005517c800 JavaThread "C2 CompilerThread1" daemon [_thread_in_native, id=29312, stack(0x0000000056fb0000,0x00000000570b0000)]
  0x0000000056708000 JavaThread "C2 CompilerThread0" daemon [_thread_in_native, id=20792, stack(0x0000000056df0000,0x0000000056ef0000)]
  0x0000000056705000 JavaThread "Attach Listener" daemon [_thread_blocked, id=29616, stack(0x00000000561c0000,0x00000000562c0000)]
  0x000000005516e800 JavaThread "Signal Dispatcher" daemon [_thread_blocked, id=22564, stack(0x0000000056b50000,0x0000000056c50000)]
  0x0000000055110800 JavaThread "Finalizer" daemon [_thread_blocked, id=28760, stack(0x00000000565f0000,0x00000000566f0000)]
  0x000000005510f800 JavaThread "Reference Handler" daemon [_thread_blocked, id=5832, stack(0x00000000564a0000,0x00000000565a0000)]
  0x000000000039d800 JavaThread "main" [_thread_in_Java, id=25116, stack(0x0000000002590000,0x0000000002690000)]

Other Threads:
  0x000000005510a000 VMThread [stack: 0x0000000056350000,0x0000000056450000] [id=4896]
  0x000000005676a000 WatcherThread [stack: 0x0000000057420000,0x0000000057520000] [id=23668]

VM state:not at safepoint (normal execution)

VM Mutex/Monitor currently owned by a thread: None

Heap:
 PSYoungGen      total 286720K, used 30020K [0x00000000eab00000, 0x00000000feb00000, 0x0000000100000000)
  eden space 258048K, 1% used [0x00000000eab00000,0x00000000eaffe118,0x00000000fa700000)
  from space 28672K, 86% used [0x00000000fc700000,0x00000000fdf52f50,0x00000000fe300000)
  to   space 32768K, 0% used [0x00000000fa700000,0x00000000fa700000,0x00000000fc700000)
 ParOldGen       total 86016K, used 42878K [0x00000000c0000000, 0x00000000c5400000, 0x00000000eab00000)
  object space 86016K, 49% used [0x00000000c0000000,0x00000000c29dfb28,0x00000000c5400000)
 Metaspace       used 6732K, capacity 7544K, committed 7680K, reserved 1056768K
  class space    used 636K, capacity 688K, committed 768K, reserved 1048576K

Card table byte_map: [0x0000000011ba0000,0x0000000011db0000] byte_map_base: 0x00000000115a0000

Marking Bits: (ParMarkBitMap*) 0x000000006cda4040
 Begin Bits: [0x0000000012580000, 0x0000000013580000)
 End Bits:   [0x0000000013580000, 0x0000000014580000)

Polling page: 0x0000000000330000

CodeCache: size=245760Kb used=13650Kb max_used=13650Kb free=232109Kb
 bounds [0x00000000027e0000, 0x0000000003540000, 0x00000000117e0000]
 total_blobs=3038 nmethods=2767 adapters=184
 compilation: enabled

Compilation events (10 events):
Event: 10.798 Thread 0x0000000056762800 2845       3       com.android.dx.dex.code.SimpleInsn::withOpcode (17 bytes)
Event: 10.799 Thread 0x0000000056762800 nmethod 2845 0x0000000003536cd0 code [0x0000000003536e40, 0x0000000003537228]
Event: 10.800 Thread 0x0000000056762800 2846       1       com.android.dx.dex.code.form.Form20t::codeSize (2 bytes)
Event: 10.800 Thread 0x0000000056762800 nmethod 2846 0x000000000352ce10 code [0x000000000352cf60, 0x000000000352d070]
Event: 10.801 Thread 0x0000000056762800 2847       1       com.android.dx.dex.code.form.Form21h::codeSize (2 bytes)
Event: 10.801 Thread 0x0000000056762800 nmethod 2847 0x0000000003536a10 code [0x0000000003536b60, 0x0000000003536c70]
Event: 10.802 Thread 0x0000000056762800 2848       1       com.android.dx.rop.cst.CstLong::getType (4 bytes)
Event: 10.802 Thread 0x0000000056762800 nmethod 2848 0x0000000003536750 code [0x00000000035368a0, 0x00000000035369b0]
Event: 10.802 Thread 0x0000000056762800 2849       3       com.android.dx.dex.code.DalvInsn::withMapper (13 bytes)
Event: 10.803 Thread 0x0000000056762800 nmethod 2849 0x000000000353d250 code [0x000000000353d3c0, 0x000000000353d718]

GC Heap History (10 events):
Event: 1.334 GC heap before
{Heap before GC invocations=2 (full 0):
 PSYoungGen      total 37888K, used 37270K [0x00000000eab00000, 0x00000000ef500000, 0x0000000100000000)
  eden space 32768K, 100% used [0x00000000eab00000,0x00000000ecb00000,0x00000000ecb00000)
  from space 5120K, 87% used [0x00000000ecb00000,0x00000000ecf65b40,0x00000000ed000000)
  to   space 5120K, 0% used [0x00000000ef000000,0x00000000ef000000,0x00000000ef500000)
 ParOldGen       total 86016K, used 8K [0x00000000c0000000, 0x00000000c5400000, 0x00000000eab00000)
  object space 86016K, 0% used [0x00000000c0000000,0x00000000c0002000,0x00000000c5400000)
 Metaspace       used 6079K, capacity 7024K, committed 7296K, reserved 1056768K
  class space    used 595K, capacity 616K, committed 640K, reserved 1048576K
Event: 1.528 GC heap after
Heap after GC invocations=2 (full 0):
 PSYoungGen      total 70656K, used 5119K [0x00000000eab00000, 0x00000000ef500000, 0x0000000100000000)
  eden space 65536K, 0% used [0x00000000eab00000,0x00000000eab00000,0x00000000eeb00000)
  from space 5120K, 99% used [0x00000000ef000000,0x00000000ef4ffed8,0x00000000ef500000)
  to   space 5120K, 0% used [0x00000000eeb00000,0x00000000eeb00000,0x00000000ef000000)
 ParOldGen       total 86016K, used 2319K [0x00000000c0000000, 0x00000000c5400000, 0x00000000eab00000)
  object space 86016K, 2% used [0x00000000c0000000,0x00000000c0243de0,0x00000000c5400000)
 Metaspace       used 6079K, capacity 7024K, committed 7296K, reserved 1056768K
  class space    used 595K, capacity 616K, committed 640K, reserved 1048576K
}
Event: 1.899 GC heap before
{Heap before GC invocations=3 (full 0):
 PSYoungGen      total 70656K, used 70655K [0x00000000eab00000, 0x00000000ef500000, 0x0000000100000000)
  eden space 65536K, 100% used [0x00000000eab00000,0x00000000eeb00000,0x00000000eeb00000)
  from space 5120K, 99% used [0x00000000ef000000,0x00000000ef4ffed8,0x00000000ef500000)
  to   space 5120K, 0% used [0x00000000eeb00000,0x00000000eeb00000,0x00000000ef000000)
 ParOldGen       total 86016K, used 2319K [0x00000000c0000000, 0x00000000c5400000, 0x00000000eab00000)
  object space 86016K, 2% used [0x00000000c0000000,0x00000000c0243de0,0x00000000c5400000)
 Metaspace       used 6193K, capacity 7152K, committed 7296K, reserved 1056768K
  class space    used 596K, capacity 616K, committed 640K, reserved 1048576K
Event: 1.918 GC heap after
Heap after GC invocations=3 (full 0):
 PSYoungGen      total 70656K, used 5112K [0x00000000eab00000, 0x00000000f3500000, 0x0000000100000000)
  eden space 65536K, 0% used [0x00000000eab00000,0x00000000eab00000,0x00000000eeb00000)
  from space 5120K, 99% used [0x00000000eeb00000,0x00000000eeffe3c0,0x00000000ef000000)
  to   space 5120K, 0% used [0x00000000f3000000,0x00000000f3000000,0x00000000f3500000)
 ParOldGen       total 86016K, used 11836K [0x00000000c0000000, 0x00000000c5400000, 0x00000000eab00000)
  object space 86016K, 13% used [0x00000000c0000000,0x00000000c0b8f108,0x00000000c5400000)
 Metaspace       used 6193K, capacity 7152K, committed 7296K, reserved 1056768K
  class space    used 596K, capacity 616K, committed 640K, reserved 1048576K
}
Event: 5.784 GC heap before
{Heap before GC invocations=4 (full 0):
 PSYoungGen      total 70656K, used 70648K [0x00000000eab00000, 0x00000000f3500000, 0x0000000100000000)
  eden space 65536K, 100% used [0x00000000eab00000,0x00000000eeb00000,0x00000000eeb00000)
  from space 5120K, 99% used [0x00000000eeb00000,0x00000000eeffe3c0,0x00000000ef000000)
  to   space 5120K, 0% used [0x00000000f3000000,0x00000000f3000000,0x00000000f3500000)
 ParOldGen       total 86016K, used 11836K [0x00000000c0000000, 0x00000000c5400000, 0x00000000eab00000)
  object space 86016K, 13% used [0x00000000c0000000,0x00000000c0b8f108,0x00000000c5400000)
 Metaspace       used 6281K, capacity 7216K, committed 7296K, reserved 1056768K
  class space    used 597K, capacity 616K, committed 640K, reserved 1048576K
Event: 5.801 GC heap after
Heap after GC invocations=4 (full 0):
 PSYoungGen      total 136192K, used 5095K [0x00000000eab00000, 0x00000000f3500000, 0x0000000100000000)
  eden space 131072K, 0% used [0x00000000eab00000,0x00000000eab00000,0x00000000f2b00000)
  from space 5120K, 99% used [0x00000000f3000000,0x00000000f34f9cf0,0x00000000f3500000)
  to   space 5120K, 0% used [0x00000000f2b00000,0x00000000f2b00000,0x00000000f3000000)
 ParOldGen       total 86016K, used 22049K [0x00000000c0000000, 0x00000000c5400000, 0x00000000eab00000)
  object space 86016K, 25% used [0x00000000c0000000,0x00000000c15887b8,0x00000000c5400000)
 Metaspace       used 6281K, capacity 7216K, committed 7296K, reserved 1056768K
  class space    used 597K, capacity 616K, committed 640K, reserved 1048576K
}
Event: 9.114 GC heap before
{Heap before GC invocations=5 (full 0):
 PSYoungGen      total 136192K, used 136167K [0x00000000eab00000, 0x00000000f3500000, 0x0000000100000000)
  eden space 131072K, 100% used [0x00000000eab00000,0x00000000f2b00000,0x00000000f2b00000)
  from space 5120K, 99% used [0x00000000f3000000,0x00000000f34f9cf0,0x00000000f3500000)
  to   space 5120K, 0% used [0x00000000f2b00000,0x00000000f2b00000,0x00000000f3000000)
 ParOldGen       total 86016K, used 22049K [0x00000000c0000000, 0x00000000c5400000, 0x00000000eab00000)
  object space 86016K, 25% used [0x00000000c0000000,0x00000000c15887b8,0x00000000c5400000)
 Metaspace       used 6315K, capacity 7216K, committed 7296K, reserved 1056768K
  class space    used 597K, capacity 616K, committed 640K, reserved 1048576K
Event: 9.151 GC heap after
Heap after GC invocations=5 (full 0):
 PSYoungGen      total 136192K, used 5111K [0x00000000eab00000, 0x00000000fe300000, 0x0000000100000000)
  eden space 131072K, 0% used [0x00000000eab00000,0x00000000eab00000,0x00000000f2b00000)
  from space 5120K, 99% used [0x00000000f2b00000,0x00000000f2ffdfa0,0x00000000f3000000)
  to   space 28672K, 0% used [0x00000000fc700000,0x00000000fc700000,0x00000000fe300000)
 ParOldGen       total 86016K, used 42878K [0x00000000c0000000, 0x00000000c5400000, 0x00000000eab00000)
  object space 86016K, 49% used [0x00000000c0000000,0x00000000c29dfb28,0x00000000c5400000)
 Metaspace       used 6315K, capacity 7216K, committed 7296K, reserved 1056768K
  class space    used 597K, capacity 616K, committed 640K, reserved 1048576K
}
Event: 10.681 GC heap before
{Heap before GC invocations=6 (full 0):
 PSYoungGen      total 136192K, used 136183K [0x00000000eab00000, 0x00000000fe300000, 0x0000000100000000)
  eden space 131072K, 100% used [0x00000000eab00000,0x00000000f2b00000,0x00000000f2b00000)
  from space 5120K, 99% used [0x00000000f2b00000,0x00000000f2ffdfa0,0x00000000f3000000)
  to   space 28672K, 0% used [0x00000000fc700000,0x00000000fc700000,0x00000000fe300000)
 ParOldGen       total 86016K, used 42878K [0x00000000c0000000, 0x00000000c5400000, 0x00000000eab00000)
  object space 86016K, 49% used [0x00000000c0000000,0x00000000c29dfb28,0x00000000c5400000)
 Metaspace       used 6721K, capacity 7544K, committed 7680K, reserved 1056768K
  class space    used 636K, capacity 688K, committed 768K, reserved 1048576K
Event: 10.736 GC heap after
Heap after GC invocations=6 (full 0):
 PSYoungGen      total 286720K, used 24907K [0x00000000eab00000, 0x00000000feb00000, 0x0000000100000000)
  eden space 258048K, 0% used [0x00000000eab00000,0x00000000eab00000,0x00000000fa700000)
  from space 28672K, 86% used [0x00000000fc700000,0x00000000fdf52f50,0x00000000fe300000)
  to   space 32768K, 0% used [0x00000000fa700000,0x00000000fa700000,0x00000000fc700000)
 ParOldGen       total 86016K, used 42878K [0x00000000c0000000, 0x00000000c5400000, 0x00000000eab00000)
  object space 86016K, 49% used [0x00000000c0000000,0x00000000c29dfb28,0x00000000c5400000)
 Metaspace       used 6721K, capacity 7544K, committed 7680K, reserved 1056768K
  class space    used 636K, capacity 688K, committed 768K, reserved 1048576K
}

Deoptimization events (10 events):
Event: 10.540 Thread 0x000000000039d800 Uncommon trap: reason=speculate_class_check action=maybe_recompile pc=0x0000000002b67d40 method=com.android.dx.util.FixedSizeList.equals(Ljava/lang/Object;)Z @ 25
Event: 10.544 Thread 0x000000000039d800 Uncommon trap: reason=unstable_if action=reinterpret pc=0x000000000310b200 method=java.util.TreeMap.put(Ljava/lang/Object;Ljava/lang/Object;)Ljava/lang/Object; @ 163
Event: 10.549 Thread 0x000000000039d800 Uncommon trap: reason=unstable_if action=reinterpret pc=0x0000000003495f7c method=com.android.dx.dex.code.OutputFinisher.findOpcodeForInsn(Lcom/android/dx/dex/code/DalvInsn;Lcom/android/dx/dex/code/Dop;)Lcom/android/dx/dex/code/Dop; @ 1
Event: 10.596 Thread 0x000000000039d800 Uncommon trap: reason=predicate action=maybe_recompile pc=0x00000000034b5538 method=java.util.ComparableTimSort.binarySort([Ljava/lang/Object;III)V @ 37
Event: 10.613 Thread 0x000000000039d800 Uncommon trap: reason=unstable_if action=reinterpret pc=0x00000000034965d8 method=com.android.dx.rop.code.RegisterSpec.matchesVariable(Lcom/android/dx/rop/code/RegisterSpec;)Z @ 59
Event: 10.624 Thread 0x000000000039d800 Uncommon trap: reason=unstable_if action=reinterpret pc=0x0000000003202f34 method=com.android.dx.rop.code.RegisterSpecSet.equals(Ljava/lang/Object;)Z @ 30
Event: 10.670 Thread 0x000000000039d800 Uncommon trap: reason=bimorphic action=maybe_recompile pc=0x000000000351747c method=com.android.dx.dex.code.OutputFinisher.calculateReservedCount([Lcom/android/dx/dex/code/Dop;)I @ 72
Event: 10.670 Thread 0x000000000039d800 Uncommon trap: reason=bimorphic action=maybe_recompile pc=0x000000000351747c method=com.android.dx.dex.code.OutputFinisher.calculateReservedCount([Lcom/android/dx/dex/code/Dop;)I @ 72
Event: 10.670 Thread 0x000000000039d800 Uncommon trap: reason=bimorphic action=maybe_recompile pc=0x000000000351747c method=com.android.dx.dex.code.OutputFinisher.calculateReservedCount([Lcom/android/dx/dex/code/Dop;)I @ 72
Event: 10.670 Thread 0x000000000039d800 Uncommon trap: reason=bimorphic action=maybe_recompile pc=0x000000000351747c method=com.android.dx.dex.code.OutputFinisher.calculateReservedCount([Lcom/android/dx/dex/code/Dop;)I @ 72

Internal exceptions (5 events):
Event: 0.071 Thread 0x000000000039d800 Exception <a 'java/lang/NoSuchMethodError': Method sun.misc.Unsafe.defineClass(Ljava/lang/String;[BII)Ljava/lang/Class; name or signature does not match> (0x00000000eab12f10) thrown at [C:\re\workspace\8-2-build-windows-amd64-cygwin\jdk8u45\3457\hotspot\srá>8ª—;≤?
Event: 0.071 Thread 0x000000000039d800 Exception <a 'java/lang/NoSuchMethodError': Method sun.misc.Unsafe.prefetchRead(Ljava/lang/Object;J)V name or signature does not match> (0x00000000eab131a0) thrown at [C:\re\workspace\8-2-build-windows-amd64-cygwin\jdk8u45\3457\hotspot\src\share\vm\prims\j”&ﬂπ"@
Event: 9.362 Thread 0x000000005757e000 Exception <a 'java/lang/ArrayIndexOutOfBoundsException': 18> (0x00000000ee0151f8) thrown at [C:\re\workspace\8-2-build-windows-amd64-cygwin\jdk8u45\3457\hotspot\src\share\vm\interpreter\interpreterRuntime.cpp, line 366]
Event: 9.362 Thread 0x000000005757e000 Exception <a 'java/lang/ArrayIndexOutOfBoundsException': 145> (0x00000000ee016cc8) thrown at [C:\re\workspace\8-2-build-windows-amd64-cygwin\jdk8u45\3457\hotspot\src\share\vm\interpreter\interpreterRuntime.cpp, line 366]
Event: 9.362 Thread 0x000000005757e000 Exception <a 'java/lang/ArrayIndexOutOfBoundsException'> (0x00000000ee017f00) thrown at [C:\re\workspace\8-2-build-windows-amd64-cygwin\jdk8u45\3457\hotspot\src\share\vm\runtime\sharedRuntime.cpp, line 605]

Events (10 events):
Event: 10.762 Thread 0x000000000039d800 DEOPT PACKING pc=0x00000000034b6f8b sp=0x000000000268eb20
Event: 10.762 Thread 0x000000000039d800 DEOPT UNPACKING pc=0x000000000282747f sp=0x000000000268e898 mode 0
Event: 10.764 Thread 0x000000000039d800 DEOPT PACKING pc=0x00000000034ac8da sp=0x000000000268eaf0
Event: 10.764 Thread 0x000000000039d800 DEOPT UNPACKING pc=0x000000000282747f sp=0x000000000268e8a8 mode 0
Event: 10.766 Thread 0x000000000039d800 DEOPT PACKING pc=0x00000000034b6f8b sp=0x000000000268eb20
Event: 10.766 Thread 0x000000000039d800 DEOPT UNPACKING pc=0x000000000282747f sp=0x000000000268e898 mode 0
Event: 10.767 Thread 0x000000000039d800 DEOPT PACKING pc=0x00000000034ac8da sp=0x000000000268eaf0
Event: 10.767 Thread 0x000000000039d800 DEOPT UNPACKING pc=0x000000000282747f sp=0x000000000268e8a8 mode 0
Event: 10.771 Thread 0x000000000039d800 DEOPT PACKING pc=0x00000000034ac8da sp=0x000000000268eaf0
Event: 10.771 Thread 0x000000000039d800 DEOPT UNPACKING pc=0x000000000282747f sp=0x000000000268e8a8 mode 0


Dynamic libraries:
0x000000013fcf0000 - 0x000000013fd27000 	D:\JDK\bin\java.exe
0x0000000076d80000 - 0x0000000076f2b000 	C:\Windows\SYSTEM32\ntdll.dll
0x0000000076c60000 - 0x0000000076d7f000 	C:\Windows\system32\kernel32.dll
0x000007fefd040000 - 0x000007fefd0ab000 	C:\Windows\system32\KERNELBASE.dll
0x000007fefeb90000 - 0x000007fefec6b000 	C:\Windows\system32\ADVAPI32.dll
0x000007fefe530000 - 0x000007fefe5cf000 	C:\Windows\system32\msvcrt.dll
0x000007fefe150000 - 0x000007fefe16f000 	C:\Windows\SYSTEM32\sechost.dll
0x000007fefe3d0000 - 0x000007fefe4fe000 	C:\Windows\system32\RPCRT4.dll
0x0000000076b60000 - 0x0000000076c5a000 	C:\Windows\system32\USER32.dll
0x000007fefeda0000 - 0x000007fefee07000 	C:\Windows\system32\GDI32.dll
0x000007fefe8b0000 - 0x000007fefe8be000 	C:\Windows\system32\LPK.dll
0x000007fefe5d0000 - 0x000007fefe69a000 	C:\Windows\system32\USP10.dll
0x000007fefb510000 - 0x000007fefb704000 	C:\Windows\WinSxS\amd64_microsoft.windows.common-controls_6595b64144ccf1df_6.0.7600.16385_none_fa645303170382f6\COMCTL32.dll
0x000007fefdff0000 - 0x000007fefe061000 	C:\Windows\system32\SHLWAPI.dll
0x000007fefe500000 - 0x000007fefe52e000 	C:\Windows\system32\IMM32.DLL
0x000007fefd0b0000 - 0x000007fefd1b9000 	C:\Windows\system32\MSCTF.dll
0x0000000073820000 - 0x00000000738f2000 	D:\JDK\bin\msvcr100.dll
0x000000006c5a0000 - 0x000000006ce23000 	D:\JDK\bin\server\jvm.dll
0x000007fefb880000 - 0x000007fefb889000 	C:\Windows\system32\WSOCK32.dll
0x000007feff010000 - 0x000007feff05d000 	C:\Windows\system32\WS2_32.dll
0x000007feff060000 - 0x000007feff068000 	C:\Windows\system32\NSI.dll
0x000007fefad40000 - 0x000007fefad7b000 	C:\Windows\system32\WINMM.dll
0x000007fefbe50000 - 0x000007fefbe5c000 	C:\Windows\system32\VERSION.dll
0x0000000076f50000 - 0x0000000076f57000 	C:\Windows\system32\PSAPI.DLL
0x0000000074230000 - 0x000000007423f000 	D:\JDK\bin\verify.dll
0x00000000737f0000 - 0x0000000073819000 	D:\JDK\bin\java.dll
0x00000000737d0000 - 0x00000000737e6000 	D:\JDK\bin\zip.dll
0x000007fefd260000 - 0x000007fefdfe6000 	C:\Windows\system32\SHELL32.dll
0x000007fefe6a0000 - 0x000007fefe8a1000 	C:\Windows\system32\ole32.dll
0x000007fefcce0000 - 0x000007fefccef000 	C:\Windows\system32\profapi.dll
0x000007feee3b0000 - 0x000007feee4d5000 	C:\Windows\system32\dbghelp.dll

VM Arguments:
jvm_args: -Djava.awt.headless=true -Xmx1024M -Dfile.encoding=GBK -Duser.country=CN -Duser.language=zh -Duser.variant 
java_command: com.android.dx.command.Main --dex --force-jumbo --num-threads=4 --output E:\studio-project\KXG\app\build\intermediates\pre-dexed\debug\android-support-v4_71e4d9c459a180765757a012c1f02717a0b972e1.jar E:\studio-project\KXG\app\libs\android-support-v4.jar
java_class_path (initial): E:\android-sdk1\build-tools\24.0.0-preview\lib\dx.jar
Launcher Type: SUN_STANDARD

Environment Variables:
JAVA_HOME=D:\JDK\
CLASSPATH=.;D:\JDK\\lib\tools.jar
PATH=C:\ProgramData\Oracle\Java\javapath;C:\Windows\system32;C:\Windows;C:\Windows\System32\Wbem;C:\Windows\System32\WindowsPowerShell\v1.0\;C:\Program Files (x86)\Windows7Master;D:\SVN\bin;D:\mysql\bin;D:\JDK\\bin;E:\android-sdk\platform-tools;E:\android-sdk\tools;E:\android-sdk1\platform-tools;E:\android-sdk1\tools
USERNAME=Administrator
OS=Windows_NT
PROCESSOR_IDENTIFIER=Intel64 Family 6 Model 60 Stepping 3, GenuineIntel



---------------  S Y S T E M  ---------------

OS: Windows 7 , 64 bit Build 7600 (6.1.7600.16385)

CPU:total 4 (4 cores per cpu, 1 threads per core) family 6 model 60 stepping 3, cmov, cx8, fxsr, mmx, sse, sse2, sse3, ssse3, sse4.1, sse4.2, popcnt, aes, clmul, erms, lzcnt, tsc, tscinvbit, bmi1, bmi2

Memory: 4k page, physical 8256464k(1392572k free), swap 8254568k(5120k free)

vm_info: Java HotSpot(TM) 64-Bit Server VM (25.45-b02) for windows-amd64 JRE (1.8.0_45-b14), built on Apr 10 2015 10:34:15 by "java_re" with MS VC++ 10.0 (VS2010)

time: Mon Apr 18 18:36:06 2016
elapsed time: 10 seconds (0d 0h 0m 10s)

