#
# There is insufficient memory for the Java Runtime Environment to continue.
# Native memory allocation (malloc) failed to allocate 131088 bytes for Chunk::new
# Possible reasons:
#   The system is out of physical RAM or swap space
#   In 32 bit mode, the process size limit was hit
# Possible solutions:
#   Reduce memory load on the system
#   Increase physical memory or swap space
#   Check if swap backing store is full
#   Use 64 bit Java on a 64 bit OS
#   Decrease Java heap size (-Xmx/-Xms)
#   Decrease number of Java threads
#   Decrease Java thread stack sizes (-Xss)
#   Set larger code cache with -XX:ReservedCodeCacheSize=
# This output file may be truncated or incomplete.
#
#  Out of Memory Error (allocation.cpp:390), pid=28668, tid=29008
#
# JRE version: Java(TM) SE Runtime Environment (8.0_45-b14) (build 1.8.0_45-b14)
# Java VM: Java HotSpot(TM) 64-Bit Server VM (25.45-b02 mixed mode windows-amd64 compressed oops)
# Failed to write core dump. Minidumps are not enabled by default on client versions of Windows
#

---------------  T H R E A D  ---------------

Current thread (0x000000005502f800):  JavaThread "C2 CompilerThread1" daemon [_thread_in_native, id=29008, stack(0x0000000056c80000,0x0000000056d80000)]

Stack: [0x0000000056c80000,0x0000000056d80000]
Native frames: (J=compiled Java code, j=interpreted, Vv=VM code, C=native code)
V  [jvm.dll+0x32b57a]


Current CompileTask:
C2:   1324 1384       4       com.android.dx.ssa.LocalVariableExtractor::processBlock (383 bytes)


---------------  P R O C E S S  ---------------

Java Threads: ( => current thread )
  0x0000000056897000 JavaThread "pool-1-thread-4" [_thread_blocked, id=29300, stack(0x0000000056da0000,0x0000000056ea0000)]
  0x0000000056893000 JavaThread "pool-1-thread-3" [_thread_in_Java, id=29064, stack(0x0000000058130000,0x0000000058230000)]
  0x00000000568c3000 JavaThread "pool-1-thread-2" [_thread_blocked, id=26896, stack(0x0000000057f30000,0x0000000058030000)]
  0x000000005683a000 JavaThread "pool-2-thread-1" [_thread_blocked, id=27312, stack(0x0000000057d50000,0x0000000057e50000)]
  0x0000000056839800 JavaThread "pool-1-thread-1" [_thread_blocked, id=22540, stack(0x0000000057ba0000,0x0000000057ca0000)]
  0x00000000565e9000 JavaThread "Service Thread" daemon [_thread_blocked, id=22808, stack(0x0000000057060000,0x0000000057160000)]
  0x00000000565a4000 JavaThread "C1 CompilerThread2" daemon [_thread_blocked, id=28796, stack(0x0000000056ec0000,0x0000000056fc0000)]
=>0x000000005502f800 JavaThread "C2 CompilerThread1" daemon [_thread_in_native, id=29008, stack(0x0000000056c80000,0x0000000056d80000)]
  0x000000005502c000 JavaThread "C2 CompilerThread0" daemon [_thread_in_native, id=27264, stack(0x0000000056340000,0x0000000056440000)]
  0x0000000055029000 JavaThread "Attach Listener" daemon [_thread_blocked, id=28196, stack(0x0000000056a80000,0x0000000056b80000)]
  0x0000000056563000 JavaThread "Signal Dispatcher" daemon [_thread_blocked, id=28816, stack(0x0000000056960000,0x0000000056a60000)]
  0x0000000054fc0800 JavaThread "Finalizer" daemon [_thread_blocked, id=29468, stack(0x0000000056450000,0x0000000056550000)]
  0x0000000054fbf800 JavaThread "Reference Handler" daemon [_thread_blocked, id=29168, stack(0x0000000056180000,0x0000000056280000)]
  0x00000000004bd800 JavaThread "main" [_thread_blocked, id=23984, stack(0x0000000002860000,0x0000000002960000)]

Other Threads:
  0x0000000054fba000 VMThread [stack: 0x0000000056000000,0x0000000056100000] [id=4184]
  0x00000000565fb000 WatcherThread [stack: 0x0000000057240000,0x0000000057340000] [id=26492]

VM state:not at safepoint (normal execution)

VM Mutex/Monitor currently owned by a thread: None

Heap:
 PSYoungGen      total 37888K, used 15055K [0x00000000eab00000, 0x00000000ef500000, 0x0000000100000000)
  eden space 32768K, 30% used [0x00000000eab00000,0x00000000eb4b8998,0x00000000ecb00000)
  from space 5120K, 99% used [0x00000000ecb00000,0x00000000ecffb590,0x00000000ed000000)
  to   space 5120K, 0% used [0x00000000ef000000,0x00000000ef000000,0x00000000ef500000)
 ParOldGen       total 86016K, used 1327K [0x00000000c0000000, 0x00000000c5400000, 0x00000000eab00000)
  object space 86016K, 1% used [0x00000000c0000000,0x00000000c014bc88,0x00000000c5400000)
 Metaspace       used 5951K, capacity 6960K, committed 7040K, reserved 1056768K
  class space    used 591K, capacity 616K, committed 640K, reserved 1048576K

Card table byte_map: [0x0000000011d20000,0x0000000011f30000] byte_map_base: 0x0000000011720000

Marking Bits: (ParMarkBitMap*) 0x000000006cda4040
 Begin Bits: [0x0000000012430000, 0x0000000013430000)
 End Bits:   [0x0000000013430000, 0x0000000014430000)

Polling page: 0x0000000000430000

CodeCache: size=245760Kb used=5548Kb max_used=5559Kb free=240211Kb
 bounds [0x0000000002960000, 0x0000000002ee0000, 0x0000000011960000]
 total_blobs=1653 nmethods=1383 adapters=184
 compilation: enabled

Compilation events (10 events):
Event: 1.298 Thread 0x00000000565a4000 1380       3       com.android.dx.dex.code.BlockAddresses::setupArrays (113 bytes)
Event: 1.298 Thread 0x000000005502c000 nmethod 1381 0x0000000002eba990 code [0x0000000002ebaac0, 0x0000000002ebab38]
Event: 1.298 Thread 0x000000005502f800 nmethod 1378 0x0000000002ec9810 code [0x0000000002ec9960, 0x0000000002ec99f8]
Event: 1.298 Thread 0x000000005502c000 1382       4       com.android.dx.rop.code.Rop::hashCode (54 bytes)
Event: 1.298 Thread 0x00000000565a4000 nmethod 1380 0x0000000002ec9d10 code [0x0000000002ec9fc0, 0x0000000002ecb998]
Event: 1.306 Thread 0x000000005502c000 nmethod 1382 0x0000000002ed1690 code [0x0000000002ed1800, 0x0000000002ed1ef8]
Event: 1.306 Thread 0x00000000565a4000 1383       3       com.android.dx.dex.code.RopTranslator::outputInstructions (69 bytes)
Event: 1.306 Thread 0x00000000565a4000 nmethod 1383 0x0000000002ed0ed0 code [0x0000000002ed1060, 0x0000000002ed14b8]
Event: 1.306 Thread 0x000000005502f800 1384       4       com.android.dx.ssa.LocalVariableExtractor::processBlock (383 bytes)
Event: 1.306 Thread 0x000000005502c000 1385       4       com.android.dx.ssa.DeadCodeRemover::isCircularNoSideEffect (140 bytes)

GC Heap History (2 events):
Event: 1.025 GC heap before
{Heap before GC invocations=1 (full 0):
 PSYoungGen      total 37888K, used 32768K [0x00000000eab00000, 0x00000000ed500000, 0x0000000100000000)
  eden space 32768K, 100% used [0x00000000eab00000,0x00000000ecb00000,0x00000000ecb00000)
  from space 5120K, 0% used [0x00000000ed000000,0x00000000ed000000,0x00000000ed500000)
  to   space 5120K, 0% used [0x00000000ecb00000,0x00000000ecb00000,0x00000000ed000000)
 ParOldGen       total 86016K, used 0K [0x00000000c0000000, 0x00000000c5400000, 0x00000000eab00000)
  object space 86016K, 0% used [0x00000000c0000000,0x00000000c0000000,0x00000000c5400000)
 Metaspace       used 5880K, capacity 6896K, committed 7040K, reserved 1056768K
  class space    used 589K, capacity 616K, committed 640K, reserved 1048576K
Event: 1.044 GC heap after
Heap after GC invocations=1 (full 0):
 PSYoungGen      total 37888K, used 5101K [0x00000000eab00000, 0x00000000ef500000, 0x0000000100000000)
  eden space 32768K, 0% used [0x00000000eab00000,0x00000000eab00000,0x00000000ecb00000)
  from space 5120K, 99% used [0x00000000ecb00000,0x00000000ecffb590,0x00000000ed000000)
  to   space 5120K, 0% used [0x00000000ef000000,0x00000000ef000000,0x00000000ef500000)
 ParOldGen       total 86016K, used 1327K [0x00000000c0000000, 0x00000000c5400000, 0x00000000eab00000)
  object space 86016K, 1% used [0x00000000c0000000,0x00000000c014bc88,0x00000000c5400000)
 Metaspace       used 5880K, capacity 6896K, committed 7040K, reserved 1056768K
  class space    used 589K, capacity 616K, committed 640K, reserved 1048576K
}

Deoptimization events (9 events):
Event: 0.193 Thread 0x00000000004bd800 Uncommon trap: reason=unstable_if action=reinterpret pc=0x0000000002aabbc0 method=java.lang.String.indexOf(II)I @ 49
Event: 0.350 Thread 0x0000000056897000 Uncommon trap: reason=unstable_if action=reinterpret pc=0x0000000002b9bd04 method=java.util.HashMap.getNode(ILjava/lang/Object;)Ljava/util/HashMap$Node; @ 129
Event: 0.479 Thread 0x0000000056897000 Uncommon trap: reason=unstable_if action=reinterpret pc=0x0000000002c51524 method=java.util.BitSet.ensureCapacity(I)V @ 6
Event: 0.524 Thread 0x0000000056897000 Uncommon trap: reason=null_check action=make_not_entrant pc=0x0000000002c675a0 method=com.android.dx.ssa.SsaRenamer.getLocalForNewReg(I)Lcom/android/dx/rop/code/LocalItem; @ 19
Event: 0.525 Thread 0x0000000056897000 Uncommon trap: reason=null_check action=make_not_entrant pc=0x0000000002c57204 method=com.android.dx.ssa.SsaRenamer.getLocalForNewReg(I)Lcom/android/dx/rop/code/LocalItem; @ 19
Event: 0.751 Thread 0x0000000056839800 Uncommon trap: reason=null_check action=make_not_entrant pc=0x0000000002c86cd0 method=com.android.dx.rop.type.Type.equals(Ljava/lang/Object;)Z @ 8
Event: 0.771 Thread 0x0000000056839800 Uncommon trap: reason=bimorphic action=maybe_recompile pc=0x0000000002c04d9c method=java.util.HashMap.getNode(ILjava/lang/Object;)Ljava/util/HashMap$Node; @ 126
Event: 1.263 Thread 0x0000000056893000 Uncommon trap: reason=unstable_if action=reinterpret pc=0x0000000002c8a640 method=com.android.dx.rop.code.RegisterSpec.equals(ILcom/android/dx/rop/type/TypeBearer;Lcom/android/dx/rop/code/LocalItem;)Z @ 42
Event: 1.265 Thread 0x0000000056893000 Uncommon trap: reason=unstable_if action=reinterpret pc=0x0000000002e79108 method=com.android.dx.ssa.SCCP.simulateStmt(Lcom/android/dx/ssa/SsaInsn;)V @ 53

Internal exceptions (5 events):
Event: 0.028 Thread 0x00000000004bd800 Exception <a 'java/lang/NoSuchMethodError': Method sun.misc.Unsafe.defineClass(Ljava/lang/String;[BII)Ljava/lang/Class; name or signature does not match> (0x00000000eab12f10) thrown at [C:\re\workspace\8-2-build-windows-amd64-cygwin\jdk8u45\3457\hotspot\srg•øØ„‚œ?
Event: 0.028 Thread 0x00000000004bd800 Exception <a 'java/lang/NoSuchMethodError': Method sun.misc.Unsafe.prefetchRead(Ljava/lang/Object;J)V name or signature does not match> (0x00000000eab131a0) thrown at [C:\re\workspace\8-2-build-windows-amd64-cygwin\jdk8u45\3457\hotspot\src\share\vm\prims\j3¸«3„Èà?
Event: 0.524 Thread 0x0000000056897000 Implicit null exception at 0x0000000002c6517b to 0x0000000002c67555
Event: 0.525 Thread 0x0000000056897000 Implicit null exception at 0x0000000002c54a00 to 0x0000000002c571dd
Event: 0.751 Thread 0x0000000056839800 Implicit null exception at 0x0000000002c86bd2 to 0x0000000002c86cc2

Events (10 events):
Event: 1.205 loading class com/android/dx/cf/attrib/AttRuntimeInvisibleAnnotations
Event: 1.205 loading class com/android/dx/cf/attrib/AttRuntimeInvisibleAnnotations done
Event: 1.206 loading class com/android/dx/cf/attrib/BaseAnnotations
Event: 1.206 loading class com/android/dx/cf/attrib/BaseAnnotations done
Event: 1.263 Thread 0x0000000056893000 Uncommon trap: trap_request=0xffffff65 fr.pc=0x0000000002c8a640
Event: 1.263 Thread 0x0000000056893000 DEOPT PACKING pc=0x0000000002c8a640 sp=0x000000005822e760
Event: 1.263 Thread 0x0000000056893000 DEOPT UNPACKING pc=0x00000000029a582a sp=0x000000005822e6e8 mode 2
Event: 1.265 Thread 0x0000000056893000 Uncommon trap: trap_request=0xffffff65 fr.pc=0x0000000002e79108
Event: 1.265 Thread 0x0000000056893000 DEOPT PACKING pc=0x0000000002e79108 sp=0x000000005822e790
Event: 1.265 Thread 0x0000000056893000 DEOPT UNPACKING pc=0x00000000029a582a sp=0x000000005822e788 mode 2


Dynamic libraries:
0x000000013fcf0000 - 0x000000013fd27000 	D:\JDK\bin\java.exe
0x0000000076d80000 - 0x0000000076f2b000 	C:\Windows\SYSTEM32\ntdll.dll
0x0000000076c60000 - 0x0000000076d7f000 	C:\Windows\system32\kernel32.dll
0x000007fefd040000 - 0x000007fefd0ab000 	C:\Windows\system32\KERNELBASE.dll
0x000007fefeb90000 - 0x000007fefec6b000 	C:\Windows\system32\ADVAPI32.dll
0x000007fefe530000 - 0x000007fefe5cf000 	C:\Windows\system32\msvcrt.dll
0x000007fefe150000 - 0x000007fefe16f000 	C:\Windows\SYSTEM32\sechost.dll
0x000007fefe3d0000 - 0x000007fefe4fe000 	C:\Windows\system32\RPCRT4.dll
0x0000000076b60000 - 0x0000000076c5a000 	C:\Windows\system32\USER32.dll
0x000007fefeda0000 - 0x000007fefee07000 	C:\Windows\system32\GDI32.dll
0x000007fefe8b0000 - 0x000007fefe8be000 	C:\Windows\system32\LPK.dll
0x000007fefe5d0000 - 0x000007fefe69a000 	C:\Windows\system32\USP10.dll
0x000007fefb510000 - 0x000007fefb704000 	C:\Windows\WinSxS\amd64_microsoft.windows.common-controls_6595b64144ccf1df_6.0.7600.16385_none_fa645303170382f6\COMCTL32.dll
0x000007fefdff0000 - 0x000007fefe061000 	C:\Windows\system32\SHLWAPI.dll
0x000007fefe500000 - 0x000007fefe52e000 	C:\Windows\system32\IMM32.DLL
0x000007fefd0b0000 - 0x000007fefd1b9000 	C:\Windows\system32\MSCTF.dll
0x0000000073820000 - 0x00000000738f2000 	D:\JDK\bin\msvcr100.dll
0x000000006c5a0000 - 0x000000006ce23000 	D:\JDK\bin\server\jvm.dll
0x000007fefb880000 - 0x000007fefb889000 	C:\Windows\system32\WSOCK32.dll
0x000007feff010000 - 0x000007feff05d000 	C:\Windows\system32\WS2_32.dll
0x000007feff060000 - 0x000007feff068000 	C:\Windows\system32\NSI.dll
0x000007fefad40000 - 0x000007fefad7b000 	C:\Windows\system32\WINMM.dll
0x000007fefbe50000 - 0x000007fefbe5c000 	C:\Windows\system32\VERSION.dll
0x0000000076f50000 - 0x0000000076f57000 	C:\Windows\system32\PSAPI.DLL
0x0000000074230000 - 0x000000007423f000 	D:\JDK\bin\verify.dll
0x00000000737f0000 - 0x0000000073819000 	D:\JDK\bin\java.dll
0x00000000737d0000 - 0x00000000737e6000 	D:\JDK\bin\zip.dll
0x000007fefd260000 - 0x000007fefdfe6000 	C:\Windows\system32\SHELL32.dll
0x000007fefe6a0000 - 0x000007fefe8a1000 	C:\Windows\system32\ole32.dll
0x000007fefcce0000 - 0x000007fefccef000 	C:\Windows\system32\profapi.dll

VM Arguments:
jvm_args: -Djava.awt.headless=true -Xmx1024M -Dfile.encoding=GBK -Duser.country=CN -Duser.language=zh -Duser.variant 
java_command: com.android.dx.command.Main --dex --force-jumbo --num-threads=4 --output E:\studio-project\KXG\app\build\intermediates\pre-dexed\debug\UIL1.9.4_f61dd7bca8a64e83dc1c85af112aa1b37ae4ffe2.jar E:\studio-project\KXG\app\libs\UIL1.9.4.jar
java_class_path (initial): E:\android-sdk1\build-tools\24.0.0-preview\lib\dx.jar
Launcher Type: SUN_STANDARD

Environment Variables:
JAVA_HOME=D:\JDK\
CLASSPATH=.;D:\JDK\\lib\tools.jar
PATH=C:\ProgramData\Oracle\Java\javapath;C:\Windows\system32;C:\Windows;C:\Windows\System32\Wbem;C:\Windows\System32\WindowsPowerShell\v1.0\;C:\Program Files (x86)\Windows7Master;D:\SVN\bin;D:\mysql\bin;D:\JDK\\bin;E:\android-sdk\platform-tools;E:\android-sdk\tools;E:\android-sdk1\platform-tools;E:\android-sdk1\tools
USERNAME=Administrator
OS=Windows_NT
PROCESSOR_IDENTIFIER=Intel64 Family 6 Model 60 Stepping 3, GenuineIntel



---------------  S Y S T E M  ---------------

OS: Windows 7 , 64 bit Build 7600 (6.1.7600.16385)

CPU:total 4 (4 cores per cpu, 1 threads per core) family 6 model 60 stepping 3, cmov, cx8, fxsr, mmx, sse, sse2, sse3, ssse3, sse4.1, sse4.2, popcnt, aes, clmul, erms, lzcnt, tsc, tscinvbit, bmi1, bmi2

Memory: 4k page, physical 8256464k(1392544k free), swap 8254568k(5116k free)

vm_info: Java HotSpot(TM) 64-Bit Server VM (25.45-b02) for windows-amd64 JRE (1.8.0_45-b14), built on Apr 10 2015 10:34:15 by "java_re" with MS VC++ 10.0 (VS2010)

time: Mon Apr 18 18:36:06 2016
elapsed time: 1 seconds (0d 0h 0m 1s)

