#
# There is insufficient memory for the Java Runtime Environment to continue.
# Native memory allocation (malloc) failed to allocate 48960 bytes for Chunk::new
# Possible reasons:
#   The system is out of physical RAM or swap space
#   In 32 bit mode, the process size limit was hit
# Possible solutions:
#   Reduce memory load on the system
#   Increase physical memory or swap space
#   Check if swap backing store is full
#   Use 64 bit Java on a 64 bit OS
#   Decrease Java heap size (-Xmx/-Xms)
#   Decrease number of Java threads
#   Decrease Java thread stack sizes (-Xss)
#   Set larger code cache with -XX:ReservedCodeCacheSize=
# This output file may be truncated or incomplete.
#
#  Out of Memory Error (allocation.cpp:390), pid=16056, tid=17980
#
# JRE version: Java(TM) SE Runtime Environment (8.0_45-b14) (build 1.8.0_45-b14)
# Java VM: Java HotSpot(TM) 64-Bit Server VM (25.45-b02 mixed mode windows-amd64 compressed oops)
# Failed to write core dump. Minidumps are not enabled by default on client versions of Windows
#

---------------  T H R E A D  ---------------

Current thread (0x0000000056528000):  JavaThread "C2 CompilerThread0" daemon [_thread_in_native, id=17980, stack(0x0000000056970000,0x0000000056a70000)]

Stack: [0x0000000056970000,0x0000000056a70000]
Native frames: (J=compiled Java code, j=interpreted, Vv=VM code, C=native code)
V  [jvm.dll+0x32b57a]


Current CompileTask:
C2:   6484 1944       4       com.android.dx.ssa.back.FirstFitLocalCombiningAllocator::handleUnassociatedParameters (60 bytes)


---------------  P R O C E S S  ---------------

Java Threads: ( => current thread )
  0x00000000568c8800 JavaThread "pool-1-thread-4" [_thread_blocked, id=18016, stack(0x00000000581c0000,0x00000000582c0000)]
  0x00000000568c6000 JavaThread "pool-1-thread-3" [_thread_blocked, id=16140, stack(0x0000000058080000,0x0000000058180000)]
  0x00000000568c5000 JavaThread "pool-1-thread-2" [_thread_in_vm, id=17940, stack(0x0000000057f00000,0x0000000058000000)]
  0x00000000568b9000 JavaThread "pool-2-thread-1" [_thread_blocked, id=18020, stack(0x0000000057d50000,0x0000000057e50000)]
  0x000000005683a000 JavaThread "pool-1-thread-1" [_thread_in_vm, id=15196, stack(0x0000000057be0000,0x0000000057ce0000)]
  0x0000000056584000 JavaThread "Service Thread" daemon [_thread_blocked, id=18056, stack(0x0000000057180000,0x0000000057280000)]
  0x0000000056582800 JavaThread "C1 CompilerThread2" daemon [_thread_blocked, id=16100, stack(0x0000000057070000,0x0000000057170000)]
  0x000000005532c800 JavaThread "C2 CompilerThread1" daemon [_thread_in_native, id=18260, stack(0x0000000056e80000,0x0000000056f80000)]
=>0x0000000056528000 JavaThread "C2 CompilerThread0" daemon [_thread_in_native, id=17980, stack(0x0000000056970000,0x0000000056a70000)]
  0x0000000056525000 JavaThread "Attach Listener" daemon [_thread_blocked, id=15744, stack(0x0000000056cb0000,0x0000000056db0000)]
  0x000000005531e800 JavaThread "Signal Dispatcher" daemon [_thread_blocked, id=17928, stack(0x0000000056a70000,0x0000000056b70000)]
  0x00000000552c6800 JavaThread "Finalizer" daemon [_thread_blocked, id=18312, stack(0x0000000056150000,0x0000000056250000)]
  0x00000000552bf800 JavaThread "Reference Handler" daemon [_thread_blocked, id=17608, stack(0x0000000056410000,0x0000000056510000)]
  0x000000000257d800 JavaThread "main" [_thread_blocked, id=15388, stack(0x0000000002750000,0x0000000002850000)]

Other Threads:
  0x00000000552ba000 VMThread [stack: 0x00000000562e0000,0x00000000563e0000] [id=15016]
  0x000000005658a000 WatcherThread [stack: 0x00000000572a0000,0x00000000573a0000] [id=17812]

VM state:not at safepoint (normal execution)

VM Mutex/Monitor currently owned by a thread: None

Heap:
 PSYoungGen      total 70656K, used 10391K [0x00000000eab00000, 0x00000000ef500000, 0x0000000100000000)
  eden space 65536K, 8% used [0x00000000eab00000,0x00000000eb02c188,0x00000000eeb00000)
  from space 5120K, 99% used [0x00000000ef000000,0x00000000ef4f9d18,0x00000000ef500000)
  to   space 5120K, 0% used [0x00000000eeb00000,0x00000000eeb00000,0x00000000ef000000)
 ParOldGen       total 86016K, used 12564K [0x00000000c0000000, 0x00000000c5400000, 0x00000000eab00000)
  object space 86016K, 14% used [0x00000000c0000000,0x00000000c0c45188,0x00000000c5400000)
 Metaspace       used 6211K, capacity 7152K, committed 7296K, reserved 1056768K
  class space    used 597K, capacity 616K, committed 640K, reserved 1048576K

Card table byte_map: [0x0000000011c10000,0x0000000011e20000] byte_map_base: 0x0000000011610000

Marking Bits: (ParMarkBitMap*) 0x000000006cda4040
 Begin Bits: [0x0000000012730000, 0x0000000013730000)
 End Bits:   [0x0000000013730000, 0x0000000014730000)

Polling page: 0x0000000001c60000

CodeCache: size=245760Kb used=9193Kb max_used=9199Kb free=236566Kb
 bounds [0x0000000002850000, 0x0000000003160000, 0x0000000011850000]
 total_blobs=2193 nmethods=1922 adapters=184
 compilation: enabled

Compilation events (10 events):
Event: 6.388 Thread 0x000000005532c800 nmethod 1938 0x0000000003152610 code [0x0000000003152760, 0x00000000031528f8]
Event: 6.389 Thread 0x0000000056528000 nmethod 1939 0x0000000003152a90 code [0x0000000003152be0, 0x0000000003152d18]
Event: 6.474 Thread 0x0000000056582800 1942       3       java.util.TreeMap$EntryIterator::<init> (12 bytes)
Event: 6.474 Thread 0x0000000056582800 nmethod 1942 0x0000000003100ed0 code [0x0000000003101040, 0x00000000031012b0]
Event: 6.474 Thread 0x0000000056582800 1940       3       java.util.TreeMap::entrySet (27 bytes)
Event: 6.475 Thread 0x0000000056582800 nmethod 1940 0x0000000003100810 code [0x0000000003100980, 0x0000000003100d10]
Event: 6.475 Thread 0x0000000056582800 1941       3       java.util.TreeMap$EntrySet::iterator (19 bytes)
Event: 6.475 Thread 0x0000000056582800 nmethod 1941 0x00000000030ffed0 code [0x0000000003100060, 0x0000000003100550]
Event: 6.476 Thread 0x000000005532c800 1943       4       com.android.dx.ssa.SsaConverter::edgeSplitMoveExceptionsAndResults (157 bytes)
Event: 6.476 Thread 0x0000000056528000 1944       4       com.android.dx.ssa.back.FirstFitLocalCombiningAllocator::handleUnassociatedParameters (60 bytes)

GC Heap History (8 events):
Event: 1.379 GC heap before
{Heap before GC invocations=1 (full 0):
 PSYoungGen      total 37888K, used 32768K [0x00000000eab00000, 0x00000000ed500000, 0x0000000100000000)
  eden space 32768K, 100% used [0x00000000eab00000,0x00000000ecb00000,0x00000000ecb00000)
  from space 5120K, 0% used [0x00000000ed000000,0x00000000ed000000,0x00000000ed500000)
  to   space 5120K, 0% used [0x00000000ecb00000,0x00000000ecb00000,0x00000000ed000000)
 ParOldGen       total 86016K, used 0K [0x00000000c0000000, 0x00000000c5400000, 0x00000000eab00000)
  object space 86016K, 0% used [0x00000000c0000000,0x00000000c0000000,0x00000000c5400000)
 Metaspace       used 5759K, capacity 6768K, committed 7040K, reserved 1056768K
  class space    used 595K, capacity 616K, committed 640K, reserved 1048576K
Event: 1.384 GC heap after
Heap after GC invocations=1 (full 0):
 PSYoungGen      total 37888K, used 4534K [0x00000000eab00000, 0x00000000ed500000, 0x0000000100000000)
  eden space 32768K, 0% used [0x00000000eab00000,0x00000000eab00000,0x00000000ecb00000)
  from space 5120K, 88% used [0x00000000ecb00000,0x00000000ecf6d9c8,0x00000000ed000000)
  to   space 5120K, 0% used [0x00000000ed000000,0x00000000ed000000,0x00000000ed500000)
 ParOldGen       total 86016K, used 16K [0x00000000c0000000, 0x00000000c5400000, 0x00000000eab00000)
  object space 86016K, 0% used [0x00000000c0000000,0x00000000c0004000,0x00000000c5400000)
 Metaspace       used 5759K, capacity 6768K, committed 7040K, reserved 1056768K
  class space    used 595K, capacity 616K, committed 640K, reserved 1048576K
}
Event: 1.784 GC heap before
{Heap before GC invocations=2 (full 0):
 PSYoungGen      total 37888K, used 37302K [0x00000000eab00000, 0x00000000ed500000, 0x0000000100000000)
  eden space 32768K, 100% used [0x00000000eab00000,0x00000000ecb00000,0x00000000ecb00000)
  from space 5120K, 88% used [0x00000000ecb00000,0x00000000ecf6d9c8,0x00000000ed000000)
  to   space 5120K, 0% used [0x00000000ed000000,0x00000000ed000000,0x00000000ed500000)
 ParOldGen       total 86016K, used 16K [0x00000000c0000000, 0x00000000c5400000, 0x00000000eab00000)
  object space 86016K, 0% used [0x00000000c0000000,0x00000000c0004000,0x00000000c5400000)
 Metaspace       used 6080K, capacity 7024K, committed 7296K, reserved 1056768K
  class space    used 595K, capacity 616K, committed 640K, reserved 1048576K
Event: 1.809 GC heap after
Heap after GC invocations=2 (full 0):
 PSYoungGen      total 37888K, used 5105K [0x00000000eab00000, 0x00000000ef500000, 0x0000000100000000)
  eden space 32768K, 0% used [0x00000000eab00000,0x00000000eab00000,0x00000000ecb00000)
  from space 5120K, 99% used [0x00000000ed000000,0x00000000ed4fc448,0x00000000ed500000)
  to   space 5120K, 0% used [0x00000000ecb00000,0x00000000ecb00000,0x00000000ed000000)
 ParOldGen       total 86016K, used 2345K [0x00000000c0000000, 0x00000000c5400000, 0x00000000eab00000)
  object space 86016K, 2% used [0x00000000c0000000,0x00000000c024a400,0x00000000c5400000)
 Metaspace       used 6080K, capacity 7024K, committed 7296K, reserved 1056768K
  class space    used 595K, capacity 616K, committed 640K, reserved 1048576K
}
Event: 2.742 GC heap before
{Heap before GC invocations=3 (full 0):
 PSYoungGen      total 37888K, used 37873K [0x00000000eab00000, 0x00000000ef500000, 0x0000000100000000)
  eden space 32768K, 100% used [0x00000000eab00000,0x00000000ecb00000,0x00000000ecb00000)
  from space 5120K, 99% used [0x00000000ed000000,0x00000000ed4fc448,0x00000000ed500000)
  to   space 5120K, 0% used [0x00000000ecb00000,0x00000000ecb00000,0x00000000ed000000)
 ParOldGen       total 86016K, used 2345K [0x00000000c0000000, 0x00000000c5400000, 0x00000000eab00000)
  object space 86016K, 2% used [0x00000000c0000000,0x00000000c024a400,0x00000000c5400000)
 Metaspace       used 6121K, capacity 7088K, committed 7296K, reserved 1056768K
  class space    used 595K, capacity 616K, committed 640K, reserved 1048576K
Event: 2.791 GC heap after
Heap after GC invocations=3 (full 0):
 PSYoungGen      total 37888K, used 5116K [0x00000000eab00000, 0x00000000ef500000, 0x0000000100000000)
  eden space 32768K, 0% used [0x00000000eab00000,0x00000000eab00000,0x00000000ecb00000)
  from space 5120K, 99% used [0x00000000ecb00000,0x00000000ecfff0a0,0x00000000ed000000)
  to   space 5120K, 0% used [0x00000000ef000000,0x00000000ef000000,0x00000000ef500000)
 ParOldGen       total 86016K, used 6821K [0x00000000c0000000, 0x00000000c5400000, 0x00000000eab00000)
  object space 86016K, 7% used [0x00000000c0000000,0x00000000c06a9558,0x00000000c5400000)
 Metaspace       used 6121K, capacity 7088K, committed 7296K, reserved 1056768K
  class space    used 595K, capacity 616K, committed 640K, reserved 1048576K
}
Event: 6.287 GC heap before
{Heap before GC invocations=4 (full 0):
 PSYoungGen      total 37888K, used 37884K [0x00000000eab00000, 0x00000000ef500000, 0x0000000100000000)
  eden space 32768K, 100% used [0x00000000eab00000,0x00000000ecb00000,0x00000000ecb00000)
  from space 5120K, 99% used [0x00000000ecb00000,0x00000000ecfff0a0,0x00000000ed000000)
  to   space 5120K, 0% used [0x00000000ef000000,0x00000000ef000000,0x00000000ef500000)
 ParOldGen       total 86016K, used 6821K [0x00000000c0000000, 0x00000000c5400000, 0x00000000eab00000)
  object space 86016K, 7% used [0x00000000c0000000,0x00000000c06a9558,0x00000000c5400000)
 Metaspace       used 6207K, capacity 7152K, committed 7296K, reserved 1056768K
  class space    used 597K, capacity 616K, committed 640K, reserved 1048576K
Event: 6.335 GC heap after
Heap after GC invocations=4 (full 0):
 PSYoungGen      total 70656K, used 5095K [0x00000000eab00000, 0x00000000ef500000, 0x0000000100000000)
  eden space 65536K, 0% used [0x00000000eab00000,0x00000000eab00000,0x00000000eeb00000)
  from space 5120K, 99% used [0x00000000ef000000,0x00000000ef4f9d18,0x00000000ef500000)
  to   space 5120K, 0% used [0x00000000eeb00000,0x00000000eeb00000,0x00000000ef000000)
 ParOldGen       total 86016K, used 12564K [0x00000000c0000000, 0x00000000c5400000, 0x00000000eab00000)
  object space 86016K, 14% used [0x00000000c0000000,0x00000000c0c45188,0x00000000c5400000)
 Metaspace       used 6207K, capacity 7152K, committed 7296K, reserved 1056768K
  class space    used 597K, capacity 616K, committed 640K, reserved 1048576K
}

Deoptimization events (10 events):
Event: 3.652 Thread 0x00000000568c6000 Uncommon trap: reason=bimorphic action=maybe_recompile pc=0x0000000002b1f3e0 method=java.util.HashMap.getNode(ILjava/lang/Object;)Ljava/util/HashMap$Node; @ 126
Event: 3.652 Thread 0x00000000568c6000 Uncommon trap: reason=class_check action=maybe_recompile pc=0x0000000002d168c4 method=java.util.HashMap.putVal(ILjava/lang/Object;Ljava/lang/Object;ZZ)Ljava/lang/Object; @ 203
Event: 3.652 Thread 0x00000000568c6000 Uncommon trap: reason=bimorphic action=maybe_recompile pc=0x0000000002c97aec method=java.util.HashMap.getNode(ILjava/lang/Object;)Ljava/util/HashMap$Node; @ 126
Event: 3.656 Thread 0x00000000568c6000 Uncommon trap: reason=unstable_if action=reinterpret pc=0x0000000002f06fd4 method=com.android.dx.ssa.SsaRenamer$BlockRenamer.visitMoveInsn(Lcom/android/dx/ssa/NormalSsaInsn;)V @ 104
Event: 4.891 Thread 0x00000000568c6000 Uncommon trap: reason=class_check action=maybe_recompile pc=0x000000000300b804 method=com.android.dx.cf.code.RopperMachine.run(Lcom/android/dx/cf/code/Frame;II)V @ 988
Event: 4.891 Thread 0x00000000568c6000 Uncommon trap: reason=unstable_if action=reinterpret pc=0x0000000002e89af8 method=com.android.dx.ssa.SCCP.simulateBranch(Lcom/android/dx/ssa/SsaInsn;)V @ 64
Event: 4.892 Thread 0x00000000568c6000 Uncommon trap: reason=unstable_if action=reinterpret pc=0x0000000002e7b2d8 method=com.android.dx.ssa.LiteralOpUpgrader$1.visitNonMoveInsn(Lcom/android/dx/ssa/NormalSsaInsn;)V @ 55
Event: 4.892 Thread 0x00000000568c6000 Uncommon trap: reason=unstable_if action=reinterpret pc=0x0000000002d9768c method=com.android.dx.ssa.SsaMethod.updateOneDefinition(Lcom/android/dx/ssa/SsaInsn;Lcom/android/dx/rop/code/RegisterSpec;)V @ 4
Event: 5.468 Thread 0x000000005683a000 Uncommon trap: reason=unstable_if action=reinterpret pc=0x000000000300b6f4 method=com.android.dx.cf.code.RopperMachine.run(Lcom/android/dx/cf/code/Frame;II)V @ 1250
Event: 6.197 Thread 0x000000005683a000 Uncommon trap: reason=bimorphic action=maybe_recompile pc=0x0000000002f77cb4 method=com.android.dx.cf.code.Merger.mergeType(Lcom/android/dx/rop/type/TypeBearer;Lcom/android/dx/rop/type/TypeBearer;)Lcom/android/dx/rop/type/TypeBearer; @ 21

Internal exceptions (2 events):
Event: 0.088 Thread 0x000000000257d800 Exception <a 'java/lang/NoSuchMethodError': Method sun.misc.Unsafe.defineClass(Ljava/lang/String;[BII)Ljava/lang/Class; name or signature does not match> (0x00000000eab12f10) thrown at [C:\re\workspace\8-2-build-windows-amd64-cygwin\jdk8u45\3457\hotspot\sr‚Õt›¤¶?
Event: 0.088 Thread 0x000000000257d800 Exception <a 'java/lang/NoSuchMethodError': Method sun.misc.Unsafe.prefetchRead(Ljava/lang/Object;J)V name or signature does not match> (0x00000000eab131a0) thrown at [C:\re\workspace\8-2-build-windows-amd64-cygwin\jdk8u45\3457\hotspot\src\share\vm\prims\j

Events (10 events):
Event: 5.326 Thread 0x00000000568c5000 DEOPT PACKING pc=0x0000000002b689f7 sp=0x0000000057ffed30
Event: 5.326 Thread 0x00000000568c5000 DEOPT UNPACKING pc=0x000000000289747f sp=0x0000000057ffeb40 mode 0
Event: 5.468 Thread 0x000000005683a000 Uncommon trap: trap_request=0xffffff65 fr.pc=0x000000000300b6f4
Event: 5.468 Thread 0x000000005683a000 DEOPT PACKING pc=0x000000000300b6f4 sp=0x0000000057cde090
Event: 5.468 Thread 0x000000005683a000 DEOPT UNPACKING pc=0x000000000289582a sp=0x0000000057cde038 mode 2
Event: 6.197 Thread 0x000000005683a000 Uncommon trap: trap_request=0xffffffc6 fr.pc=0x0000000002f77cb4
Event: 6.197 Thread 0x000000005683a000 DEOPT PACKING pc=0x0000000002f77cb4 sp=0x0000000057cde560
Event: 6.197 Thread 0x000000005683a000 DEOPT UNPACKING pc=0x000000000289582a sp=0x0000000057cde4f0 mode 2
Event: 6.287 Executing VM operation: ParallelGCFailedAllocation
Event: 6.335 Executing VM operation: ParallelGCFailedAllocation done


Dynamic libraries:
0x000000013fcf0000 - 0x000000013fd27000 	D:\JDK\bin\java.exe
0x0000000076d80000 - 0x0000000076f2b000 	C:\Windows\SYSTEM32\ntdll.dll
0x0000000076c60000 - 0x0000000076d7f000 	C:\Windows\system32\kernel32.dll
0x000007fefd040000 - 0x000007fefd0ab000 	C:\Windows\system32\KERNELBASE.dll
0x000007fefeb90000 - 0x000007fefec6b000 	C:\Windows\system32\ADVAPI32.dll
0x000007fefe530000 - 0x000007fefe5cf000 	C:\Windows\system32\msvcrt.dll
0x000007fefe150000 - 0x000007fefe16f000 	C:\Windows\SYSTEM32\sechost.dll
0x000007fefe3d0000 - 0x000007fefe4fe000 	C:\Windows\system32\RPCRT4.dll
0x0000000076b60000 - 0x0000000076c5a000 	C:\Windows\system32\USER32.dll
0x000007fefeda0000 - 0x000007fefee07000 	C:\Windows\system32\GDI32.dll
0x000007fefe8b0000 - 0x000007fefe8be000 	C:\Windows\system32\LPK.dll
0x000007fefe5d0000 - 0x000007fefe69a000 	C:\Windows\system32\USP10.dll
0x000007fefb510000 - 0x000007fefb704000 	C:\Windows\WinSxS\amd64_microsoft.windows.common-controls_6595b64144ccf1df_6.0.7600.16385_none_fa645303170382f6\COMCTL32.dll
0x000007fefdff0000 - 0x000007fefe061000 	C:\Windows\system32\SHLWAPI.dll
0x000007fefe500000 - 0x000007fefe52e000 	C:\Windows\system32\IMM32.DLL
0x000007fefd0b0000 - 0x000007fefd1b9000 	C:\Windows\system32\MSCTF.dll
0x0000000073820000 - 0x00000000738f2000 	D:\JDK\bin\msvcr100.dll
0x000000006c5a0000 - 0x000000006ce23000 	D:\JDK\bin\server\jvm.dll
0x000007fefb880000 - 0x000007fefb889000 	C:\Windows\system32\WSOCK32.dll
0x000007feff010000 - 0x000007feff05d000 	C:\Windows\system32\WS2_32.dll
0x000007feff060000 - 0x000007feff068000 	C:\Windows\system32\NSI.dll
0x000007fefad40000 - 0x000007fefad7b000 	C:\Windows\system32\WINMM.dll
0x000007fefbe50000 - 0x000007fefbe5c000 	C:\Windows\system32\VERSION.dll
0x0000000076f50000 - 0x0000000076f57000 	C:\Windows\system32\PSAPI.DLL
0x0000000074230000 - 0x000000007423f000 	D:\JDK\bin\verify.dll
0x00000000737f0000 - 0x0000000073819000 	D:\JDK\bin\java.dll
0x00000000737d0000 - 0x00000000737e6000 	D:\JDK\bin\zip.dll
0x000007fefd260000 - 0x000007fefdfe6000 	C:\Windows\system32\SHELL32.dll
0x000007fefe6a0000 - 0x000007fefe8a1000 	C:\Windows\system32\ole32.dll
0x000007fefcce0000 - 0x000007fefccef000 	C:\Windows\system32\profapi.dll

VM Arguments:
jvm_args: -Djava.awt.headless=true -Xmx1024M -Dfile.encoding=GBK -Duser.country=CN -Duser.language=zh -Duser.variant 
java_command: com.android.dx.command.Main --dex --force-jumbo --num-threads=4 --output E:\studio-project\KXG\app\build\intermediates\pre-dexed\debug\android-support-v4_71e4d9c459a180765757a012c1f02717a0b972e1.jar E:\studio-project\KXG\app\libs\android-support-v4.jar
java_class_path (initial): E:\android-sdk1\build-tools\24.0.0-preview\lib\dx.jar
Launcher Type: SUN_STANDARD

Environment Variables:
JAVA_HOME=D:\JDK\
CLASSPATH=.;D:\JDK\\lib\tools.jar
PATH=C:\ProgramData\Oracle\Java\javapath;C:\Windows\system32;C:\Windows;C:\Windows\System32\Wbem;C:\Windows\System32\WindowsPowerShell\v1.0\;C:\Program Files (x86)\Windows7Master;D:\SVN\bin;D:\mysql\bin;D:\JDK\\bin;E:\android-sdk\platform-tools;E:\android-sdk\tools;E:\android-sdk1\platform-tools;E:\android-sdk1\tools
USERNAME=Administrator
OS=Windows_NT
PROCESSOR_IDENTIFIER=Intel64 Family 6 Model 60 Stepping 3, GenuineIntel



---------------  S Y S T E M  ---------------

OS: Windows 7 , 64 bit Build 7600 (6.1.7600.16385)

CPU:total 4 (4 cores per cpu, 1 threads per core) family 6 model 60 stepping 3, cmov, cx8, fxsr, mmx, sse, sse2, sse3, ssse3, sse4.1, sse4.2, popcnt, aes, clmul, erms, lzcnt, tsc, tscinvbit, bmi1, bmi2

Memory: 4k page, physical 8256464k(1234092k free), swap 8254568k(5064k free)

vm_info: Java HotSpot(TM) 64-Bit Server VM (25.45-b02) for windows-amd64 JRE (1.8.0_45-b14), built on Apr 10 2015 10:34:15 by "java_re" with MS VC++ 10.0 (VS2010)

time: Mon Apr 18 15:01:01 2016
elapsed time: 6 seconds (0d 0h 0m 6s)

