#
# There is insufficient memory for the Java Runtime Environment to continue.
# Native memory allocation (malloc) failed to allocate 1832816 bytes for Chunk::new
# Possible reasons:
#   The system is out of physical RAM or swap space
#   In 32 bit mode, the process size limit was hit
# Possible solutions:
#   Reduce memory load on the system
#   Increase physical memory or swap space
#   Check if swap backing store is full
#   Use 64 bit Java on a 64 bit OS
#   Decrease Java heap size (-Xmx/-Xms)
#   Decrease number of Java threads
#   Decrease Java thread stack sizes (-Xss)
#   Set larger code cache with -XX:ReservedCodeCacheSize=
# This output file may be truncated or incomplete.
#
#  Out of Memory Error (allocation.cpp:390), pid=8624, tid=8844
#
# JRE version: Java(TM) SE Runtime Environment (8.0_45-b14) (build 1.8.0_45-b14)
# Java VM: Java HotSpot(TM) 64-Bit Server VM (25.45-b02 mixed mode windows-amd64 compressed oops)
# Failed to write core dump. Minidumps are not enabled by default on client versions of Windows
#

---------------  T H R E A D  ---------------

Current thread (0x0000000056542000):  JavaThread "C2 CompilerThread0" daemon [_thread_in_native, id=8844, stack(0x0000000056c30000,0x0000000056d30000)]

Stack: [0x0000000056c30000,0x0000000056d30000]
Native frames: (J=compiled Java code, j=interpreted, Vv=VM code, C=native code)
V  [jvm.dll+0x32b57a]
V  [jvm.dll+0x279873]
V  [jvm.dll+0x27a509]
V  [jvm.dll+0x271825]
V  [jvm.dll+0xcb9e2]
V  [jvm.dll+0xcbeac]
V  [jvm.dll+0x476ef2]
V  [jvm.dll+0x4b955f]
V  [jvm.dll+0x46bf81]
V  [jvm.dll+0x46ccbe]
V  [jvm.dll+0x4500f2]
V  [jvm.dll+0xa4352]
V  [jvm.dll+0xa4c8f]
V  [jvm.dll+0x241984]
V  [jvm.dll+0x29853a]
C  [msvcr100.dll+0x21d9f]
C  [msvcr100.dll+0x21e3b]
C  [kernel32.dll+0x1f56d]
C  [ntdll.dll+0x33281]


Current CompileTask:
C2:  10114 2499       4       com.android.dx.dex.code.OutputFinisher::getAllConstants (47 bytes)


---------------  P R O C E S S  ---------------

Java Threads: ( => current thread )
  0x0000000056549000 JavaThread "Service Thread" daemon [_thread_blocked, id=4020, stack(0x0000000056f60000,0x0000000057060000)]
  0x0000000056546000 JavaThread "C1 CompilerThread2" daemon [_thread_blocked, id=7888, stack(0x0000000056e10000,0x0000000056f10000)]
  0x0000000056545000 JavaThread "C2 CompilerThread1" daemon [_thread_in_native, id=5512, stack(0x0000000056310000,0x0000000056410000)]
=>0x0000000056542000 JavaThread "C2 CompilerThread0" daemon [_thread_in_native, id=8844, stack(0x0000000056c30000,0x0000000056d30000)]
  0x000000005653e800 JavaThread "Attach Listener" daemon [_thread_blocked, id=8972, stack(0x0000000056b30000,0x0000000056c30000)]
  0x0000000054f8c800 JavaThread "Signal Dispatcher" daemon [_thread_blocked, id=8520, stack(0x00000000569b0000,0x0000000056ab0000)]
  0x0000000054f30800 JavaThread "Finalizer" daemon [_thread_blocked, id=8212, stack(0x0000000056430000,0x0000000056530000)]
  0x0000000054f2f800 JavaThread "Reference Handler" daemon [_thread_blocked, id=8164, stack(0x00000000561c0000,0x00000000562c0000)]
  0x000000000258d800 JavaThread "main" [_thread_in_Java, id=5600, stack(0x0000000002740000,0x0000000002840000)]

Other Threads:
  0x0000000054f2a000 VMThread [stack: 0x0000000056050000,0x0000000056150000] [id=8444]
  0x000000005654f000 WatcherThread [stack: 0x0000000057170000,0x0000000057270000] [id=8924]

VM state:not at safepoint (normal execution)

VM Mutex/Monitor currently owned by a thread: None

Heap:
 PSYoungGen      total 285696K, used 30612K [0x00000000eab00000, 0x00000000feb00000, 0x0000000100000000)
  eden space 257536K, 1% used [0x00000000eab00000,0x00000000eaf63b68,0x00000000fa680000)
  from space 28160K, 92% used [0x00000000fc680000,0x00000000fe001878,0x00000000fe200000)
  to   space 32768K, 0% used [0x00000000fa680000,0x00000000fa680000,0x00000000fc680000)
 ParOldGen       total 86016K, used 43062K [0x00000000c0000000, 0x00000000c5400000, 0x00000000eab00000)
  object space 86016K, 50% used [0x00000000c0000000,0x00000000c2a0db90,0x00000000c5400000)
 Metaspace       used 6803K, capacity 7608K, committed 7936K, reserved 1056768K
  class space    used 638K, capacity 688K, committed 768K, reserved 1048576K

Card table byte_map: [0x0000000011c00000,0x0000000011e10000] byte_map_base: 0x0000000011600000

Marking Bits: (ParMarkBitMap*) 0x0000000066f94040
 Begin Bits: [0x00000000123a0000, 0x00000000133a0000)
 End Bits:   [0x00000000133a0000, 0x00000000143a0000)

Polling page: 0x0000000000430000

CodeCache: size=245760Kb used=13471Kb max_used=13483Kb free=232288Kb
 bounds [0x0000000002840000, 0x0000000003580000, 0x0000000011840000]
 total_blobs=3015 nmethods=2743 adapters=185
 compilation: enabled

Compilation events (10 events):
Event: 10.098 Thread 0x0000000056546000 2842       2       com.android.dx.util.ByteArrayAnnotatedOutput::<init> (8 bytes)
Event: 10.098 Thread 0x0000000056546000 nmethod 2842 0x000000000356d1d0 code [0x000000000356d340, 0x000000000356d548]
Event: 10.098 Thread 0x0000000056546000 2843       2       com.android.dx.util.ByteArrayAnnotatedOutput::toByteArray (23 bytes)
Event: 10.098 Thread 0x0000000056546000 nmethod 2843 0x000000000356d610 code [0x000000000356d780, 0x000000000356da08]
Event: 10.098 Thread 0x0000000056546000 2844       2       com.android.dx.dex.code.LocalList$Entry::getName (11 bytes)
Event: 10.098 Thread 0x0000000056546000 nmethod 2844 0x000000000356dad0 code [0x000000000356dc20, 0x000000000356dd70]
Event: 10.100 Thread 0x0000000056545000 nmethod 2790 0x00000000035721d0 code [0x00000000035724c0, 0x0000000003573b18]
Event: 10.100 Thread 0x0000000056545000 2783       4       com.android.dx.rop.code.RegisterSpecSet::withOffset (77 bytes)
Event: 10.106 Thread 0x0000000056545000 nmethod 2783 0x000000000356e290 code [0x000000000356e420, 0x000000000356e9a8]
Event: 10.106 Thread 0x0000000056545000 2788       4       com.android.dx.dex.code.OutputFinisher::assignAddresses (51 bytes)

GC Heap History (10 events):
Event: 0.970 GC heap before
{Heap before GC invocations=2 (full 0):
 PSYoungGen      total 37888K, used 37414K [0x00000000eab00000, 0x00000000ef500000, 0x0000000100000000)
  eden space 32768K, 100% used [0x00000000eab00000,0x00000000ecb00000,0x00000000ecb00000)
  from space 5120K, 90% used [0x00000000ecb00000,0x00000000ecf89b30,0x00000000ed000000)
  to   space 5120K, 0% used [0x00000000ef000000,0x00000000ef000000,0x00000000ef500000)
 ParOldGen       total 86016K, used 16K [0x00000000c0000000, 0x00000000c5400000, 0x00000000eab00000)
  object space 86016K, 0% used [0x00000000c0000000,0x00000000c0004000,0x00000000c5400000)
 Metaspace       used 6088K, capacity 7088K, committed 7296K, reserved 1056768K
  class space    used 595K, capacity 616K, committed 640K, reserved 1048576K
Event: 1.002 GC heap after
Heap after GC invocations=2 (full 0):
 PSYoungGen      total 70656K, used 5117K [0x00000000eab00000, 0x00000000ef500000, 0x0000000100000000)
  eden space 65536K, 0% used [0x00000000eab00000,0x00000000eab00000,0x00000000eeb00000)
  from space 5120K, 99% used [0x00000000ef000000,0x00000000ef4ff7a0,0x00000000ef500000)
  to   space 5120K, 0% used [0x00000000eeb00000,0x00000000eeb00000,0x00000000ef000000)
 ParOldGen       total 86016K, used 2630K [0x00000000c0000000, 0x00000000c5400000, 0x00000000eab00000)
  object space 86016K, 3% used [0x00000000c0000000,0x00000000c0291a30,0x00000000c5400000)
 Metaspace       used 6088K, capacity 7088K, committed 7296K, reserved 1056768K
  class space    used 595K, capacity 616K, committed 640K, reserved 1048576K
}
Event: 2.409 GC heap before
{Heap before GC invocations=3 (full 0):
 PSYoungGen      total 70656K, used 70653K [0x00000000eab00000, 0x00000000ef500000, 0x0000000100000000)
  eden space 65536K, 100% used [0x00000000eab00000,0x00000000eeb00000,0x00000000eeb00000)
  from space 5120K, 99% used [0x00000000ef000000,0x00000000ef4ff7a0,0x00000000ef500000)
  to   space 5120K, 0% used [0x00000000eeb00000,0x00000000eeb00000,0x00000000ef000000)
 ParOldGen       total 86016K, used 2630K [0x00000000c0000000, 0x00000000c5400000, 0x00000000eab00000)
  object space 86016K, 3% used [0x00000000c0000000,0x00000000c0291a30,0x00000000c5400000)
 Metaspace       used 6211K, capacity 7152K, committed 7296K, reserved 1056768K
  class space    used 596K, capacity 616K, committed 640K, reserved 1048576K
Event: 2.434 GC heap after
Heap after GC invocations=3 (full 0):
 PSYoungGen      total 70656K, used 5104K [0x00000000eab00000, 0x00000000f3500000, 0x0000000100000000)
  eden space 65536K, 0% used [0x00000000eab00000,0x00000000eab00000,0x00000000eeb00000)
  from space 5120K, 99% used [0x00000000eeb00000,0x00000000eeffc3e0,0x00000000ef000000)
  to   space 5120K, 0% used [0x00000000f3000000,0x00000000f3000000,0x00000000f3500000)
 ParOldGen       total 86016K, used 12294K [0x00000000c0000000, 0x00000000c5400000, 0x00000000eab00000)
  object space 86016K, 14% used [0x00000000c0000000,0x00000000c0c01938,0x00000000c5400000)
 Metaspace       used 6211K, capacity 7152K, committed 7296K, reserved 1056768K
  class space    used 596K, capacity 616K, committed 640K, reserved 1048576K
}
Event: 5.359 GC heap before
{Heap before GC invocations=4 (full 0):
 PSYoungGen      total 70656K, used 70640K [0x00000000eab00000, 0x00000000f3500000, 0x0000000100000000)
  eden space 65536K, 100% used [0x00000000eab00000,0x00000000eeb00000,0x00000000eeb00000)
  from space 5120K, 99% used [0x00000000eeb00000,0x00000000eeffc3e0,0x00000000ef000000)
  to   space 5120K, 0% used [0x00000000f3000000,0x00000000f3000000,0x00000000f3500000)
 ParOldGen       total 86016K, used 12294K [0x00000000c0000000, 0x00000000c5400000, 0x00000000eab00000)
  object space 86016K, 14% used [0x00000000c0000000,0x00000000c0c01938,0x00000000c5400000)
 Metaspace       used 6279K, capacity 7152K, committed 7296K, reserved 1056768K
  class space    used 597K, capacity 616K, committed 640K, reserved 1048576K
Event: 5.391 GC heap after
Heap after GC invocations=4 (full 0):
 PSYoungGen      total 136192K, used 5104K [0x00000000eab00000, 0x00000000f3500000, 0x0000000100000000)
  eden space 131072K, 0% used [0x00000000eab00000,0x00000000eab00000,0x00000000f2b00000)
  from space 5120K, 99% used [0x00000000f3000000,0x00000000f34fc3e0,0x00000000f3500000)
  to   space 5120K, 0% used [0x00000000f2b00000,0x00000000f2b00000,0x00000000f3000000)
 ParOldGen       total 86016K, used 22422K [0x00000000c0000000, 0x00000000c5400000, 0x00000000eab00000)
  object space 86016K, 26% used [0x00000000c0000000,0x00000000c15e5a58,0x00000000c5400000)
 Metaspace       used 6279K, capacity 7152K, committed 7296K, reserved 1056768K
  class space    used 597K, capacity 616K, committed 640K, reserved 1048576K
}
Event: 9.044 GC heap before
{Heap before GC invocations=5 (full 0):
 PSYoungGen      total 136192K, used 136176K [0x00000000eab00000, 0x00000000f3500000, 0x0000000100000000)
  eden space 131072K, 100% used [0x00000000eab00000,0x00000000f2b00000,0x00000000f2b00000)
  from space 5120K, 99% used [0x00000000f3000000,0x00000000f34fc3e0,0x00000000f3500000)
  to   space 5120K, 0% used [0x00000000f2b00000,0x00000000f2b00000,0x00000000f3000000)
 ParOldGen       total 86016K, used 22422K [0x00000000c0000000, 0x00000000c5400000, 0x00000000eab00000)
  object space 86016K, 26% used [0x00000000c0000000,0x00000000c15e5a58,0x00000000c5400000)
 Metaspace       used 6321K, capacity 7216K, committed 7296K, reserved 1056768K
  class space    used 597K, capacity 616K, committed 640K, reserved 1048576K
Event: 9.070 GC heap after
Heap after GC invocations=5 (full 0):
 PSYoungGen      total 136192K, used 5089K [0x00000000eab00000, 0x00000000fe200000, 0x0000000100000000)
  eden space 131072K, 0% used [0x00000000eab00000,0x00000000eab00000,0x00000000f2b00000)
  from space 5120K, 99% used [0x00000000f2b00000,0x00000000f2ff8690,0x00000000f3000000)
  to   space 28160K, 0% used [0x00000000fc680000,0x00000000fc680000,0x00000000fe200000)
 ParOldGen       total 86016K, used 43054K [0x00000000c0000000, 0x00000000c5400000, 0x00000000eab00000)
  object space 86016K, 50% used [0x00000000c0000000,0x00000000c2a0bb90,0x00000000c5400000)
 Metaspace       used 6321K, capacity 7216K, committed 7296K, reserved 1056768K
  class space    used 597K, capacity 616K, committed 640K, reserved 1048576K
}
Event: 9.867 GC heap before
{Heap before GC invocations=6 (full 0):
 PSYoungGen      total 136192K, used 136161K [0x00000000eab00000, 0x00000000fe200000, 0x0000000100000000)
  eden space 131072K, 100% used [0x00000000eab00000,0x00000000f2b00000,0x00000000f2b00000)
  from space 5120K, 99% used [0x00000000f2b00000,0x00000000f2ff8690,0x00000000f3000000)
  to   space 28160K, 0% used [0x00000000fc680000,0x00000000fc680000,0x00000000fe200000)
 ParOldGen       total 86016K, used 43054K [0x00000000c0000000, 0x00000000c5400000, 0x00000000eab00000)
  object space 86016K, 50% used [0x00000000c0000000,0x00000000c2a0bb90,0x00000000c5400000)
 Metaspace       used 6735K, capacity 7544K, committed 7680K, reserved 1056768K
  class space    used 636K, capacity 688K, committed 768K, reserved 1048576K
Event: 10.033 GC heap after
Heap after GC invocations=6 (full 0):
 PSYoungGen      total 285696K, used 26118K [0x00000000eab00000, 0x00000000feb00000, 0x0000000100000000)
  eden space 257536K, 0% used [0x00000000eab00000,0x00000000eab00000,0x00000000fa680000)
  from space 28160K, 92% used [0x00000000fc680000,0x00000000fe001878,0x00000000fe200000)
  to   space 32768K, 0% used [0x00000000fa680000,0x00000000fa680000,0x00000000fc680000)
 ParOldGen       total 86016K, used 43062K [0x00000000c0000000, 0x00000000c5400000, 0x00000000eab00000)
  object space 86016K, 50% used [0x00000000c0000000,0x00000000c2a0db90,0x00000000c5400000)
 Metaspace       used 6735K, capacity 7544K, committed 7680K, reserved 1056768K
  class space    used 636K, capacity 688K, committed 768K, reserved 1048576K
}

Deoptimization events (10 events):
Event: 9.438 Thread 0x000000000258d800 Uncommon trap: reason=class_check action=maybe_recompile pc=0x0000000002dc1fc8 method=java.util.Arrays.hashCode([Ljava/lang/Object;)I @ 43
Event: 9.438 Thread 0x000000000258d800 Uncommon trap: reason=class_check action=maybe_recompile pc=0x0000000002dc1fc8 method=java.util.Arrays.hashCode([Ljava/lang/Object;)I @ 43
Event: 9.438 Thread 0x000000000258d800 Uncommon trap: reason=class_check action=maybe_recompile pc=0x0000000002d43838 method=java.util.Arrays.hashCode([Ljava/lang/Object;)I @ 43
Event: 9.638 Thread 0x000000000258d800 Uncommon trap: reason=class_check action=maybe_recompile pc=0x0000000002b664dc method=java.util.Arrays.equals([Ljava/lang/Object;[Ljava/lang/Object;)Z @ 62
Event: 9.638 Thread 0x000000000258d800 Uncommon trap: reason=class_check action=maybe_recompile pc=0x0000000002b664dc method=java.util.Arrays.equals([Ljava/lang/Object;[Ljava/lang/Object;)Z @ 62
Event: 9.638 Thread 0x000000000258d800 Uncommon trap: reason=class_check action=maybe_recompile pc=0x0000000002b664dc method=java.util.Arrays.equals([Ljava/lang/Object;[Ljava/lang/Object;)Z @ 62
Event: 9.638 Thread 0x000000000258d800 Uncommon trap: reason=class_check action=maybe_recompile pc=0x0000000002b664dc method=java.util.Arrays.equals([Ljava/lang/Object;[Ljava/lang/Object;)Z @ 62
Event: 9.645 Thread 0x000000000258d800 Uncommon trap: reason=unstable_if action=reinterpret pc=0x00000000030a1014 method=java.util.TreeMap.put(Ljava/lang/Object;Ljava/lang/Object;)Ljava/lang/Object; @ 163
Event: 10.048 Thread 0x000000000258d800 Uncommon trap: reason=unstable_if action=reinterpret pc=0x000000000353b9b4 method=com.android.dx.rop.code.RegisterSpec.equalsUsingSimpleType(Lcom/android/dx/rop/code/RegisterSpec;)Z @ 5
Event: 10.088 Thread 0x000000000258d800 Uncommon trap: reason=unstable_if action=reinterpret pc=0x000000000304a68c method=java.util.ArrayList.<init>(I)V @ 5

Internal exceptions (6 events):
Event: 0.079 Thread 0x000000000258d800 Exception <a 'java/lang/NoSuchMethodError': Method sun.misc.Unsafe.defineClass(Ljava/lang/String;[BII)Ljava/lang/Class; name or signature does not match> (0x00000000eab12f10) thrown at [C:\re\workspace\8-2-build-windows-amd64-cygwin\jdk8u45\3457\hotspot\sr◊≠…çB¥?
Event: 0.079 Thread 0x000000000258d800 Exception <a 'java/lang/NoSuchMethodError': Method sun.misc.Unsafe.prefetchRead(Ljava/lang/Object;J)V name or signature does not match> (0x00000000eab131a0) thrown at [C:\re\workspace\8-2-build-windows-amd64-cygwin\jdk8u45\3457\hotspot\src\share\vm\prims\jà8S—;~@
Event: 2.312 Thread 0x0000000056867000 Implicit null exception at 0x0000000002f1138b to 0x0000000002f14bc9
Event: 9.271 Thread 0x0000000056833000 Exception <a 'java/lang/ArrayIndexOutOfBoundsException': 18> (0x00000000edd01b10) thrown at [C:\re\workspace\8-2-build-windows-amd64-cygwin\jdk8u45\3457\hotspot\src\share\vm\interpreter\interpreterRuntime.cpp, line 366]
Event: 9.271 Thread 0x0000000056833000 Exception <a 'java/lang/ArrayIndexOutOfBoundsException': 145> (0x00000000edd035e0) thrown at [C:\re\workspace\8-2-build-windows-amd64-cygwin\jdk8u45\3457\hotspot\src\share\vm\interpreter\interpreterRuntime.cpp, line 366]
Event: 9.272 Thread 0x0000000056833000 Exception <a 'java/lang/ArrayIndexOutOfBoundsException': 40> (0x00000000edd04818) thrown at [C:\re\workspace\8-2-build-windows-amd64-cygwin\jdk8u45\3457\hotspot\src\share\vm\interpreter\interpreterRuntime.cpp, line 366]

Events (10 events):
Event: 10.078 Thread 0x000000000258d800 DEOPT UNPACKING pc=0x000000000288747f sp=0x000000000283e928 mode 0
Event: 10.087 loading class com/android/dx/dex/file/DebugInfoEncoder
Event: 10.087 loading class com/android/dx/dex/file/DebugInfoEncoder done
Event: 10.088 loading class com/android/dx/dex/file/DebugInfoEncoder$1
Event: 10.088 loading class com/android/dx/dex/file/DebugInfoEncoder$1 done
Event: 10.088 Thread 0x000000000258d800 Uncommon trap: trap_request=0xffffff65 fr.pc=0x000000000304a68c
Event: 10.088 Thread 0x000000000258d800 DEOPT PACKING pc=0x000000000304a68c sp=0x000000000283ea70
Event: 10.088 Thread 0x000000000258d800 DEOPT UNPACKING pc=0x000000000288582a sp=0x000000000283ea18 mode 2
Event: 10.088 loading class com/android/dx/dex/file/DebugInfoEncoder$2
Event: 10.088 loading class com/android/dx/dex/file/DebugInfoEncoder$2 done


Dynamic libraries:
0x000000013f830000 - 0x000000013f867000 	D:\JDK\bin\java.exe
0x0000000076df0000 - 0x0000000076f9b000 	C:\Windows\SYSTEM32\ntdll.dll
0x0000000076bd0000 - 0x0000000076cef000 	C:\Windows\system32\kernel32.dll
0x000007fefce40000 - 0x000007fefceab000 	C:\Windows\system32\KERNELBASE.dll
0x000007fefed10000 - 0x000007fefedeb000 	C:\Windows\system32\ADVAPI32.dll
0x000007fefd5f0000 - 0x000007fefd68f000 	C:\Windows\system32\msvcrt.dll
0x000007fefedf0000 - 0x000007fefee0f000 	C:\Windows\SYSTEM32\sechost.dll
0x000007fefd9f0000 - 0x000007fefdb1e000 	C:\Windows\system32\RPCRT4.dll
0x0000000076cf0000 - 0x0000000076dea000 	C:\Windows\system32\USER32.dll
0x000007fefd550000 - 0x000007fefd5b7000 	C:\Windows\system32\GDI32.dll
0x000007fefd780000 - 0x000007fefd78e000 	C:\Windows\system32\LPK.dll
0x000007fefde30000 - 0x000007fefdefa000 	C:\Windows\system32\USP10.dll
0x000007fefb580000 - 0x000007fefb774000 	C:\Windows\WinSxS\amd64_microsoft.windows.common-controls_6595b64144ccf1df_6.0.7600.16385_none_fa645303170382f6\COMCTL32.dll
0x000007fefdf00000 - 0x000007fefdf71000 	C:\Windows\system32\SHLWAPI.dll
0x000007fefd5c0000 - 0x000007fefd5ee000 	C:\Windows\system32\IMM32.DLL
0x000007fefee10000 - 0x000007fefef19000 	C:\Windows\system32\MSCTF.dll
0x00000000666b0000 - 0x0000000066782000 	D:\JDK\bin\msvcr100.dll
0x0000000066790000 - 0x0000000067013000 	D:\JDK\bin\server\jvm.dll
0x000007feeca60000 - 0x000007feeca69000 	C:\Windows\system32\WSOCK32.dll
0x000007fefd730000 - 0x000007fefd77d000 	C:\Windows\system32\WS2_32.dll
0x000007fefdb20000 - 0x000007fefdb28000 	C:\Windows\system32\NSI.dll
0x000007fefadb0000 - 0x000007fefadeb000 	C:\Windows\system32\WINMM.dll
0x000007fefbec0000 - 0x000007fefbecc000 	C:\Windows\system32\VERSION.dll
0x0000000076fc0000 - 0x0000000076fc7000 	C:\Windows\system32\PSAPI.DLL
0x0000000067790000 - 0x000000006779f000 	D:\JDK\bin\verify.dll
0x0000000066680000 - 0x00000000666a9000 	D:\JDK\bin\java.dll
0x0000000066660000 - 0x0000000066676000 	D:\JDK\bin\zip.dll
0x000007fefdf80000 - 0x000007fefed06000 	C:\Windows\system32\SHELL32.dll
0x000007fefd210000 - 0x000007fefd411000 	C:\Windows\system32\ole32.dll
0x000007fefcd50000 - 0x000007fefcd5f000 	C:\Windows\system32\profapi.dll
0x000007feedf20000 - 0x000007feee045000 	C:\Windows\system32\dbghelp.dll

VM Arguments:
jvm_args: -Djava.awt.headless=true -Xmx1024M -Dfile.encoding=GBK -Duser.country=CN -Duser.language=zh -Duser.variant 
java_command: com.android.dx.command.Main --dex --force-jumbo --num-threads=4 --output E:\studio-project\KXG\app\build\intermediates\pre-dexed\debug\android-support-v4_71e4d9c459a180765757a012c1f02717a0b972e1.jar E:\studio-project\KXG\app\libs\android-support-v4.jar
java_class_path (initial): E:\android-sdk1\build-tools\24.0.0-preview\lib\dx.jar
Launcher Type: SUN_STANDARD

Environment Variables:
JAVA_HOME=D:\JDK\
CLASSPATH=.;D:\JDK\\lib\tools.jar
PATH=C:\ProgramData\Oracle\Java\javapath;C:\Windows\system32;C:\Windows;C:\Windows\System32\Wbem;C:\Windows\System32\WindowsPowerShell\v1.0\;C:\Program Files (x86)\Windows7Master;D:\SVN\bin;D:\mysql\bin;D:\JDK\\bin;E:\android-sdk\platform-tools;E:\android-sdk\tools;E:\android-sdk1\platform-tools;E:\android-sdk1\tools
USERNAME=Administrator
OS=Windows_NT
PROCESSOR_IDENTIFIER=Intel64 Family 6 Model 60 Stepping 3, GenuineIntel



---------------  S Y S T E M  ---------------

OS: Windows 7 , 64 bit Build 7600 (6.1.7600.16385)

CPU:total 4 (4 cores per cpu, 1 threads per core) family 6 model 60 stepping 3, cmov, cx8, fxsr, mmx, sse, sse2, sse3, ssse3, sse4.1, sse4.2, popcnt, aes, clmul, erms, lzcnt, tsc, tscinvbit, bmi1, bmi2

Memory: 4k page, physical 8256464k(2178468k free), swap 8254568k(4332k free)

vm_info: Java HotSpot(TM) 64-Bit Server VM (25.45-b02) for windows-amd64 JRE (1.8.0_45-b14), built on Apr 10 2015 10:34:15 by "java_re" with MS VC++ 10.0 (VS2010)

time: Tue Apr 19 10:17:24 2016
elapsed time: 10 seconds (0d 0h 0m 10s)

