#
# There is insufficient memory for the Java Runtime Environment to continue.
# Native memory allocation (malloc) failed to allocate 585376 bytes for Chunk::new
# Possible reasons:
#   The system is out of physical RAM or swap space
#   In 32 bit mode, the process size limit was hit
# Possible solutions:
#   Reduce memory load on the system
#   Increase physical memory or swap space
#   Check if swap backing store is full
#   Use 64 bit Java on a 64 bit OS
#   Decrease Java heap size (-Xmx/-Xms)
#   Decrease number of Java threads
#   Decrease Java thread stack sizes (-Xss)
#   Set larger code cache with -XX:ReservedCodeCacheSize=
# This output file may be truncated or incomplete.
#
#  Out of Memory Error (allocation.cpp:390), pid=8252, tid=8476
#
# JRE version: Java(TM) SE Runtime Environment (8.0_45-b14) (build 1.8.0_45-b14)
# Java VM: Java HotSpot(TM) 64-Bit Server VM (25.45-b02 mixed mode windows-amd64 compressed oops)
# Failed to write core dump. Minidumps are not enabled by default on client versions of Windows
#

---------------  T H R E A D  ---------------

Current thread (0x000000005658a000):  JavaThread "C2 CompilerThread1" daemon [_thread_in_native, id=8476, stack(0x0000000056ec0000,0x0000000056fc0000)]

Stack: [0x0000000056ec0000,0x0000000056fc0000]
Native frames: (J=compiled Java code, j=interpreted, Vv=VM code, C=native code)
V  [jvm.dll+0x32b57a]


Current CompileTask:
C2:   1401 1276       4       com.android.dx.ssa.LocalVariableExtractor::processBlock (383 bytes)


---------------  P R O C E S S  ---------------

Java Threads: ( => current thread )
  0x00000000568af000 JavaThread "pool-1-thread-4" [_thread_blocked, id=8228, stack(0x0000000057b30000,0x0000000057c30000)]
  0x0000000056846000 JavaThread "pool-1-thread-3" [_thread_blocked, id=8400, stack(0x0000000057940000,0x0000000057a40000)]
  0x0000000056845000 JavaThread "pool-1-thread-2" [_thread_blocked, id=8204, stack(0x0000000057780000,0x0000000057880000)]
  0x0000000056844000 JavaThread "pool-2-thread-1" [_thread_blocked, id=8408, stack(0x00000000575e0000,0x00000000576e0000)]
  0x0000000056843800 JavaThread "pool-1-thread-1" [_thread_blocked, id=7784, stack(0x0000000056040000,0x0000000056140000)]
  0x000000005537b000 JavaThread "Service Thread" daemon [_thread_blocked, id=6976, stack(0x00000000572c0000,0x00000000573c0000)]
  0x000000005658b000 JavaThread "C1 CompilerThread2" daemon [_thread_blocked, id=8564, stack(0x00000000570b0000,0x00000000571b0000)]
=>0x000000005658a000 JavaThread "C2 CompilerThread1" daemon [_thread_in_native, id=8476, stack(0x0000000056ec0000,0x0000000056fc0000)]
  0x0000000056587000 JavaThread "C2 CompilerThread0" daemon [_thread_in_native, id=8036, stack(0x0000000056cd0000,0x0000000056dd0000)]
  0x000000005536e000 JavaThread "Attach Listener" daemon [_thread_blocked, id=8552, stack(0x0000000056ba0000,0x0000000056ca0000)]
  0x000000005536d000 JavaThread "Signal Dispatcher" daemon [_thread_blocked, id=8416, stack(0x0000000056970000,0x0000000056a70000)]
  0x0000000055310800 JavaThread "Finalizer" daemon [_thread_blocked, id=8176, stack(0x0000000056470000,0x0000000056570000)]
  0x000000005530f800 JavaThread "Reference Handler" daemon [_thread_blocked, id=8724, stack(0x0000000056370000,0x0000000056470000)]
  0x000000000246d800 JavaThread "main" [_thread_blocked, id=6792, stack(0x0000000002770000,0x0000000002870000)]

Other Threads:
  0x000000005530a000 VMThread [stack: 0x0000000056140000,0x0000000056240000] [id=8604]
  0x000000005658d800 WatcherThread [stack: 0x00000000574c0000,0x00000000575c0000] [id=8620]

VM state:not at safepoint (normal execution)

VM Mutex/Monitor currently owned by a thread: None

Heap:
 PSYoungGen      total 70656K, used 53984K [0x00000000eab00000, 0x00000000ef500000, 0x0000000100000000)
  eden space 65536K, 74% used [0x00000000eab00000,0x00000000edab9728,0x00000000eeb00000)
  from space 5120K, 99% used [0x00000000ef000000,0x00000000ef4feb58,0x00000000ef500000)
  to   space 5120K, 0% used [0x00000000eeb00000,0x00000000eeb00000,0x00000000ef000000)
 ParOldGen       total 86016K, used 18387K [0x00000000c0000000, 0x00000000c5400000, 0x00000000eab00000)
  object space 86016K, 21% used [0x00000000c0000000,0x00000000c11f4eb0,0x00000000c5400000)
 Metaspace       used 5801K, capacity 6896K, committed 7040K, reserved 1056768K
  class space    used 592K, capacity 616K, committed 640K, reserved 1048576K

Card table byte_map: [0x0000000011c30000,0x0000000011e40000] byte_map_base: 0x0000000011630000

Marking Bits: (ParMarkBitMap*) 0x0000000066f94040
 Begin Bits: [0x0000000012780000, 0x0000000013780000)
 End Bits:   [0x0000000013780000, 0x0000000014780000)

Polling page: 0x0000000000130000

CodeCache: size=245760Kb used=5171Kb max_used=5189Kb free=240588Kb
 bounds [0x0000000002870000, 0x0000000002d90000, 0x0000000011870000]
 total_blobs=1529 nmethods=1259 adapters=184
 compilation: enabled

Compilation events (10 events):
Event: 1.311 Thread 0x000000005658b000 1292       2       com.android.dx.ssa.SCCP::simulateStmt (481 bytes)
Event: 1.312 Thread 0x000000005658b000 nmethod 1292 0x0000000002d64e10 code [0x0000000002d65080, 0x0000000002d65938]
Event: 1.314 Thread 0x000000005658b000 1293       2       com.android.dx.cf.code.BytecodeArray::processWorkSet (50 bytes)
Event: 1.315 Thread 0x000000005658b000 nmethod 1293 0x0000000002d64710 code [0x0000000002d648a0, 0x0000000002d64bd8]
Event: 1.319 Thread 0x000000005658b000 1296       2       com.android.dx.ssa.SsaMethod::buildUseList (112 bytes)
Event: 1.319 Thread 0x000000005658b000 nmethod 1296 0x0000000002d77b10 code [0x0000000002d77d00, 0x0000000002d78658]
Event: 1.351 Thread 0x000000005658a000 nmethod 1272% 0x0000000002d7d350 code [0x0000000002d7d580, 0x0000000002d7ef70]
Event: 1.352 Thread 0x000000005658a000 1285       4       com.android.dx.ssa.SsaMethod::deleteInsns (239 bytes)
Event: 1.388 Thread 0x000000005658a000 nmethod 1285 0x0000000002d856d0 code [0x0000000002d85900, 0x0000000002d87528]
Event: 1.388 Thread 0x000000005658a000 1276       4       com.android.dx.ssa.LocalVariableExtractor::processBlock (383 bytes)

GC Heap History (4 events):
Event: 0.736 GC heap before
{Heap before GC invocations=1 (full 0):
 PSYoungGen      total 37888K, used 32768K [0x00000000eab00000, 0x00000000ed500000, 0x0000000100000000)
  eden space 32768K, 100% used [0x00000000eab00000,0x00000000ecb00000,0x00000000ecb00000)
  from space 5120K, 0% used [0x00000000ed000000,0x00000000ed000000,0x00000000ed500000)
  to   space 5120K, 0% used [0x00000000ecb00000,0x00000000ecb00000,0x00000000ed000000)
 ParOldGen       total 86016K, used 0K [0x00000000c0000000, 0x00000000c5400000, 0x00000000eab00000)
  object space 86016K, 0% used [0x00000000c0000000,0x00000000c0000000,0x00000000c5400000)
 Metaspace       used 5704K, capacity 6832K, committed 7040K, reserved 1056768K
  class space    used 591K, capacity 616K, committed 640K, reserved 1048576K
Event: 0.766 GC heap after
Heap after GC invocations=1 (full 0):
 PSYoungGen      total 37888K, used 5104K [0x00000000eab00000, 0x00000000ef500000, 0x0000000100000000)
  eden space 32768K, 0% used [0x00000000eab00000,0x00000000eab00000,0x00000000ecb00000)
  from space 5120K, 99% used [0x00000000ecb00000,0x00000000ecffc0a0,0x00000000ed000000)
  to   space 5120K, 0% used [0x00000000ef000000,0x00000000ef000000,0x00000000ef500000)
 ParOldGen       total 86016K, used 6412K [0x00000000c0000000, 0x00000000c5400000, 0x00000000eab00000)
  object space 86016K, 7% used [0x00000000c0000000,0x00000000c0643168,0x00000000c5400000)
 Metaspace       used 5704K, capacity 6832K, committed 7040K, reserved 1056768K
  class space    used 591K, capacity 616K, committed 640K, reserved 1048576K
}
Event: 0.985 GC heap before
{Heap before GC invocations=2 (full 0):
 PSYoungGen      total 37888K, used 37872K [0x00000000eab00000, 0x00000000ef500000, 0x0000000100000000)
  eden space 32768K, 100% used [0x00000000eab00000,0x00000000ecb00000,0x00000000ecb00000)
  from space 5120K, 99% used [0x00000000ecb00000,0x00000000ecffc0a0,0x00000000ed000000)
  to   space 5120K, 0% used [0x00000000ef000000,0x00000000ef000000,0x00000000ef500000)
 ParOldGen       total 86016K, used 6412K [0x00000000c0000000, 0x00000000c5400000, 0x00000000eab00000)
  object space 86016K, 7% used [0x00000000c0000000,0x00000000c0643168,0x00000000c5400000)
 Metaspace       used 5746K, capacity 6832K, committed 7040K, reserved 1056768K
  class space    used 591K, capacity 616K, committed 640K, reserved 1048576K
Event: 1.008 GC heap after
Heap after GC invocations=2 (full 0):
 PSYoungGen      total 70656K, used 5114K [0x00000000eab00000, 0x00000000ef500000, 0x0000000100000000)
  eden space 65536K, 0% used [0x00000000eab00000,0x00000000eab00000,0x00000000eeb00000)
  from space 5120K, 99% used [0x00000000ef000000,0x00000000ef4feb58,0x00000000ef500000)
  to   space 5120K, 0% used [0x00000000eeb00000,0x00000000eeb00000,0x00000000ef000000)
 ParOldGen       total 86016K, used 18387K [0x00000000c0000000, 0x00000000c5400000, 0x00000000eab00000)
  object space 86016K, 21% used [0x00000000c0000000,0x00000000c11f4eb0,0x00000000c5400000)
 Metaspace       used 5746K, capacity 6832K, committed 7040K, reserved 1056768K
  class space    used 591K, capacity 616K, committed 640K, reserved 1048576K
}

Deoptimization events (10 events):
Event: 0.366 Thread 0x00000000568af000 Uncommon trap: reason=unstable_if action=reinterpret pc=0x0000000002a62920 method=java.util.BitSet.nextSetBit(I)I @ 87
Event: 0.446 Thread 0x00000000568af000 Uncommon trap: reason=null_check action=make_not_entrant pc=0x0000000002acd2b4 method=com.android.dx.ssa.SsaRenamer.getLocalForNewReg(I)Lcom/android/dx/rop/code/LocalItem; @ 19
Event: 0.457 Thread 0x00000000568af000 Uncommon trap: reason=unstable_if action=reinterpret pc=0x0000000002ac309c method=com.android.dx.ssa.SsaRenamer$BlockRenamer.addMapping(ILcom/android/dx/rop/code/RegisterSpec;)V @ 120
Event: 0.697 Thread 0x0000000056845000 Uncommon trap: reason=class_check action=maybe_recompile pc=0x0000000002ad9ed4 method=com.android.dx.ssa.NormalSsaInsn.accept(Lcom/android/dx/ssa/SsaInsn$Visitor;)V @ 9
Event: 0.830 Thread 0x00000000568af000 Uncommon trap: reason=class_check action=maybe_recompile pc=0x0000000002ad9ed4 method=com.android.dx.ssa.NormalSsaInsn.accept(Lcom/android/dx/ssa/SsaInsn$Visitor;)V @ 9
Event: 0.830 Thread 0x00000000568af000 Uncommon trap: reason=class_check action=maybe_recompile pc=0x0000000002ad9ed4 method=com.android.dx.ssa.NormalSsaInsn.accept(Lcom/android/dx/ssa/SsaInsn$Visitor;)V @ 9
Event: 0.830 Thread 0x00000000568af000 Uncommon trap: reason=class_check action=maybe_recompile pc=0x0000000002ad9ed4 method=com.android.dx.ssa.NormalSsaInsn.accept(Lcom/android/dx/ssa/SsaInsn$Visitor;)V @ 9
Event: 0.896 Thread 0x00000000568af000 Uncommon trap: reason=null_check action=make_not_entrant pc=0x0000000002ac7450 method=com.android.dx.rop.type.Type.equals(Ljava/lang/Object;)Z @ 8
Event: 1.238 Thread 0x00000000568af000 Uncommon trap: reason=unstable_if action=reinterpret pc=0x0000000002d2ae14 method=com.android.dx.ssa.SCCP.simulateBranch(Lcom/android/dx/ssa/SsaInsn;)V @ 53
Event: 1.311 Thread 0x00000000568af000 Uncommon trap: reason=unstable_if action=reinterpret pc=0x0000000002cd1e84 method=com.android.dx.ssa.SCCP.simulateStmt(Lcom/android/dx/ssa/SsaInsn;)V @ 53

Internal exceptions (4 events):
Event: 0.026 Thread 0x000000000246d800 Exception <a 'java/lang/NoSuchMethodError': Method sun.misc.Unsafe.defineClass(Ljava/lang/String;[BII)Ljava/lang/Class; name or signature does not match> (0x00000000eab12f10) thrown at [C:\re\workspace\8-2-build-windows-amd64-cygwin\jdk8u45\3457\hotspot\sró?BÎ]š?
Event: 0.026 Thread 0x000000000246d800 Exception <a 'java/lang/NoSuchMethodError': Method sun.misc.Unsafe.prefetchRead(Ljava/lang/Object;J)V name or signature does not match> (0x00000000eab131a0) thrown at [C:\re\workspace\8-2-build-windows-amd64-cygwin\jdk8u45\3457\hotspot\src\share\vm\prims\jMý›¨óŽÜ?
Event: 0.446 Thread 0x00000000568af000 Implicit null exception at 0x0000000002acae3a to 0x0000000002acd295
Event: 0.896 Thread 0x00000000568af000 Implicit null exception at 0x0000000002ac7352 to 0x0000000002ac7442

Events (10 events):
Event: 1.240 Thread 0x00000000568af000 DEOPT UNPACKING pc=0x00000000028b747f sp=0x0000000057c2e628 mode 0
Event: 1.305 Thread 0x00000000568af000 DEOPT PACKING pc=0x0000000002b1c8af sp=0x0000000057c2e820
Event: 1.305 Thread 0x00000000568af000 DEOPT UNPACKING pc=0x00000000028b747f sp=0x0000000057c2e600 mode 0
Event: 1.311 Thread 0x00000000568af000 Uncommon trap: trap_request=0xffffff65 fr.pc=0x0000000002cd1e84
Event: 1.311 Thread 0x00000000568af000 DEOPT PACKING pc=0x0000000002cd1e84 sp=0x0000000057c2e9b0
Event: 1.311 Thread 0x00000000568af000 DEOPT UNPACKING pc=0x00000000028b582a sp=0x0000000057c2e978 mode 2
Event: 1.320 Thread 0x00000000568af000 DEOPT PACKING pc=0x0000000002b1c8af sp=0x0000000057c2e820
Event: 1.320 Thread 0x00000000568af000 DEOPT UNPACKING pc=0x00000000028b747f sp=0x0000000057c2e600 mode 0
Event: 1.323 Thread 0x00000000568af000 DEOPT PACKING pc=0x0000000002ac889b sp=0x0000000057c2ea90
Event: 1.323 Thread 0x00000000568af000 DEOPT UNPACKING pc=0x00000000028b747f sp=0x0000000057c2e7e8 mode 0


Dynamic libraries:
0x000000013f830000 - 0x000000013f867000 	D:\JDK\bin\java.exe
0x0000000076df0000 - 0x0000000076f9b000 	C:\Windows\SYSTEM32\ntdll.dll
0x0000000076bd0000 - 0x0000000076cef000 	C:\Windows\system32\kernel32.dll
0x000007fefce40000 - 0x000007fefceab000 	C:\Windows\system32\KERNELBASE.dll
0x000007fefed10000 - 0x000007fefedeb000 	C:\Windows\system32\ADVAPI32.dll
0x000007fefd5f0000 - 0x000007fefd68f000 	C:\Windows\system32\msvcrt.dll
0x000007fefedf0000 - 0x000007fefee0f000 	C:\Windows\SYSTEM32\sechost.dll
0x000007fefd9f0000 - 0x000007fefdb1e000 	C:\Windows\system32\RPCRT4.dll
0x0000000076cf0000 - 0x0000000076dea000 	C:\Windows\system32\USER32.dll
0x000007fefd550000 - 0x000007fefd5b7000 	C:\Windows\system32\GDI32.dll
0x000007fefd780000 - 0x000007fefd78e000 	C:\Windows\system32\LPK.dll
0x000007fefde30000 - 0x000007fefdefa000 	C:\Windows\system32\USP10.dll
0x000007fefb580000 - 0x000007fefb774000 	C:\Windows\WinSxS\amd64_microsoft.windows.common-controls_6595b64144ccf1df_6.0.7600.16385_none_fa645303170382f6\COMCTL32.dll
0x000007fefdf00000 - 0x000007fefdf71000 	C:\Windows\system32\SHLWAPI.dll
0x000007fefd5c0000 - 0x000007fefd5ee000 	C:\Windows\system32\IMM32.DLL
0x000007fefee10000 - 0x000007fefef19000 	C:\Windows\system32\MSCTF.dll
0x00000000666b0000 - 0x0000000066782000 	D:\JDK\bin\msvcr100.dll
0x0000000066790000 - 0x0000000067013000 	D:\JDK\bin\server\jvm.dll
0x000007feeca60000 - 0x000007feeca69000 	C:\Windows\system32\WSOCK32.dll
0x000007fefd730000 - 0x000007fefd77d000 	C:\Windows\system32\WS2_32.dll
0x000007fefdb20000 - 0x000007fefdb28000 	C:\Windows\system32\NSI.dll
0x000007fefadb0000 - 0x000007fefadeb000 	C:\Windows\system32\WINMM.dll
0x000007fefbec0000 - 0x000007fefbecc000 	C:\Windows\system32\VERSION.dll
0x0000000076fc0000 - 0x0000000076fc7000 	C:\Windows\system32\PSAPI.DLL
0x0000000067790000 - 0x000000006779f000 	D:\JDK\bin\verify.dll
0x0000000066680000 - 0x00000000666a9000 	D:\JDK\bin\java.dll
0x0000000066660000 - 0x0000000066676000 	D:\JDK\bin\zip.dll
0x000007fefdf80000 - 0x000007fefed06000 	C:\Windows\system32\SHELL32.dll
0x000007fefd210000 - 0x000007fefd411000 	C:\Windows\system32\ole32.dll
0x000007fefcd50000 - 0x000007fefcd5f000 	C:\Windows\system32\profapi.dll

VM Arguments:
jvm_args: -Djava.awt.headless=true -Xmx1024M -Dfile.encoding=GBK -Duser.country=CN -Duser.language=zh -Duser.variant 
java_command: com.android.dx.command.Main --dex --force-jumbo --num-threads=4 --output E:\studio-project\KXG\app\build\intermediates\pre-dexed\debug\main_84d4482478639f38b51f4a6e8d1d7dcfe2432763.jar E:\studio-project\KXG\app\build\intermediates\transforms\instantRun\debug\folders\1\5\main
java_class_path (initial): E:\android-sdk1\build-tools\24.0.0-preview\lib\dx.jar
Launcher Type: SUN_STANDARD

Environment Variables:
JAVA_HOME=D:\JDK\
CLASSPATH=.;D:\JDK\\lib\tools.jar
PATH=C:\ProgramData\Oracle\Java\javapath;C:\Windows\system32;C:\Windows;C:\Windows\System32\Wbem;C:\Windows\System32\WindowsPowerShell\v1.0\;C:\Program Files (x86)\Windows7Master;D:\SVN\bin;D:\mysql\bin;D:\JDK\\bin;E:\android-sdk\platform-tools;E:\android-sdk\tools;E:\android-sdk1\platform-tools;E:\android-sdk1\tools
USERNAME=Administrator
OS=Windows_NT
PROCESSOR_IDENTIFIER=Intel64 Family 6 Model 60 Stepping 3, GenuineIntel



---------------  S Y S T E M  ---------------

OS: Windows 7 , 64 bit Build 7600 (6.1.7600.16385)

CPU:total 4 (4 cores per cpu, 1 threads per core) family 6 model 60 stepping 3, cmov, cx8, fxsr, mmx, sse, sse2, sse3, ssse3, sse4.1, sse4.2, popcnt, aes, clmul, erms, lzcnt, tsc, tscinvbit, bmi1, bmi2

Memory: 4k page, physical 8256464k(2241036k free), swap 8254568k(5164k free)

vm_info: Java HotSpot(TM) 64-Bit Server VM (25.45-b02) for windows-amd64 JRE (1.8.0_45-b14), built on Apr 10 2015 10:34:15 by "java_re" with MS VC++ 10.0 (VS2010)

time: Tue Apr 19 10:12:30 2016
elapsed time: 1 seconds (0d 0h 0m 1s)

