#
# There is insufficient memory for the Java Runtime Environment to continue.
# Native memory allocation (malloc) failed to allocate 1822496 bytes for Chunk::new
# Possible reasons:
#   The system is out of physical RAM or swap space
#   In 32 bit mode, the process size limit was hit
# Possible solutions:
#   Reduce memory load on the system
#   Increase physical memory or swap space
#   Check if swap backing store is full
#   Use 64 bit Java on a 64 bit OS
#   Decrease Java heap size (-Xmx/-Xms)
#   Decrease number of Java threads
#   Decrease Java thread stack sizes (-Xss)
#   Set larger code cache with -XX:ReservedCodeCacheSize=
# This output file may be truncated or incomplete.
#
#  Out of Memory Error (allocation.cpp:390), pid=8352, tid=8736
#
# JRE version: Java(TM) SE Runtime Environment (8.0_45-b14) (build 1.8.0_45-b14)
# Java VM: Java HotSpot(TM) 64-Bit Server VM (25.45-b02 mixed mode windows-amd64 compressed oops)
# Failed to write core dump. Minidumps are not enabled by default on client versions of Windows
#

---------------  T H R E A D  ---------------

Current thread (0x000000005677b000):  JavaThread "C2 CompilerThread1" daemon [_thread_in_native, id=8736, stack(0x0000000056f30000,0x0000000057030000)]

Stack: [0x0000000056f30000,0x0000000057030000]
Native frames: (J=compiled Java code, j=interpreted, Vv=VM code, C=native code)
V  [jvm.dll+0x32b57a]


Current CompileTask:
C2:   3082 1965       4       com.android.dx.ssa.SsaRenamer$BlockRenamer::process (191 bytes)


---------------  P R O C E S S  ---------------

Java Threads: ( => current thread )
  0x0000000056a74800 JavaThread "pool-1-thread-4" [_thread_blocked, id=8980, stack(0x0000000057ce0000,0x0000000057de0000)]
  0x0000000057349000 JavaThread "pool-1-thread-3" [_thread_blocked, id=9196, stack(0x0000000058200000,0x0000000058300000)]
  0x0000000057345000 JavaThread "pool-1-thread-2" [_thread_in_Java, id=8944, stack(0x0000000057fe0000,0x00000000580e0000)]
  0x0000000056aef800 JavaThread "pool-2-thread-1" [_thread_blocked, id=9172, stack(0x0000000057e10000,0x0000000057f10000)]
  0x0000000056aed000 JavaThread "pool-1-thread-1" [_thread_blocked, id=8932, stack(0x0000000057ba0000,0x0000000057ca0000)]
  0x0000000056801800 JavaThread "Service Thread" daemon [_thread_blocked, id=9208, stack(0x00000000571d0000,0x00000000572d0000)]
  0x000000005677e000 JavaThread "C1 CompilerThread2" daemon [_thread_blocked, id=8788, stack(0x0000000056db0000,0x0000000056eb0000)]
=>0x000000005677b000 JavaThread "C2 CompilerThread1" daemon [_thread_in_native, id=8736, stack(0x0000000056f30000,0x0000000057030000)]
  0x0000000056778000 JavaThread "C2 CompilerThread0" daemon [_thread_in_native, id=9120, stack(0x0000000056cb0000,0x0000000056db0000)]
  0x0000000056775000 JavaThread "Attach Listener" daemon [_thread_blocked, id=8988, stack(0x00000000561d0000,0x00000000562d0000)]
  0x00000000552de800 JavaThread "Signal Dispatcher" daemon [_thread_blocked, id=8964, stack(0x0000000056b70000,0x0000000056c70000)]
  0x0000000055286800 JavaThread "Finalizer" daemon [_thread_blocked, id=6492, stack(0x0000000056660000,0x0000000056760000)]
  0x000000005527f800 JavaThread "Reference Handler" daemon [_thread_blocked, id=9152, stack(0x00000000564e0000,0x00000000565e0000)]
  0x000000000028d800 JavaThread "main" [_thread_blocked, id=6884, stack(0x00000000025f0000,0x00000000026f0000)]

Other Threads:
  0x000000005527a000 VMThread [stack: 0x00000000563b0000,0x00000000564b0000] [id=8756]
  0x000000005680f000 WatcherThread [stack: 0x0000000057060000,0x0000000057160000] [id=8828]

VM state:not at safepoint (normal execution)

VM Mutex/Monitor currently owned by a thread: None

Heap:
 PSYoungGen      total 136192K, used 59348K [0x00000000eab00000, 0x00000000fcd00000, 0x0000000100000000)
  eden space 131072K, 41% used [0x00000000eab00000,0x00000000edff7048,0x00000000f2b00000)
  from space 5120K, 99% used [0x00000000f2b00000,0x00000000f2ffe038,0x00000000f3000000)
  to   space 17408K, 0% used [0x00000000fbc00000,0x00000000fbc00000,0x00000000fcd00000)
 ParOldGen       total 86016K, used 25381K [0x00000000c0000000, 0x00000000c5400000, 0x00000000eab00000)
  object space 86016K, 29% used [0x00000000c0000000,0x00000000c18c9580,0x00000000c5400000)
 Metaspace       used 6283K, capacity 7192K, committed 7424K, reserved 1056768K
  class space    used 612K, capacity 656K, committed 768K, reserved 1048576K

Card table byte_map: [0x0000000011bb0000,0x0000000011dc0000] byte_map_base: 0x00000000115b0000

Marking Bits: (ParMarkBitMap*) 0x0000000066f94040
 Begin Bits: [0x00000000126f0000, 0x00000000136f0000)
 End Bits:   [0x00000000136f0000, 0x00000000146f0000)

Polling page: 0x0000000000130000

CodeCache: size=245760Kb used=7931Kb max_used=7966Kb free=237828Kb
 bounds [0x00000000027f0000, 0x0000000002fc0000, 0x00000000117f0000]
 total_blobs=2201 nmethods=1930 adapters=184
 compilation: enabled

Compilation events (10 events):
Event: 2.951 Thread 0x000000005677e000 1975       2       com.android.dx.ssa.LiteralOpUpgrader$1::visitNonMoveInsn (203 bytes)
Event: 2.952 Thread 0x000000005677e000 nmethod 1975 0x0000000002f9b7d0 code [0x0000000002f9bb20, 0x0000000002f9c908]
Event: 2.993 Thread 0x000000005677b000 nmethod 1793 0x0000000002fa9010 code [0x0000000002faa840, 0x0000000002fb3ba0]
Event: 2.993 Thread 0x000000005677b000 1965       4       com.android.dx.ssa.SsaRenamer$BlockRenamer::process (191 bytes)
Event: 3.037 Thread 0x000000005677e000 1976       2       com.android.dx.dex.file.ClassDefItem::addMethodAnnotations (11 bytes)
Event: 3.037 Thread 0x000000005677e000 nmethod 1976 0x0000000002fa8c50 code [0x0000000002fa8dc0, 0x0000000002fa8f28]
Event: 3.037 Thread 0x000000005677e000 1977       2       com.android.dx.dex.file.AnnotationsDirectoryItem::addMethodAnnotations (44 bytes)
Event: 3.038 Thread 0x000000005677e000 nmethod 1977 0x0000000002fa8350 code [0x0000000002fa84e0, 0x0000000002fa8908]
Event: 3.072 Thread 0x000000005677e000 1979       2       com.android.dx.dex.code.BlockAddresses::getStart (7 bytes)
Event: 3.072 Thread 0x000000005677e000 nmethod 1979 0x0000000002fa7f90 code [0x0000000002fa80e0, 0x0000000002fa8250]

GC Heap History (10 events):
Event: 0.645 GC heap before
{Heap before GC invocations=1 (full 0):
 PSYoungGen      total 37888K, used 32768K [0x00000000eab00000, 0x00000000ed500000, 0x0000000100000000)
  eden space 32768K, 100% used [0x00000000eab00000,0x00000000ecb00000,0x00000000ecb00000)
  from space 5120K, 0% used [0x00000000ed000000,0x00000000ed000000,0x00000000ed500000)
  to   space 5120K, 0% used [0x00000000ecb00000,0x00000000ecb00000,0x00000000ed000000)
 ParOldGen       total 86016K, used 0K [0x00000000c0000000, 0x00000000c5400000, 0x00000000eab00000)
  object space 86016K, 0% used [0x00000000c0000000,0x00000000c0000000,0x00000000c5400000)
 Metaspace       used 5792K, capacity 6832K, committed 7040K, reserved 1056768K
  class space    used 591K, capacity 616K, committed 640K, reserved 1048576K
Event: 0.656 GC heap after
Heap after GC invocations=1 (full 0):
 PSYoungGen      total 37888K, used 5116K [0x00000000eab00000, 0x00000000ef500000, 0x0000000100000000)
  eden space 32768K, 0% used [0x00000000eab00000,0x00000000eab00000,0x00000000ecb00000)
  from space 5120K, 99% used [0x00000000ecb00000,0x00000000ecfff258,0x00000000ed000000)
  to   space 5120K, 0% used [0x00000000ef000000,0x00000000ef000000,0x00000000ef500000)
 ParOldGen       total 86016K, used 1295K [0x00000000c0000000, 0x00000000c5400000, 0x00000000eab00000)
  object space 86016K, 1% used [0x00000000c0000000,0x00000000c0143fd0,0x00000000c5400000)
 Metaspace       used 5792K, capacity 6832K, committed 7040K, reserved 1056768K
  class space    used 591K, capacity 616K, committed 640K, reserved 1048576K
}
Event: 0.898 GC heap before
{Heap before GC invocations=2 (full 0):
 PSYoungGen      total 37888K, used 37884K [0x00000000eab00000, 0x00000000ef500000, 0x0000000100000000)
  eden space 32768K, 100% used [0x00000000eab00000,0x00000000ecb00000,0x00000000ecb00000)
  from space 5120K, 99% used [0x00000000ecb00000,0x00000000ecfff258,0x00000000ed000000)
  to   space 5120K, 0% used [0x00000000ef000000,0x00000000ef000000,0x00000000ef500000)
 ParOldGen       total 86016K, used 1295K [0x00000000c0000000, 0x00000000c5400000, 0x00000000eab00000)
  object space 86016K, 1% used [0x00000000c0000000,0x00000000c0143fd0,0x00000000c5400000)
 Metaspace       used 6049K, capacity 7000K, committed 7168K, reserved 1056768K
  class space    used 612K, capacity 656K, committed 768K, reserved 1048576K
Event: 0.923 GC heap after
Heap after GC invocations=2 (full 0):
 PSYoungGen      total 70656K, used 5119K [0x00000000eab00000, 0x00000000ef500000, 0x0000000100000000)
  eden space 65536K, 0% used [0x00000000eab00000,0x00000000eab00000,0x00000000eeb00000)
  from space 5120K, 99% used [0x00000000ef000000,0x00000000ef4ffca8,0x00000000ef500000)
  to   space 5120K, 0% used [0x00000000eeb00000,0x00000000eeb00000,0x00000000ef000000)
 ParOldGen       total 86016K, used 5403K [0x00000000c0000000, 0x00000000c5400000, 0x00000000eab00000)
  object space 86016K, 6% used [0x00000000c0000000,0x00000000c0546df0,0x00000000c5400000)
 Metaspace       used 6049K, capacity 7000K, committed 7168K, reserved 1056768K
  class space    used 612K, capacity 656K, committed 768K, reserved 1048576K
}
Event: 2.168 GC heap before
{Heap before GC invocations=3 (full 0):
 PSYoungGen      total 70656K, used 70655K [0x00000000eab00000, 0x00000000ef500000, 0x0000000100000000)
  eden space 65536K, 100% used [0x00000000eab00000,0x00000000eeb00000,0x00000000eeb00000)
  from space 5120K, 99% used [0x00000000ef000000,0x00000000ef4ffca8,0x00000000ef500000)
  to   space 5120K, 0% used [0x00000000eeb00000,0x00000000eeb00000,0x00000000ef000000)
 ParOldGen       total 86016K, used 5403K [0x00000000c0000000, 0x00000000c5400000, 0x00000000eab00000)
  object space 86016K, 6% used [0x00000000c0000000,0x00000000c0546df0,0x00000000c5400000)
 Metaspace       used 6218K, capacity 7128K, committed 7424K, reserved 1056768K
  class space    used 612K, capacity 656K, committed 768K, reserved 1048576K
Event: 2.250 GC heap after
Heap after GC invocations=3 (full 0):
 PSYoungGen      total 70656K, used 5112K [0x00000000eab00000, 0x00000000f3500000, 0x0000000100000000)
  eden space 65536K, 0% used [0x00000000eab00000,0x00000000eab00000,0x00000000eeb00000)
  from space 5120K, 99% used [0x00000000eeb00000,0x00000000eeffe058,0x00000000ef000000)
  to   space 5120K, 0% used [0x00000000f3000000,0x00000000f3000000,0x00000000f3500000)
 ParOldGen       total 86016K, used 13283K [0x00000000c0000000, 0x00000000c5400000, 0x00000000eab00000)
  object space 86016K, 15% used [0x00000000c0000000,0x00000000c0cf8d58,0x00000000c5400000)
 Metaspace       used 6218K, capacity 7128K, committed 7424K, reserved 1056768K
  class space    used 612K, capacity 656K, committed 768K, reserved 1048576K
}
Event: 2.659 GC heap before
{Heap before GC invocations=4 (full 0):
 PSYoungGen      total 70656K, used 70648K [0x00000000eab00000, 0x00000000f3500000, 0x0000000100000000)
  eden space 65536K, 100% used [0x00000000eab00000,0x00000000eeb00000,0x00000000eeb00000)
  from space 5120K, 99% used [0x00000000eeb00000,0x00000000eeffe058,0x00000000ef000000)
  to   space 5120K, 0% used [0x00000000f3000000,0x00000000f3000000,0x00000000f3500000)
 ParOldGen       total 86016K, used 13284K [0x00000000c0000000, 0x00000000c5400000, 0x00000000eab00000)
  object space 86016K, 15% used [0x00000000c0000000,0x00000000c0cf93f0,0x00000000c5400000)
 Metaspace       used 6262K, capacity 7128K, committed 7424K, reserved 1056768K
  class space    used 612K, capacity 656K, committed 768K, reserved 1048576K
Event: 2.688 GC heap after
Heap after GC invocations=4 (full 0):
 PSYoungGen      total 136192K, used 5112K [0x00000000eab00000, 0x00000000f3500000, 0x0000000100000000)
  eden space 131072K, 0% used [0x00000000eab00000,0x00000000eab00000,0x00000000f2b00000)
  from space 5120K, 99% used [0x00000000f3000000,0x00000000f34fe058,0x00000000f3500000)
  to   space 5120K, 0% used [0x00000000f2b00000,0x00000000f2b00000,0x00000000f3000000)
 ParOldGen       total 86016K, used 23242K [0x00000000c0000000, 0x00000000c5400000, 0x00000000eab00000)
  object space 86016K, 27% used [0x00000000c0000000,0x00000000c16b2938,0x00000000c5400000)
 Metaspace       used 6262K, capacity 7128K, committed 7424K, reserved 1056768K
  class space    used 612K, capacity 656K, committed 768K, reserved 1048576K
}
Event: 2.708 GC heap before
{Heap before GC invocations=5 (full 0):
 PSYoungGen      total 136192K, used 18102K [0x00000000eab00000, 0x00000000f3500000, 0x0000000100000000)
  eden space 131072K, 9% used [0x00000000eab00000,0x00000000eb7afa00,0x00000000f2b00000)
  from space 5120K, 99% used [0x00000000f3000000,0x00000000f34fe058,0x00000000f3500000)
  to   space 5120K, 0% used [0x00000000f2b00000,0x00000000f2b00000,0x00000000f3000000)
 ParOldGen       total 86016K, used 23242K [0x00000000c0000000, 0x00000000c5400000, 0x00000000eab00000)
  object space 86016K, 27% used [0x00000000c0000000,0x00000000c16b2938,0x00000000c5400000)
 Metaspace       used 6266K, capacity 7192K, committed 7424K, reserved 1056768K
  class space    used 612K, capacity 656K, committed 768K, reserved 1048576K
Event: 2.737 GC heap after
Heap after GC invocations=5 (full 0):
 PSYoungGen      total 136192K, used 5112K [0x00000000eab00000, 0x00000000fcd00000, 0x0000000100000000)
  eden space 131072K, 0% used [0x00000000eab00000,0x00000000eab00000,0x00000000f2b00000)
  from space 5120K, 99% used [0x00000000f2b00000,0x00000000f2ffe038,0x00000000f3000000)
  to   space 17408K, 0% used [0x00000000fbc00000,0x00000000fbc00000,0x00000000fcd00000)
 ParOldGen       total 86016K, used 25381K [0x00000000c0000000, 0x00000000c5400000, 0x00000000eab00000)
  object space 86016K, 29% used [0x00000000c0000000,0x00000000c18c9580,0x00000000c5400000)
 Metaspace       used 6266K, capacity 7192K, committed 7424K, reserved 1056768K
  class space    used 612K, capacity 656K, committed 768K, reserved 1048576K
}

Deoptimization events (10 events):
Event: 2.498 Thread 0x0000000056a74800 Uncommon trap: reason=bimorphic action=maybe_recompile pc=0x0000000002e299b0 method=com.android.dx.cf.code.BytecodeArray.parseInstruction(ILcom/android/dx/cf/code/BytecodeArray$Visitor;)I @ 1035
Event: 2.498 Thread 0x0000000056a74800 Uncommon trap: reason=bimorphic action=maybe_recompile pc=0x0000000002e29a6c method=com.android.dx.cf.code.BytecodeArray.parseInstruction(ILcom/android/dx/cf/code/BytecodeArray$Visitor;)I @ 1067
Event: 2.498 Thread 0x0000000056a74800 Uncommon trap: reason=bimorphic action=maybe_recompile pc=0x0000000002e29a6c method=com.android.dx.cf.code.BytecodeArray.parseInstruction(ILcom/android/dx/cf/code/BytecodeArray$Visitor;)I @ 1067
Event: 2.508 Thread 0x0000000056aed000 Uncommon trap: reason=bimorphic action=maybe_recompile pc=0x0000000002a92728 method=java.util.HashMap.getNode(ILjava/lang/Object;)Ljava/util/HashMap$Node; @ 126
Event: 2.638 Thread 0x0000000057349000 Uncommon trap: reason=unstable_if action=reinterpret pc=0x0000000002e3c644 method=com.android.dx.ssa.MoveParamCombiner$1.visitNonMoveInsn(Lcom/android/dx/ssa/NormalSsaInsn;)V @ 27
Event: 2.754 Thread 0x0000000057345000 Uncommon trap: reason=unstable_if action=reinterpret pc=0x0000000002f731d4 method=java.util.HashMap.putVal(ILjava/lang/Object;Ljava/lang/Object;ZZ)Ljava/lang/Object; @ 109
Event: 2.950 Thread 0x0000000056aed000 Uncommon trap: reason=bimorphic action=maybe_recompile pc=0x0000000002e568f0 method=com.android.dx.ssa.LiteralOpUpgrader.tryReplacingWithConstant(Lcom/android/dx/ssa/NormalSsaInsn;)Z @ 62
Event: 2.950 Thread 0x0000000056aed000 Uncommon trap: reason=unstable_if action=reinterpret pc=0x0000000002bd508c method=com.android.dx.ssa.SsaMethod.updateOneDefinition(Lcom/android/dx/ssa/SsaInsn;Lcom/android/dx/rop/code/RegisterSpec;)V @ 4
Event: 2.950 Thread 0x0000000056aed000 Uncommon trap: reason=unstable_if action=reinterpret pc=0x0000000002e6a0a4 method=com.android.dx.ssa.LiteralOpUpgrader$1.visitNonMoveInsn(Lcom/android/dx/ssa/NormalSsaInsn;)V @ 24
Event: 2.951 Thread 0x0000000056aed000 Uncommon trap: reason=bimorphic action=maybe_recompile pc=0x0000000002e568f0 method=com.android.dx.ssa.LiteralOpUpgrader.tryReplacingWithConstant(Lcom/android/dx/ssa/NormalSsaInsn;)Z @ 62

Internal exceptions (6 events):
Event: 0.026 Thread 0x000000000028d800 Exception <a 'java/lang/NoSuchMethodError': Method sun.misc.Unsafe.defineClass(Ljava/lang/String;[BII)Ljava/lang/Class; name or signature does not match> (0x00000000eab12f10) thrown at [C:\re\workspace\8-2-build-windows-amd64-cygwin\jdk8u45\3457\hotspot\srÿS∂êÑÕö?
Event: 0.026 Thread 0x000000000028d800 Exception <a 'java/lang/NoSuchMethodError': Method sun.misc.Unsafe.prefetchRead(Ljava/lang/Object;J)V name or signature does not match> (0x00000000eab131a0) thrown at [C:\re\workspace\8-2-build-windows-amd64-cygwin\jdk8u45\3457\hotspot\src\share\vm\prims\jŒ>áikÎ?
Event: 0.857 Thread 0x0000000057349000 Implicit null exception at 0x0000000002b24d12 to 0x0000000002b24e02
Event: 0.891 Thread 0x000000000028d800 Exception <a 'java/lang/ArrayIndexOutOfBoundsException': 18> (0x00000000ec924d38) thrown at [C:\re\workspace\8-2-build-windows-amd64-cygwin\jdk8u45\3457\hotspot\src\share\vm\interpreter\interpreterRuntime.cpp, line 366]
Event: 0.891 Thread 0x000000000028d800 Exception <a 'java/lang/ArrayIndexOutOfBoundsException': 145> (0x00000000ec926808) thrown at [C:\re\workspace\8-2-build-windows-amd64-cygwin\jdk8u45\3457\hotspot\src\share\vm\interpreter\interpreterRuntime.cpp, line 366]
Event: 0.892 Thread 0x000000000028d800 Exception <a 'java/lang/ArrayIndexOutOfBoundsException': 40> (0x00000000ec927a40) thrown at [C:\re\workspace\8-2-build-windows-amd64-cygwin\jdk8u45\3457\hotspot\src\share\vm\interpreter\interpreterRuntime.cpp, line 366]

Events (10 events):
Event: 2.950 Thread 0x0000000056aed000 DEOPT UNPACKING pc=0x000000000283582a sp=0x0000000057c9e7e0 mode 2
Event: 2.950 Thread 0x0000000056aed000 Uncommon trap: trap_request=0xffffff65 fr.pc=0x0000000002bd508c
Event: 2.950 Thread 0x0000000056aed000 DEOPT PACKING pc=0x0000000002bd508c sp=0x0000000057c9e6b0
Event: 2.950 Thread 0x0000000056aed000 DEOPT UNPACKING pc=0x000000000283582a sp=0x0000000057c9e658 mode 2
Event: 2.950 Thread 0x0000000056aed000 Uncommon trap: trap_request=0xffffff65 fr.pc=0x0000000002e6a0a4
Event: 2.950 Thread 0x0000000056aed000 DEOPT PACKING pc=0x0000000002e6a0a4 sp=0x0000000057c9e8b0
Event: 2.950 Thread 0x0000000056aed000 DEOPT UNPACKING pc=0x000000000283582a sp=0x0000000057c9e860 mode 2
Event: 2.951 Thread 0x0000000056aed000 Uncommon trap: trap_request=0xffffffc6 fr.pc=0x0000000002e568f0
Event: 2.951 Thread 0x0000000056aed000 DEOPT PACKING pc=0x0000000002e568f0 sp=0x0000000057c9e6f0
Event: 2.951 Thread 0x0000000056aed000 DEOPT UNPACKING pc=0x000000000283582a sp=0x0000000057c9e6b0 mode 2


Dynamic libraries:
0x000000013f830000 - 0x000000013f867000 	D:\JDK\bin\java.exe
0x0000000076df0000 - 0x0000000076f9b000 	C:\Windows\SYSTEM32\ntdll.dll
0x0000000076bd0000 - 0x0000000076cef000 	C:\Windows\system32\kernel32.dll
0x000007fefce40000 - 0x000007fefceab000 	C:\Windows\system32\KERNELBASE.dll
0x000007fefed10000 - 0x000007fefedeb000 	C:\Windows\system32\ADVAPI32.dll
0x000007fefd5f0000 - 0x000007fefd68f000 	C:\Windows\system32\msvcrt.dll
0x000007fefedf0000 - 0x000007fefee0f000 	C:\Windows\SYSTEM32\sechost.dll
0x000007fefd9f0000 - 0x000007fefdb1e000 	C:\Windows\system32\RPCRT4.dll
0x0000000076cf0000 - 0x0000000076dea000 	C:\Windows\system32\USER32.dll
0x000007fefd550000 - 0x000007fefd5b7000 	C:\Windows\system32\GDI32.dll
0x000007fefd780000 - 0x000007fefd78e000 	C:\Windows\system32\LPK.dll
0x000007fefde30000 - 0x000007fefdefa000 	C:\Windows\system32\USP10.dll
0x000007fefb580000 - 0x000007fefb774000 	C:\Windows\WinSxS\amd64_microsoft.windows.common-controls_6595b64144ccf1df_6.0.7600.16385_none_fa645303170382f6\COMCTL32.dll
0x000007fefdf00000 - 0x000007fefdf71000 	C:\Windows\system32\SHLWAPI.dll
0x000007fefd5c0000 - 0x000007fefd5ee000 	C:\Windows\system32\IMM32.DLL
0x000007fefee10000 - 0x000007fefef19000 	C:\Windows\system32\MSCTF.dll
0x00000000666b0000 - 0x0000000066782000 	D:\JDK\bin\msvcr100.dll
0x0000000066790000 - 0x0000000067013000 	D:\JDK\bin\server\jvm.dll
0x000007feeca60000 - 0x000007feeca69000 	C:\Windows\system32\WSOCK32.dll
0x000007fefd730000 - 0x000007fefd77d000 	C:\Windows\system32\WS2_32.dll
0x000007fefdb20000 - 0x000007fefdb28000 	C:\Windows\system32\NSI.dll
0x000007fefadb0000 - 0x000007fefadeb000 	C:\Windows\system32\WINMM.dll
0x000007fefbec0000 - 0x000007fefbecc000 	C:\Windows\system32\VERSION.dll
0x0000000076fc0000 - 0x0000000076fc7000 	C:\Windows\system32\PSAPI.DLL
0x0000000067790000 - 0x000000006779f000 	D:\JDK\bin\verify.dll
0x0000000066680000 - 0x00000000666a9000 	D:\JDK\bin\java.dll
0x0000000066660000 - 0x0000000066676000 	D:\JDK\bin\zip.dll
0x000007fefdf80000 - 0x000007fefed06000 	C:\Windows\system32\SHELL32.dll
0x000007fefd210000 - 0x000007fefd411000 	C:\Windows\system32\ole32.dll
0x000007fefcd50000 - 0x000007fefcd5f000 	C:\Windows\system32\profapi.dll
0x000007feedf20000 - 0x000007feee045000 	C:\Windows\system32\dbghelp.dll

VM Arguments:
jvm_args: -Djava.awt.headless=true -Xmx1024M -Dfile.encoding=GBK -Duser.country=CN -Duser.language=zh -Duser.variant 
java_command: com.android.dx.command.Main --dex --force-jumbo --num-threads=4 --output E:\studio-project\KXG\app\build\intermediates\pre-dexed\debug\zixing-core-3.2.0_6c2f38fa224d1ef8a39f7821b8e2c97a4a301114.jar E:\studio-project\KXG\app\libs\zixing-core-3.2.0.jar
java_class_path (initial): E:\android-sdk1\build-tools\24.0.0-preview\lib\dx.jar
Launcher Type: SUN_STANDARD

Environment Variables:
JAVA_HOME=D:\JDK\
CLASSPATH=.;D:\JDK\\lib\tools.jar
PATH=C:\ProgramData\Oracle\Java\javapath;C:\Windows\system32;C:\Windows;C:\Windows\System32\Wbem;C:\Windows\System32\WindowsPowerShell\v1.0\;C:\Program Files (x86)\Windows7Master;D:\SVN\bin;D:\mysql\bin;D:\JDK\\bin;E:\android-sdk\platform-tools;E:\android-sdk\tools;E:\android-sdk1\platform-tools;E:\android-sdk1\tools
USERNAME=Administrator
OS=Windows_NT
PROCESSOR_IDENTIFIER=Intel64 Family 6 Model 60 Stepping 3, GenuineIntel



---------------  S Y S T E M  ---------------

OS: Windows 7 , 64 bit Build 7600 (6.1.7600.16385)

CPU:total 4 (4 cores per cpu, 1 threads per core) family 6 model 60 stepping 3, cmov, cx8, fxsr, mmx, sse, sse2, sse3, ssse3, sse4.1, sse4.2, popcnt, aes, clmul, erms, lzcnt, tsc, tscinvbit, bmi1, bmi2

Memory: 4k page, physical 8256464k(2317704k free), swap 8254568k(5132k free)

vm_info: Java HotSpot(TM) 64-Bit Server VM (25.45-b02) for windows-amd64 JRE (1.8.0_45-b14), built on Apr 10 2015 10:34:15 by "java_re" with MS VC++ 10.0 (VS2010)

time: Tue Apr 19 10:12:23 2016
elapsed time: 3 seconds (0d 0h 0m 3s)

