#
# There is insufficient memory for the Java Runtime Environment to continue.
# Native memory allocation (malloc) failed to allocate 574096 bytes for Chunk::new
# Possible reasons:
#   The system is out of physical RAM or swap space
#   In 32 bit mode, the process size limit was hit
# Possible solutions:
#   Reduce memory load on the system
#   Increase physical memory or swap space
#   Check if swap backing store is full
#   Use 64 bit Java on a 64 bit OS
#   Decrease Java heap size (-Xmx/-Xms)
#   Decrease number of Java threads
#   Decrease Java thread stack sizes (-Xss)
#   Set larger code cache with -XX:ReservedCodeCacheSize=
# This output file may be truncated or incomplete.
#
#  Out of Memory Error (allocation.cpp:390), pid=6200, tid=8640
#
# JRE version: Java(TM) SE Runtime Environment (8.0_45-b14) (build 1.8.0_45-b14)
# Java VM: Java HotSpot(TM) 64-Bit Server VM (25.45-b02 mixed mode windows-amd64 compressed oops)
# Failed to write core dump. Minidumps are not enabled by default on client versions of Windows
#

---------------  T H R E A D  ---------------

Current thread (0x00000000551dd800):  JavaThread "C2 CompilerThread1" daemon [_thread_in_native, id=8640, stack(0x0000000057110000,0x0000000057210000)]

Stack: [0x0000000057110000,0x0000000057210000]
Native frames: (J=compiled Java code, j=interpreted, Vv=VM code, C=native code)
V  [jvm.dll+0x32b57a]


Current CompileTask:
C2:    783  854       4       com.android.dx.ssa.SsaBasicBlock::forEachInsn (37 bytes)


---------------  P R O C E S S  ---------------

Java Threads: ( => current thread )
  0x0000000056a72800 JavaThread "pool-1-thread-4" [_thread_blocked, id=8804, stack(0x0000000057aa0000,0x0000000057ba0000)]
  0x00000000569d2000 JavaThread "pool-1-thread-3" [_thread_in_Java, id=8880, stack(0x0000000057880000,0x0000000057980000)]
  0x0000000056a33000 JavaThread "pool-1-thread-2" [_thread_blocked, id=8424, stack(0x0000000057320000,0x0000000057420000)]
  0x0000000056a3a000 JavaThread "pool-2-thread-1" [_thread_blocked, id=5932, stack(0x00000000576e0000,0x00000000577e0000)]
  0x0000000056a38000 JavaThread "pool-1-thread-1" [_thread_blocked, id=8708, stack(0x0000000057480000,0x0000000057580000)]
  0x000000005680e800 JavaThread "Service Thread" daemon [_thread_blocked, id=7852, stack(0x0000000057220000,0x0000000057320000)]
  0x00000000551de000 JavaThread "C1 CompilerThread2" daemon [_thread_blocked, id=6912, stack(0x0000000056580000,0x0000000056680000)]
=>0x00000000551dd800 JavaThread "C2 CompilerThread1" daemon [_thread_in_native, id=8640, stack(0x0000000057110000,0x0000000057210000)]
  0x00000000567a9000 JavaThread "C2 CompilerThread0" daemon [_thread_blocked, id=6396, stack(0x0000000057000000,0x0000000057100000)]
  0x00000000551ce000 JavaThread "Attach Listener" daemon [_thread_blocked, id=6952, stack(0x0000000056d90000,0x0000000056e90000)]
  0x00000000551cd000 JavaThread "Signal Dispatcher" daemon [_thread_blocked, id=8224, stack(0x0000000056be0000,0x0000000056ce0000)]
  0x0000000055170800 JavaThread "Finalizer" daemon [_thread_blocked, id=8860, stack(0x0000000056690000,0x0000000056790000)]
  0x000000005516f800 JavaThread "Reference Handler" daemon [_thread_blocked, id=8824, stack(0x0000000056470000,0x0000000056570000)]
  0x00000000025ed800 JavaThread "main" [_thread_blocked, id=8992, stack(0x0000000002910000,0x0000000002a10000)]

Other Threads:
  0x000000005516a000 VMThread [stack: 0x0000000056280000,0x0000000056380000] [id=7260]
  0x0000000056838000 WatcherThread [stack: 0x0000000056ee0000,0x0000000056fe0000] [id=9112]

VM state:not at safepoint (normal execution)

VM Mutex/Monitor currently owned by a thread: None

Heap:
 PSYoungGen      total 37888K, used 23651K [0x00000000eab00000, 0x00000000ed500000, 0x0000000100000000)
  eden space 32768K, 72% used [0x00000000eab00000,0x00000000ec218e28,0x00000000ecb00000)
  from space 5120K, 0% used [0x00000000ed000000,0x00000000ed000000,0x00000000ed500000)
  to   space 5120K, 0% used [0x00000000ecb00000,0x00000000ecb00000,0x00000000ed000000)
 ParOldGen       total 86016K, used 0K [0x00000000c0000000, 0x00000000c5400000, 0x00000000eab00000)
  object space 86016K, 0% used [0x00000000c0000000,0x00000000c0000000,0x00000000c5400000)
 Metaspace       used 5698K, capacity 6768K, committed 7040K, reserved 1056768K
  class space    used 586K, capacity 616K, committed 640K, reserved 1048576K

Card table byte_map: [0x0000000011dd0000,0x0000000011fe0000] byte_map_base: 0x00000000117d0000

Marking Bits: (ParMarkBitMap*) 0x0000000066f94040
 Begin Bits: [0x00000000125e0000, 0x00000000135e0000)
 End Bits:   [0x00000000135e0000, 0x00000000145e0000)

Polling page: 0x0000000000230000

CodeCache: size=245760Kb used=3630Kb max_used=3636Kb free=242129Kb
 bounds [0x0000000002a10000, 0x0000000002da0000, 0x0000000011a10000]
 total_blobs=1171 nmethods=899 adapters=184
 compilation: disabled (not enough contiguous free space left)

Compilation events (10 events):
Event: 0.765 Thread 0x00000000551de000 nmethod 900 0x0000000002d85b10 code [0x0000000002d85ca0, 0x0000000002d86008]
Event: 0.765 Thread 0x00000000551de000  901       3       com.android.dx.cf.code.OneLocalsArray::copy (5 bytes)
Event: 0.765 Thread 0x00000000551de000 nmethod 901 0x0000000002d85090 code [0x0000000002d85240, 0x0000000002d85848]
Event: 0.765 Thread 0x00000000551de000  902       3       com.android.dx.cf.code.Simulator$SimVisitor::setFrame (20 bytes)
Event: 0.765 Thread 0x00000000551de000 nmethod 902 0x0000000002d9e550 code [0x0000000002d9e6c0, 0x0000000002d9e928]
Event: 0.765 Thread 0x00000000551de000  903       3       com.android.dx.cf.code.RopperMachine::hasRet (13 bytes)
Event: 0.765 Thread 0x00000000551de000 nmethod 903 0x0000000002d843d0 code [0x0000000002d84520, 0x0000000002d846d0]
Event: 0.765 Thread 0x00000000551de000  904       3       com.android.dx.cf.code.Ropper::addOrReplaceBlock (66 bytes)
Event: 0.766 Thread 0x00000000567a9000 

Event: 0.767 Thread 0x00000000551de000 


GC Heap History (0 events):
No events

Deoptimization events (9 events):
Event: 0.256 Thread 0x00000000025ed800 Uncommon trap: reason=unstable_if action=reinterpret pc=0x0000000002b4e5c0 method=java.lang.String.indexOf(II)I @ 49
Event: 0.442 Thread 0x0000000056a33000 Uncommon trap: reason=unstable_if action=reinterpret pc=0x0000000002c2fe60 method=java.util.HashMap.getNode(ILjava/lang/Object;)Ljava/util/HashMap$Node; @ 62
Event: 0.450 Thread 0x0000000056a33000 Uncommon trap: reason=unstable_if action=reinterpret pc=0x0000000002c4e560 method=java.util.BitSet.nextSetBit(I)I @ 87
Event: 0.609 Thread 0x00000000569d2000 Uncommon trap: reason=unstable_if action=reinterpret pc=0x0000000002c9e40c method=java.util.HashMap.getNode(ILjava/lang/Object;)Ljava/util/HashMap$Node; @ 62
Event: 0.703 Thread 0x00000000569d2000 Uncommon trap: reason=class_check action=maybe_recompile pc=0x0000000002d0da60 method=com.android.dx.rop.type.Type.equals(Ljava/lang/Object;)Z @ 8
Event: 0.703 Thread 0x00000000569d2000 Uncommon trap: reason=class_check action=maybe_recompile pc=0x0000000002d0da60 method=com.android.dx.rop.type.Type.equals(Ljava/lang/Object;)Z @ 8
Event: 0.703 Thread 0x00000000569d2000 Uncommon trap: reason=class_check action=maybe_recompile pc=0x0000000002d0da60 method=com.android.dx.rop.type.Type.equals(Ljava/lang/Object;)Z @ 8
Event: 0.707 Thread 0x00000000569d2000 Uncommon trap: reason=unstable_if action=reinterpret pc=0x0000000002d32ee0 method=com.android.dx.rop.code.LocalItem.hashCode()I @ 25
Event: 0.779 Thread 0x00000000569d2000 Uncommon trap: reason=unstable_if action=reinterpret pc=0x0000000002d05364 method=java.util.BitSet.ensureCapacity(I)V @ 6

Internal exceptions (2 events):
Event: 0.029 Thread 0x00000000025ed800 Exception <a 'java/lang/NoSuchMethodError': Method sun.misc.Unsafe.defineClass(Ljava/lang/String;[BII)Ljava/lang/Class; name or signature does not match> (0x00000000eab12f10) thrown at [C:\re\workspace\8-2-build-windows-amd64-cygwin\jdk8u45\3457\hotspot\srº∫™Åù?
Event: 0.029 Thread 0x00000000025ed800 Exception <a 'java/lang/NoSuchMethodError': Method sun.misc.Unsafe.prefetchRead(Ljava/lang/Object;J)V name or signature does not match> (0x00000000eab131a0) thrown at [C:\re\workspace\8-2-build-windows-amd64-cygwin\jdk8u45\3457\hotspot\src\share\vm\prims\j

Events (10 events):
Event: 0.707 Thread 0x00000000569d2000 DEOPT UNPACKING pc=0x0000000002a5582a sp=0x000000005797e620 mode 2
Event: 0.752 loading class com/android/dx/dex/file/MethodAnnotationStruct
Event: 0.752 loading class com/android/dx/dex/file/MethodAnnotationStruct done
Event: 0.768 loading class java/util/TreeMap$EntrySet
Event: 0.768 loading class java/util/TreeMap$EntrySet done
Event: 0.768 loading class java/util/TreeMap$EntryIterator
Event: 0.768 loading class java/util/TreeMap$EntryIterator done
Event: 0.779 Thread 0x00000000569d2000 Uncommon trap: trap_request=0xffffff65 fr.pc=0x0000000002d05364
Event: 0.779 Thread 0x00000000569d2000 DEOPT PACKING pc=0x0000000002d05364 sp=0x000000005797eaf0
Event: 0.779 Thread 0x00000000569d2000 DEOPT UNPACKING pc=0x0000000002a5582a sp=0x000000005797e9d8 mode 2


Dynamic libraries:
0x000000013f830000 - 0x000000013f867000 	D:\JDK\bin\java.exe
0x0000000076df0000 - 0x0000000076f9b000 	C:\Windows\SYSTEM32\ntdll.dll
0x0000000076bd0000 - 0x0000000076cef000 	C:\Windows\system32\kernel32.dll
0x000007fefce40000 - 0x000007fefceab000 	C:\Windows\system32\KERNELBASE.dll
0x000007fefed10000 - 0x000007fefedeb000 	C:\Windows\system32\ADVAPI32.dll
0x000007fefd5f0000 - 0x000007fefd68f000 	C:\Windows\system32\msvcrt.dll
0x000007fefedf0000 - 0x000007fefee0f000 	C:\Windows\SYSTEM32\sechost.dll
0x000007fefd9f0000 - 0x000007fefdb1e000 	C:\Windows\system32\RPCRT4.dll
0x0000000076cf0000 - 0x0000000076dea000 	C:\Windows\system32\USER32.dll
0x000007fefd550000 - 0x000007fefd5b7000 	C:\Windows\system32\GDI32.dll
0x000007fefd780000 - 0x000007fefd78e000 	C:\Windows\system32\LPK.dll
0x000007fefde30000 - 0x000007fefdefa000 	C:\Windows\system32\USP10.dll
0x000007fefb580000 - 0x000007fefb774000 	C:\Windows\WinSxS\amd64_microsoft.windows.common-controls_6595b64144ccf1df_6.0.7600.16385_none_fa645303170382f6\COMCTL32.dll
0x000007fefdf00000 - 0x000007fefdf71000 	C:\Windows\system32\SHLWAPI.dll
0x000007fefd5c0000 - 0x000007fefd5ee000 	C:\Windows\system32\IMM32.DLL
0x000007fefee10000 - 0x000007fefef19000 	C:\Windows\system32\MSCTF.dll
0x00000000666b0000 - 0x0000000066782000 	D:\JDK\bin\msvcr100.dll
0x0000000066790000 - 0x0000000067013000 	D:\JDK\bin\server\jvm.dll
0x000007feeca60000 - 0x000007feeca69000 	C:\Windows\system32\WSOCK32.dll
0x000007fefd730000 - 0x000007fefd77d000 	C:\Windows\system32\WS2_32.dll
0x000007fefdb20000 - 0x000007fefdb28000 	C:\Windows\system32\NSI.dll
0x000007fefadb0000 - 0x000007fefadeb000 	C:\Windows\system32\WINMM.dll
0x000007fefbec0000 - 0x000007fefbecc000 	C:\Windows\system32\VERSION.dll
0x0000000076fc0000 - 0x0000000076fc7000 	C:\Windows\system32\PSAPI.DLL
0x0000000067790000 - 0x000000006779f000 	D:\JDK\bin\verify.dll
0x0000000066680000 - 0x00000000666a9000 	D:\JDK\bin\java.dll
0x0000000066660000 - 0x0000000066676000 	D:\JDK\bin\zip.dll
0x000007fefdf80000 - 0x000007fefed06000 	C:\Windows\system32\SHELL32.dll
0x000007fefd210000 - 0x000007fefd411000 	C:\Windows\system32\ole32.dll
0x000007fefcd50000 - 0x000007fefcd5f000 	C:\Windows\system32\profapi.dll

VM Arguments:
jvm_args: -Djava.awt.headless=true -Xmx1024M -Dfile.encoding=GBK -Duser.country=CN -Duser.language=zh -Duser.variant 
java_command: com.android.dx.command.Main --dex --force-jumbo --num-threads=4 --output E:\studio-project\KXG\app\build\intermediates\pre-dexed\debug\RecyclerView_3e3970fb4dc2b1a9c4dd486958ada66cd6a465aa.jar E:\studio-project\KXG\app\libs\RecyclerView.jar
java_class_path (initial): E:\android-sdk1\build-tools\24.0.0-preview\lib\dx.jar
Launcher Type: SUN_STANDARD

Environment Variables:
JAVA_HOME=D:\JDK\
CLASSPATH=.;D:\JDK\\lib\tools.jar
PATH=C:\ProgramData\Oracle\Java\javapath;C:\Windows\system32;C:\Windows;C:\Windows\System32\Wbem;C:\Windows\System32\WindowsPowerShell\v1.0\;C:\Program Files (x86)\Windows7Master;D:\SVN\bin;D:\mysql\bin;D:\JDK\\bin;E:\android-sdk\platform-tools;E:\android-sdk\tools;E:\android-sdk1\platform-tools;E:\android-sdk1\tools
USERNAME=Administrator
OS=Windows_NT
PROCESSOR_IDENTIFIER=Intel64 Family 6 Model 60 Stepping 3, GenuineIntel



---------------  S Y S T E M  ---------------

OS: Windows 7 , 64 bit Build 7600 (6.1.7600.16385)

CPU:total 4 (4 cores per cpu, 1 threads per core) family 6 model 60 stepping 3, cmov, cx8, fxsr, mmx, sse, sse2, sse3, ssse3, sse4.1, sse4.2, popcnt, aes, clmul, erms, lzcnt, tsc, tscinvbit, bmi1, bmi2

Memory: 4k page, physical 8256464k(2292540k free), swap 8254568k(4756k free)

vm_info: Java HotSpot(TM) 64-Bit Server VM (25.45-b02) for windows-amd64 JRE (1.8.0_45-b14), built on Apr 10 2015 10:34:15 by "java_re" with MS VC++ 10.0 (VS2010)

time: Tue Apr 19 10:15:58 2016
elapsed time: 0 seconds (0d 0h 0m 0s)

