#
# There is insufficient memory for the Java Runtime Environment to continue.
# Native memory allocation (malloc) failed to allocate 933760 bytes for Chunk::new
# Possible reasons:
#   The system is out of physical RAM or swap space
#   In 32 bit mode, the process size limit was hit
# Possible solutions:
#   Reduce memory load on the system
#   Increase physical memory or swap space
#   Check if swap backing store is full
#   Use 64 bit Java on a 64 bit OS
#   Decrease Java heap size (-Xmx/-Xms)
#   Decrease number of Java threads
#   Decrease Java thread stack sizes (-Xss)
#   Set larger code cache with -XX:ReservedCodeCacheSize=
# This output file may be truncated or incomplete.
#
#  Out of Memory Error (allocation.cpp:390), pid=6552, tid=7488
#
# JRE version: Java(TM) SE Runtime Environment (8.0_45-b14) (build 1.8.0_45-b14)
# Java VM: Java HotSpot(TM) 64-Bit Server VM (25.45-b02 mixed mode windows-amd64 compressed oops)
# Failed to write core dump. Minidumps are not enabled by default on client versions of Windows
#

---------------  T H R E A D  ---------------

Current thread (0x000000005655a800):  JavaThread "C2 CompilerThread0" daemon [_thread_in_native, id=7488, stack(0x0000000056940000,0x0000000056a40000)]

Stack: [0x0000000056940000,0x0000000056a40000]
Native frames: (J=compiled Java code, j=interpreted, Vv=VM code, C=native code)
V  [jvm.dll+0x32b57a]


Current CompileTask:
C2:   1451 1461       4       com.android.dx.ssa.SsaRenamer$BlockRenamer::process (191 bytes)


---------------  P R O C E S S  ---------------

Java Threads: ( => current thread )
  0x0000000056816800 JavaThread "pool-1-thread-4" [_thread_blocked, id=8328, stack(0x0000000057a20000,0x0000000057b20000)]
  0x000000005675e000 JavaThread "pool-1-thread-3" [_thread_in_Java, id=7880, stack(0x00000000578a0000,0x00000000579a0000)]
  0x000000005675c800 JavaThread "pool-1-thread-2" [_thread_blocked, id=8688, stack(0x0000000057660000,0x0000000057760000)]
  0x0000000056711000 JavaThread "pool-2-thread-1" [_thread_blocked, id=8640, stack(0x0000000057500000,0x0000000057600000)]
  0x0000000056710000 JavaThread "pool-1-thread-1" [_thread_in_Java, id=8812, stack(0x0000000057330000,0x0000000057430000)]
  0x00000000565be000 JavaThread "Service Thread" daemon [_thread_blocked, id=8600, stack(0x0000000056fe0000,0x00000000570e0000)]
  0x000000005655c000 JavaThread "C1 CompilerThread2" daemon [_thread_blocked, id=8908, stack(0x0000000056d40000,0x0000000056e40000)]
  0x00000000552cf800 JavaThread "C2 CompilerThread1" daemon [_thread_in_native, id=8676, stack(0x0000000056e80000,0x0000000056f80000)]
=>0x000000005655a800 JavaThread "C2 CompilerThread0" daemon [_thread_in_native, id=7488, stack(0x0000000056940000,0x0000000056a40000)]
  0x0000000056557800 JavaThread "Attach Listener" daemon [_thread_blocked, id=8320, stack(0x0000000056bf0000,0x0000000056cf0000)]
  0x0000000056555000 JavaThread "Signal Dispatcher" daemon [_thread_blocked, id=8796, stack(0x0000000056a60000,0x0000000056b60000)]
  0x0000000055264000 JavaThread "Finalizer" daemon [_thread_blocked, id=6224, stack(0x00000000560a0000,0x00000000561a0000)]
  0x0000000055262800 JavaThread "Reference Handler" daemon [_thread_blocked, id=9156, stack(0x0000000056440000,0x0000000056540000)]
  0x0000000001b8d800 JavaThread "main" [_thread_blocked, id=8536, stack(0x0000000002770000,0x0000000002870000)]

Other Threads:
  0x000000005525d800 VMThread [stack: 0x00000000561f0000,0x00000000562f0000] [id=9176]
  0x00000000565e6000 WatcherThread [stack: 0x00000000571f0000,0x00000000572f0000] [id=8632]

VM state:not at safepoint (normal execution)

VM Mutex/Monitor currently owned by a thread: None

Heap:
 PSYoungGen      total 70656K, used 33580K [0x00000000eab00000, 0x00000000ef500000, 0x0000000100000000)
  eden space 65536K, 43% used [0x00000000eab00000,0x00000000ec6cf590,0x00000000eeb00000)
  from space 5120K, 99% used [0x00000000ef000000,0x00000000ef4fbb90,0x00000000ef500000)
  to   space 5120K, 0% used [0x00000000eeb00000,0x00000000eeb00000,0x00000000ef000000)
 ParOldGen       total 86016K, used 6097K [0x00000000c0000000, 0x00000000c5400000, 0x00000000eab00000)
  object space 86016K, 7% used [0x00000000c0000000,0x00000000c05f45d8,0x00000000c5400000)
 Metaspace       used 6160K, capacity 7064K, committed 7424K, reserved 1056768K
  class space    used 612K, capacity 656K, committed 768K, reserved 1048576K

Card table byte_map: [0x0000000011c30000,0x0000000011e40000] byte_map_base: 0x0000000011630000

Marking Bits: (ParMarkBitMap*) 0x0000000066f94040
 Begin Bits: [0x00000000126d0000, 0x00000000136d0000)
 End Bits:   [0x00000000136d0000, 0x00000000146d0000)

Polling page: 0x0000000001b60000

CodeCache: size=245760Kb used=6140Kb max_used=6140Kb free=239620Kb
 bounds [0x0000000002870000, 0x0000000002e80000, 0x0000000011870000]
 total_blobs=1855 nmethods=1585 adapters=184
 compilation: enabled

Compilation events (10 events):
Event: 1.361 Thread 0x000000005655c000 1588       2       java.util.EnumSet::allOf (11 bytes)
Event: 1.361 Thread 0x000000005655c000 nmethod 1588 0x0000000002e69510 code [0x0000000002e69680, 0x0000000002e697f8]
Event: 1.361 Thread 0x000000005655c000 1589       2       java.util.EnumSet::noneOf (63 bytes)
Event: 1.361 Thread 0x000000005655c000 nmethod 1589 0x0000000002e69890 code [0x0000000002e69a80, 0x0000000002e6a048]
Event: 1.361 Thread 0x000000005655c000 1590       2       java.util.EnumSet::getUniverse (10 bytes)
Event: 1.361 Thread 0x000000005655c000 nmethod 1590 0x0000000002e6a490 code [0x0000000002e6a600, 0x0000000002e6a7c8]
Event: 1.361 Thread 0x000000005655c000 1592       2       com.android.dx.cf.code.BasicBlocker::<init> (79 bytes)
Event: 1.361 Thread 0x000000005655c000 nmethod 1592 0x0000000002e6a910 code [0x0000000002e6aaa0, 0x0000000002e6afe8]
Event: 1.361 Thread 0x000000005655c000 1594       2       com.android.dx.cf.code.RopperMachine::<init> (134 bytes)
Event: 1.362 Thread 0x000000005655c000 nmethod 1594 0x0000000002e6b250 code [0x0000000002e6b420, 0x0000000002e6b958]

GC Heap History (4 events):
Event: 0.838 GC heap before
{Heap before GC invocations=1 (full 0):
 PSYoungGen      total 37888K, used 32768K [0x00000000eab00000, 0x00000000ed500000, 0x0000000100000000)
  eden space 32768K, 100% used [0x00000000eab00000,0x00000000ecb00000,0x00000000ecb00000)
  from space 5120K, 0% used [0x00000000ed000000,0x00000000ed000000,0x00000000ed500000)
  to   space 5120K, 0% used [0x00000000ecb00000,0x00000000ecb00000,0x00000000ed000000)
 ParOldGen       total 86016K, used 0K [0x00000000c0000000, 0x00000000c5400000, 0x00000000eab00000)
  object space 86016K, 0% used [0x00000000c0000000,0x00000000c0000000,0x00000000c5400000)
 Metaspace       used 5790K, capacity 6832K, committed 7040K, reserved 1056768K
  class space    used 586K, capacity 616K, committed 640K, reserved 1048576K
Event: 0.849 GC heap after
Heap after GC invocations=1 (full 0):
 PSYoungGen      total 37888K, used 5116K [0x00000000eab00000, 0x00000000ef500000, 0x0000000100000000)
  eden space 32768K, 0% used [0x00000000eab00000,0x00000000eab00000,0x00000000ecb00000)
  from space 5120K, 99% used [0x00000000ecb00000,0x00000000ecfff0b8,0x00000000ed000000)
  to   space 5120K, 0% used [0x00000000ef000000,0x00000000ef000000,0x00000000ef500000)
 ParOldGen       total 86016K, used 1844K [0x00000000c0000000, 0x00000000c5400000, 0x00000000eab00000)
  object space 86016K, 2% used [0x00000000c0000000,0x00000000c01cd188,0x00000000c5400000)
 Metaspace       used 5790K, capacity 6832K, committed 7040K, reserved 1056768K
  class space    used 586K, capacity 616K, committed 640K, reserved 1048576K
}
Event: 1.233 GC heap before
{Heap before GC invocations=2 (full 0):
 PSYoungGen      total 37888K, used 37884K [0x00000000eab00000, 0x00000000ef500000, 0x0000000100000000)
  eden space 32768K, 100% used [0x00000000eab00000,0x00000000ecb00000,0x00000000ecb00000)
  from space 5120K, 99% used [0x00000000ecb00000,0x00000000ecfff0b8,0x00000000ed000000)
  to   space 5120K, 0% used [0x00000000ef000000,0x00000000ef000000,0x00000000ef500000)
 ParOldGen       total 86016K, used 1844K [0x00000000c0000000, 0x00000000c5400000, 0x00000000eab00000)
  object space 86016K, 2% used [0x00000000c0000000,0x00000000c01cd188,0x00000000c5400000)
 Metaspace       used 6112K, capacity 7064K, committed 7424K, reserved 1056768K
  class space    used 609K, capacity 656K, committed 768K, reserved 1048576K
Event: 1.306 GC heap after
Heap after GC invocations=2 (full 0):
 PSYoungGen      total 70656K, used 5102K [0x00000000eab00000, 0x00000000ef500000, 0x0000000100000000)
  eden space 65536K, 0% used [0x00000000eab00000,0x00000000eab00000,0x00000000eeb00000)
  from space 5120K, 99% used [0x00000000ef000000,0x00000000ef4fbb90,0x00000000ef500000)
  to   space 5120K, 0% used [0x00000000eeb00000,0x00000000eeb00000,0x00000000ef000000)
 ParOldGen       total 86016K, used 6097K [0x00000000c0000000, 0x00000000c5400000, 0x00000000eab00000)
  object space 86016K, 7% used [0x00000000c0000000,0x00000000c05f45d8,0x00000000c5400000)
 Metaspace       used 6112K, capacity 7064K, committed 7424K, reserved 1056768K
  class space    used 609K, capacity 656K, committed 768K, reserved 1048576K
}

Deoptimization events (10 events):
Event: 0.978 Thread 0x0000000001b8d800 Uncommon trap: reason=unstable_if action=reinterpret pc=0x0000000002c840e4 method=java.util.HashMap.getNode(ILjava/lang/Object;)Ljava/util/HashMap$Node; @ 84
Event: 0.978 Thread 0x0000000001b8d800 Uncommon trap: reason=unstable_if action=reinterpret pc=0x0000000002acf488 method=java.util.HashMap.getNode(ILjava/lang/Object;)Ljava/util/HashMap$Node; @ 84
Event: 0.985 Thread 0x000000005675c800 Uncommon trap: reason=null_check action=make_not_entrant pc=0x0000000002b86848 method=com.android.dx.ssa.SsaRenamer.getLocalForNewReg(I)Lcom/android/dx/rop/code/LocalItem; @ 19
Event: 1.125 Thread 0x0000000056816800 Uncommon trap: reason=unstable_if action=reinterpret pc=0x0000000002b61ce0 method=com.android.dx.rop.code.LocalItem.hashCode()I @ 25
Event: 1.168 Thread 0x0000000056710000 Uncommon trap: reason=bimorphic action=maybe_recompile pc=0x0000000002dbe978 method=com.android.dx.cf.code.BytecodeArray.parseInstruction(ILcom/android/dx/cf/code/BytecodeArray$Visitor;)I @ 1501
Event: 1.168 Thread 0x0000000056710000 Uncommon trap: reason=bimorphic action=maybe_recompile pc=0x0000000002dbe978 method=com.android.dx.cf.code.BytecodeArray.parseInstruction(ILcom/android/dx/cf/code/BytecodeArray$Visitor;)I @ 1501
Event: 1.169 Thread 0x0000000056710000 Uncommon trap: reason=unstable_if action=reinterpret pc=0x0000000002c9dfe8 method=com.android.dx.cf.code.Ropper.labelToResultIndex(I)I @ 34
Event: 1.170 Thread 0x0000000056710000 Uncommon trap: reason=unstable_if action=reinterpret pc=0x0000000002de3880 method=com.android.dx.util.LabeledList.set(ILcom/android/dx/util/LabeledItem;)V @ 16
Event: 1.180 Thread 0x0000000056710000 Uncommon trap: reason=bimorphic action=maybe_recompile pc=0x0000000002dbf934 method=com.android.dx.cf.code.BytecodeArray.parseInstruction(ILcom/android/dx/cf/code/BytecodeArray$Visitor;)I @ 1357
Event: 1.180 Thread 0x0000000056710000 Uncommon trap: reason=bimorphic action=maybe_recompile pc=0x0000000002dbf934 method=com.android.dx.cf.code.BytecodeArray.parseInstruction(ILcom/android/dx/cf/code/BytecodeArray$Visitor;)I @ 1357

Internal exceptions (7 events):
Event: 0.023 Thread 0x0000000001b8d800 Exception <a 'java/lang/NoSuchMethodError': Method sun.misc.Unsafe.defineClass(Ljava/lang/String;[BII)Ljava/lang/Class; name or signature does not match> (0x00000000eab12f10) thrown at [C:\re\workspace\8-2-build-windows-amd64-cygwin\jdk8u45\3457\hotspot\sr¡™v‚­Ô—?
Event: 0.023 Thread 0x0000000001b8d800 Exception <a 'java/lang/NoSuchMethodError': Method sun.misc.Unsafe.prefetchRead(Ljava/lang/Object;J)V name or signature does not match> (0x00000000eab131a0) thrown at [C:\re\workspace\8-2-build-windows-amd64-cygwin\jdk8u45\3457\hotspot\src\share\vm\prims\jÑ$\uj}å?
Event: 0.672 Thread 0x000000005675c800 Implicit null exception at 0x0000000002b266d2 to 0x0000000002b267d1
Event: 0.975 Thread 0x0000000001b8d800 Exception <a 'java/lang/ArrayIndexOutOfBoundsException': 18> (0x00000000ebb3d178) thrown at [C:\re\workspace\8-2-build-windows-amd64-cygwin\jdk8u45\3457\hotspot\src\share\vm\interpreter\interpreterRuntime.cpp, line 366]
Event: 0.975 Thread 0x0000000001b8d800 Exception <a 'java/lang/ArrayIndexOutOfBoundsException': 145> (0x00000000ebb3ec48) thrown at [C:\re\workspace\8-2-build-windows-amd64-cygwin\jdk8u45\3457\hotspot\src\share\vm\interpreter\interpreterRuntime.cpp, line 366]
Event: 0.977 Thread 0x0000000001b8d800 Exception <a 'java/lang/ArrayIndexOutOfBoundsException'> (0x00000000ebb3fe80) thrown at [C:\re\workspace\8-2-build-windows-amd64-cygwin\jdk8u45\3457\hotspot\src\share\vm\runtime\sharedRuntime.cpp, line 605]
Event: 0.985 Thread 0x000000005675c800 Implicit null exception at 0x0000000002b850a0 to 0x0000000002b867fd

Events (10 events):
Event: 1.429 Thread 0x0000000056710000 DEOPT PACKING pc=0x0000000002e2251d sp=0x000000005742e7a0
Event: 1.429 Thread 0x0000000056710000 DEOPT UNPACKING pc=0x00000000028b747f sp=0x000000005742e508 mode 0
Event: 1.429 Thread 0x0000000056710000 DEOPT PACKING pc=0x0000000002c38b5e sp=0x000000005742e880
Event: 1.429 Thread 0x0000000056710000 DEOPT UNPACKING pc=0x00000000028b747f sp=0x000000005742e5e8 mode 0
Event: 1.429 Thread 0x0000000056710000 DEOPT PACKING pc=0x0000000002e2251d sp=0x000000005742e7a0
Event: 1.429 Thread 0x0000000056710000 DEOPT UNPACKING pc=0x00000000028b747f sp=0x000000005742e508 mode 0
Event: 1.429 Thread 0x0000000056710000 DEOPT PACKING pc=0x0000000002c38b5e sp=0x000000005742e880
Event: 1.429 Thread 0x0000000056710000 DEOPT UNPACKING pc=0x00000000028b747f sp=0x000000005742e5e8 mode 0
Event: 1.434 Thread 0x0000000056710000 DEOPT PACKING pc=0x0000000002c10d05 sp=0x000000005742e7e0
Event: 1.434 Thread 0x0000000056710000 DEOPT UNPACKING pc=0x00000000028b747f sp=0x000000005742e5c0 mode 0


Dynamic libraries:
0x000000013f830000 - 0x000000013f867000 	D:\JDK\bin\java.exe
0x0000000076df0000 - 0x0000000076f9b000 	C:\Windows\SYSTEM32\ntdll.dll
0x0000000076bd0000 - 0x0000000076cef000 	C:\Windows\system32\kernel32.dll
0x000007fefce40000 - 0x000007fefceab000 	C:\Windows\system32\KERNELBASE.dll
0x000007fefed10000 - 0x000007fefedeb000 	C:\Windows\system32\ADVAPI32.dll
0x000007fefd5f0000 - 0x000007fefd68f000 	C:\Windows\system32\msvcrt.dll
0x000007fefedf0000 - 0x000007fefee0f000 	C:\Windows\SYSTEM32\sechost.dll
0x000007fefd9f0000 - 0x000007fefdb1e000 	C:\Windows\system32\RPCRT4.dll
0x0000000076cf0000 - 0x0000000076dea000 	C:\Windows\system32\USER32.dll
0x000007fefd550000 - 0x000007fefd5b7000 	C:\Windows\system32\GDI32.dll
0x000007fefd780000 - 0x000007fefd78e000 	C:\Windows\system32\LPK.dll
0x000007fefde30000 - 0x000007fefdefa000 	C:\Windows\system32\USP10.dll
0x000007fefb580000 - 0x000007fefb774000 	C:\Windows\WinSxS\amd64_microsoft.windows.common-controls_6595b64144ccf1df_6.0.7600.16385_none_fa645303170382f6\COMCTL32.dll
0x000007fefdf00000 - 0x000007fefdf71000 	C:\Windows\system32\SHLWAPI.dll
0x000007fefd5c0000 - 0x000007fefd5ee000 	C:\Windows\system32\IMM32.DLL
0x000007fefee10000 - 0x000007fefef19000 	C:\Windows\system32\MSCTF.dll
0x00000000666b0000 - 0x0000000066782000 	D:\JDK\bin\msvcr100.dll
0x0000000066790000 - 0x0000000067013000 	D:\JDK\bin\server\jvm.dll
0x000007feeca60000 - 0x000007feeca69000 	C:\Windows\system32\WSOCK32.dll
0x000007fefd730000 - 0x000007fefd77d000 	C:\Windows\system32\WS2_32.dll
0x000007fefdb20000 - 0x000007fefdb28000 	C:\Windows\system32\NSI.dll
0x000007fefadb0000 - 0x000007fefadeb000 	C:\Windows\system32\WINMM.dll
0x000007fefbec0000 - 0x000007fefbecc000 	C:\Windows\system32\VERSION.dll
0x0000000076fc0000 - 0x0000000076fc7000 	C:\Windows\system32\PSAPI.DLL
0x0000000067790000 - 0x000000006779f000 	D:\JDK\bin\verify.dll
0x0000000066680000 - 0x00000000666a9000 	D:\JDK\bin\java.dll
0x0000000066660000 - 0x0000000066676000 	D:\JDK\bin\zip.dll
0x000007fefdf80000 - 0x000007fefed06000 	C:\Windows\system32\SHELL32.dll
0x000007fefd210000 - 0x000007fefd411000 	C:\Windows\system32\ole32.dll
0x000007fefcd50000 - 0x000007fefcd5f000 	C:\Windows\system32\profapi.dll
0x000007feedf20000 - 0x000007feee045000 	C:\Windows\system32\dbghelp.dll

VM Arguments:
jvm_args: -Djava.awt.headless=true -Xmx1024M -Dfile.encoding=GBK -Duser.country=CN -Duser.language=zh -Duser.variant 
java_command: com.android.dx.command.Main --dex --force-jumbo --num-threads=4 --output E:\studio-project\KXG\app\build\intermediates\pre-dexed\debug\RecyclerView_3e3970fb4dc2b1a9c4dd486958ada66cd6a465aa.jar E:\studio-project\KXG\app\libs\RecyclerView.jar
java_class_path (initial): E:\android-sdk1\build-tools\24.0.0-preview\lib\dx.jar
Launcher Type: SUN_STANDARD

Environment Variables:
JAVA_HOME=D:\JDK\
CLASSPATH=.;D:\JDK\\lib\tools.jar
PATH=C:\ProgramData\Oracle\Java\javapath;C:\Windows\system32;C:\Windows;C:\Windows\System32\Wbem;C:\Windows\System32\WindowsPowerShell\v1.0\;C:\Program Files (x86)\Windows7Master;D:\SVN\bin;D:\mysql\bin;D:\JDK\\bin;E:\android-sdk\platform-tools;E:\android-sdk\tools;E:\android-sdk1\platform-tools;E:\android-sdk1\tools
USERNAME=Administrator
OS=Windows_NT
PROCESSOR_IDENTIFIER=Intel64 Family 6 Model 60 Stepping 3, GenuineIntel



---------------  S Y S T E M  ---------------

OS: Windows 7 , 64 bit Build 7600 (6.1.7600.16385)

CPU:total 4 (4 cores per cpu, 1 threads per core) family 6 model 60 stepping 3, cmov, cx8, fxsr, mmx, sse, sse2, sse3, ssse3, sse4.1, sse4.2, popcnt, aes, clmul, erms, lzcnt, tsc, tscinvbit, bmi1, bmi2

Memory: 4k page, physical 8256464k(2252416k free), swap 8254568k(5124k free)

vm_info: Java HotSpot(TM) 64-Bit Server VM (25.45-b02) for windows-amd64 JRE (1.8.0_45-b14), built on Apr 10 2015 10:34:15 by "java_re" with MS VC++ 10.0 (VS2010)

time: Tue Apr 19 10:12:31 2016
elapsed time: 1 seconds (0d 0h 0m 1s)

